<?xml version="1.0" encoding="UTF-8"?>
<testsuite xmlns:xsi="http://www.w3.org/2001/XMLSchema-instance" xsi:noNamespaceSchemaLocation="https://maven.apache.org/surefire/maven-surefire-plugin/xsd/surefire-test-report.xsd" version="3.0.2" name="com.game.wallet.service.WalletServiceIntegrationTest" time="6.42" tests="6" errors="0" skipped="0" failures="0">
  <properties>
[...]
</properties>
  <testcase name="testConcurrentSpends" classname="WalletService Integration Tests" time="0.598">
    <system-out><![CDATA[2026-02-07T11:02:12.393+05:30  INFO 12972 --- [           main] t.c.s.AnnotationConfigContextLoaderUtils : Could not detect default configuration classes for test class [com.game.wallet.service.WalletServiceIntegrationTest]: WalletServiceIntegrationTest does not declare any static, non-private, non-final, nested classes annotated with @Configuration.
2026-02-07T11:02:12.427+05:30  INFO 12972 --- [           main] .b.t.c.SpringBootTestContextBootstrapper : Found @SpringBootConfiguration com.game.wallet.WalletApplication for test class com.game.wallet.service.WalletServiceIntegrationTest

  .   ____          _            __ _ _
 /\\ / ___'_ __ _ _(_)_ __  __ _ \ \ \ \
( ( )\___ | '_ | '_| | '_ \/ _` | \ \ \ \
 \\/  ___)| |_)| | | | | || (_| |  ) ) ) )
  '  |____| .__|_| |_|_| |_\__, | / / / /
 =========|_|==============|___/=/_/_/_/

 :: Spring Boot ::               (v3.5.10)

2026-02-07T11:02:12.481+05:30  INFO 12972 --- [           main] c.g.w.s.WalletServiceIntegrationTest     : Starting WalletServiceIntegrationTest using Java 25.0.2 with PID 12972 (started by deven in S:\GameWallet\wallet-service)
2026-02-07T11:02:12.481+05:30 DEBUG 12972 --- [           main] c.g.w.s.WalletServiceIntegrationTest     : Running with Spring Boot v3.5.10, Spring v6.2.15
2026-02-07T11:02:12.481+05:30  INFO 12972 --- [           main] c.g.w.s.WalletServiceIntegrationTest     : The following 1 profile is active: "test"
2026-02-07T11:02:13.477+05:30  INFO 12972 --- [           main] .s.d.r.c.RepositoryConfigurationDelegate : Bootstrapping Spring Data JPA repositories in DEFAULT mode.
2026-02-07T11:02:13.562+05:30  INFO 12972 --- [           main] .s.d.r.c.RepositoryConfigurationDelegate : Finished Spring Data repository scanning in 65 ms. Found 4 JPA repository interfaces.
2026-02-07T11:02:13.988+05:30  INFO 12972 --- [           main] o.hibernate.jpa.internal.util.LogHelper  : HHH000204: Processing PersistenceUnitInfo [name: default]
2026-02-07T11:02:14.119+05:30  INFO 12972 --- [           main] org.hibernate.Version                    : HHH000412: Hibernate ORM core version 6.6.41.Final
2026-02-07T11:02:14.192+05:30  INFO 12972 --- [           main] o.h.c.internal.RegionFactoryInitiator    : HHH000026: Second-level cache disabled
2026-02-07T11:02:14.396+05:30  INFO 12972 --- [           main] o.s.o.j.p.SpringPersistenceUnitInfo      : No LoadTimeWeaver setup: ignoring JPA class transformer
2026-02-07T11:02:14.449+05:30  INFO 12972 --- [           main] com.zaxxer.hikari.HikariDataSource       : HikariPool-1 - Starting...
2026-02-07T11:02:14.761+05:30  INFO 12972 --- [           main] com.zaxxer.hikari.pool.HikariPool        : HikariPool-1 - Added connection conn0: url=jdbc:h2:mem:testdb user=SA
2026-02-07T11:02:14.763+05:30  INFO 12972 --- [           main] com.zaxxer.hikari.HikariDataSource       : HikariPool-1 - Start completed.
2026-02-07T11:02:14.809+05:30  WARN 12972 --- [           main] org.hibernate.orm.deprecation            : HHH90000025: H2Dialect does not need to be specified explicitly using 'hibernate.dialect' (remove the property setting and it will be selected by default)
2026-02-07T11:02:14.838+05:30  INFO 12972 --- [           main] org.hibernate.orm.connections.pooling    : HHH10001005: Database info:
	Database JDBC URL [Connecting through datasource 'HikariDataSource (HikariPool-1)']
	Database driver: undefined/unknown
	Database version: 2.3.232
	Autocommit mode: undefined/unknown
	Isolation level: undefined/unknown
	Minimum pool size: undefined/unknown
	Maximum pool size: undefined/unknown
2026-02-07T11:02:15.798+05:30  INFO 12972 --- [           main] o.h.e.t.j.p.i.JtaPlatformInitiator       : HHH000489: No JTA platform available (set 'hibernate.transaction.jta.platform' to enable JTA platform integration)
2026-02-07T11:02:15.815+05:30 DEBUG 12972 --- [           main] org.hibernate.SQL                        : 
    drop table if exists asset cascade 
Hibernate: 
    drop table if exists asset cascade 
2026-02-07T11:02:15.819+05:30 DEBUG 12972 --- [           main] org.hibernate.SQL                        : 
    drop table if exists idempotency_key cascade 
Hibernate: 
    drop table if exists idempotency_key cascade 
2026-02-07T11:02:15.819+05:30 DEBUG 12972 --- [           main] org.hibernate.SQL                        : 
    drop table if exists ledger_entry cascade 
Hibernate: 
    drop table if exists ledger_entry cascade 
2026-02-07T11:02:15.819+05:30 DEBUG 12972 --- [           main] org.hibernate.SQL                        : 
    drop table if exists wallet cascade 
Hibernate: 
    drop table if exists wallet cascade 
2026-02-07T11:02:15.825+05:30 DEBUG 12972 --- [           main] org.hibernate.SQL                        : 
    create table asset (
        limited_supply boolean not null,
        code varchar(20) not null,
        primary key (code)
    )
Hibernate: 
    create table asset (
        limited_supply boolean not null,
        code varchar(20) not null,
        primary key (code)
    )
2026-02-07T11:02:15.831+05:30 DEBUG 12972 --- [           main] org.hibernate.SQL                        : 
    create table idempotency_key (
        created_at timestamp(6) not null,
        id bigint generated by default as identity,
        operation varchar(50) not null,
        idempotency_key varchar(255) not null,
        primary key (id),
        constraint uk_idempotency_key_operation unique (idempotency_key, operation)
    )
Hibernate: 
    create table idempotency_key (
        created_at timestamp(6) not null,
        id bigint generated by default as identity,
        operation varchar(50) not null,
        idempotency_key varchar(255) not null,
        primary key (id),
        constraint uk_idempotency_key_operation unique (idempotency_key, operation)
    )
2026-02-07T11:02:15.837+05:30 DEBUG 12972 --- [           main] org.hibernate.SQL                        : 
    create table ledger_entry (
        amount bigint not null,
        created_at timestamp(6) not null,
        id bigint generated by default as identity,
        asset varchar(20) not null,
        credit_user varchar(100) not null,
        debit_user varchar(100) not null,
        reference varchar(500),
        idempotency_key varchar(255) not null,
        primary key (id)
    )
Hibernate: 
    create table ledger_entry (
        amount bigint not null,
        created_at timestamp(6) not null,
        id bigint generated by default as identity,
        asset varchar(20) not null,
        credit_user varchar(100) not null,
        debit_user varchar(100) not null,
        reference varchar(500),
        idempotency_key varchar(255) not null,
        primary key (id)
    )
2026-02-07T11:02:15.838+05:30 DEBUG 12972 --- [           main] org.hibernate.SQL                        : 
    create table wallet (
        balance bigint not null,
        created_at timestamp(6) not null,
        updated_at timestamp(6) not null,
        version bigint not null,
        asset varchar(20) not null,
        user_id varchar(100) not null,
        primary key (asset, user_id)
    )
Hibernate: 
    create table wallet (
        balance bigint not null,
        created_at timestamp(6) not null,
        updated_at timestamp(6) not null,
        version bigint not null,
        asset varchar(20) not null,
        user_id varchar(100) not null,
        primary key (asset, user_id)
    )
2026-02-07T11:02:15.839+05:30 DEBUG 12972 --- [           main] org.hibernate.SQL                        : 
    create index idx_ledger_idempotency 
       on ledger_entry (idempotency_key)
Hibernate: 
    create index idx_ledger_idempotency 
       on ledger_entry (idempotency_key)
2026-02-07T11:02:15.840+05:30 DEBUG 12972 --- [           main] org.hibernate.SQL                        : 
    create index idx_ledger_debit_user 
       on ledger_entry (debit_user)
Hibernate: 
    create index idx_ledger_debit_user 
       on ledger_entry (debit_user)
2026-02-07T11:02:15.840+05:30 DEBUG 12972 --- [           main] org.hibernate.SQL                        : 
    create index idx_ledger_credit_user 
       on ledger_entry (credit_user)
Hibernate: 
    create index idx_ledger_credit_user 
       on ledger_entry (credit_user)
2026-02-07T11:02:15.843+05:30  INFO 12972 --- [           main] j.LocalContainerEntityManagerFactoryBean : Initialized JPA EntityManagerFactory for persistence unit 'default'
2026-02-07T11:02:16.233+05:30  INFO 12972 --- [           main] o.s.d.j.r.query.QueryEnhancerFactory     : Hibernate is in classpath; If applicable, HQL parser will be used.
2026-02-07T11:02:16.929+05:30  WARN 12972 --- [           main] JpaBaseConfiguration$JpaWebConfiguration : spring.jpa.open-in-view is enabled by default. Therefore, database queries may be performed during view rendering. Explicitly configure spring.jpa.open-in-view to disable this warning
2026-02-07T11:02:17.433+05:30  INFO 12972 --- [           main] o.s.b.a.e.web.EndpointLinksResolver      : Exposing 1 endpoint beneath base path '/actuator'
2026-02-07T11:02:17.541+05:30  INFO 12972 --- [           main] c.g.w.s.WalletServiceIntegrationTest     : Started WalletServiceIntegrationTest in 5.103 seconds (process running for 11.411)
2026-02-07T11:02:17.743+05:30 DEBUG 12972 --- [           main] org.hibernate.SQL                        : 
    select
        ik1_0.id,
        ik1_0.created_at,
        ik1_0.idempotency_key,
        ik1_0.operation 
    from
        idempotency_key ik1_0
Hibernate: 
    select
        ik1_0.id,
        ik1_0.created_at,
        ik1_0.idempotency_key,
        ik1_0.operation 
    from
        idempotency_key ik1_0
2026-02-07T11:02:17.832+05:30 DEBUG 12972 --- [           main] org.hibernate.SQL                        : 
    select
        le1_0.id,
        le1_0.amount,
        le1_0.asset,
        le1_0.created_at,
        le1_0.credit_user,
        le1_0.debit_user,
        le1_0.idempotency_key,
        le1_0.reference 
    from
        ledger_entry le1_0
Hibernate: 
    select
        le1_0.id,
        le1_0.amount,
        le1_0.asset,
        le1_0.created_at,
        le1_0.credit_user,
        le1_0.debit_user,
        le1_0.idempotency_key,
        le1_0.reference 
    from
        ledger_entry le1_0
2026-02-07T11:02:17.835+05:30 DEBUG 12972 --- [           main] org.hibernate.SQL                        : 
    select
        w1_0.asset,
        w1_0.user_id,
        w1_0.balance,
        w1_0.created_at,
        w1_0.updated_at,
        w1_0.version 
    from
        wallet w1_0
Hibernate: 
    select
        w1_0.asset,
        w1_0.user_id,
        w1_0.balance,
        w1_0.created_at,
        w1_0.updated_at,
        w1_0.version 
    from
        wallet w1_0
2026-02-07T11:02:17.840+05:30 DEBUG 12972 --- [           main] org.hibernate.SQL                        : 
    select
        a1_0.code,
        a1_0.limited_supply 
    from
        asset a1_0
Hibernate: 
    select
        a1_0.code,
        a1_0.limited_supply 
    from
        asset a1_0
2026-02-07T11:02:17.853+05:30 DEBUG 12972 --- [           main] org.hibernate.SQL                        : 
    select
        a1_0.code,
        a1_0.limited_supply 
    from
        asset a1_0 
    where
        a1_0.code=?
Hibernate: 
    select
        a1_0.code,
        a1_0.limited_supply 
    from
        asset a1_0 
    where
        a1_0.code=?
2026-02-07T11:02:17.883+05:30 DEBUG 12972 --- [           main] org.hibernate.SQL                        : 
    insert 
    into
        asset
        (limited_supply, code) 
    values
        (?, ?)
Hibernate: 
    insert 
    into
        asset
        (limited_supply, code) 
    values
        (?, ?)
2026-02-07T11:02:17.889+05:30 DEBUG 12972 --- [           main] org.hibernate.SQL                        : 
    select
        a1_0.code,
        a1_0.limited_supply 
    from
        asset a1_0 
    where
        a1_0.code=?
Hibernate: 
    select
        a1_0.code,
        a1_0.limited_supply 
    from
        asset a1_0 
    where
        a1_0.code=?
2026-02-07T11:02:17.891+05:30 DEBUG 12972 --- [           main] org.hibernate.SQL                        : 
    insert 
    into
        asset
        (limited_supply, code) 
    values
        (?, ?)
Hibernate: 
    insert 
    into
        asset
        (limited_supply, code) 
    values
        (?, ?)
2026-02-07T11:02:17.900+05:30 DEBUG 12972 --- [           main] org.hibernate.SQL                        : 
    insert 
    into
        wallet
        (balance, created_at, updated_at, version, asset, user_id) 
    values
        (?, ?, ?, ?, ?, ?)
Hibernate: 
    insert 
    into
        wallet
        (balance, created_at, updated_at, version, asset, user_id) 
    values
        (?, ?, ?, ?, ?, ?)
2026-02-07T11:02:17.904+05:30 DEBUG 12972 --- [           main] org.hibernate.SQL                        : 
    insert 
    into
        wallet
        (balance, created_at, updated_at, version, asset, user_id) 
    values
        (?, ?, ?, ?, ?, ?)
Hibernate: 
    insert 
    into
        wallet
        (balance, created_at, updated_at, version, asset, user_id) 
    values
        (?, ?, ?, ?, ?, ?)
2026-02-07T11:02:17.970+05:30 DEBUG 12972 --- [pool-3-thread-5] org.hibernate.SQL                        : 
    select
        ik1_0.id 
    from
        idempotency_key ik1_0 
    where
        ik1_0.idempotency_key=? 
        and ik1_0.operation=? 
    fetch
        first ? rows only
Hibernate: 
    select
        ik1_0.id 
    from
        idempotency_key ik1_0 
    where
        ik1_0.idempotency_key=? 
        and ik1_0.operation=? 
    fetch
        first ? rows only
2026-02-07T11:02:17.970+05:30 DEBUG 12972 --- [pool-3-thread-3] org.hibernate.SQL                        : 
    select
        ik1_0.id 
    from
        idempotency_key ik1_0 
    where
        ik1_0.idempotency_key=? 
        and ik1_0.operation=? 
    fetch
        first ? rows only
Hibernate: 
    select
        ik1_0.id 
    from
        idempotency_key ik1_0 
    where
        ik1_0.idempotency_key=? 
        and ik1_0.operation=? 
    fetch
        first ? rows only
2026-02-07T11:02:17.970+05:30 DEBUG 12972 --- [pool-3-thread-1] org.hibernate.SQL                        : 
    select
        ik1_0.id 
    from
        idempotency_key ik1_0 
    where
        ik1_0.idempotency_key=? 
        and ik1_0.operation=? 
    fetch
        first ? rows only
Hibernate: 
    select
        ik1_0.id 
    from
        idempotency_key ik1_0 
    where
        ik1_0.idempotency_key=? 
        and ik1_0.operation=? 
    fetch
        first ? rows only
2026-02-07T11:02:17.970+05:30 DEBUG 12972 --- [pool-3-thread-2] org.hibernate.SQL                        : 
    select
        ik1_0.id 
    from
        idempotency_key ik1_0 
    where
        ik1_0.idempotency_key=? 
        and ik1_0.operation=? 
    fetch
        first ? rows only
Hibernate: 
    select
        ik1_0.id 
    from
        idempotency_key ik1_0 
    where
        ik1_0.idempotency_key=? 
        and ik1_0.operation=? 
    fetch
        first ? rows only
2026-02-07T11:02:17.970+05:30 DEBUG 12972 --- [pool-3-thread-4] org.hibernate.SQL                        : 
    select
        ik1_0.id 
    from
        idempotency_key ik1_0 
    where
        ik1_0.idempotency_key=? 
        and ik1_0.operation=? 
    fetch
        first ? rows only
Hibernate: 
    select
        ik1_0.id 
    from
        idempotency_key ik1_0 
    where
        ik1_0.idempotency_key=? 
        and ik1_0.operation=? 
    fetch
        first ? rows only
2026-02-07T11:02:18.016+05:30 DEBUG 12972 --- [pool-3-thread-3] org.hibernate.SQL                        : 
    select
        w1_0.asset,
        w1_0.user_id,
        w1_0.balance,
        w1_0.created_at,
        w1_0.updated_at,
        w1_0.version 
    from
        wallet w1_0 
    where
        w1_0.user_id=? 
        and w1_0.asset=? for update
Hibernate: 
    select
        w1_0.asset,
        w1_0.user_id,
        w1_0.balance,
        w1_0.created_at,
        w1_0.updated_at,
        w1_0.version 
    from
        wallet w1_0 
    where
        w1_0.user_id=? 
        and w1_0.asset=? for update
2026-02-07T11:02:18.016+05:30 DEBUG 12972 --- [pool-3-thread-1] org.hibernate.SQL                        : 
    select
        w1_0.asset,
        w1_0.user_id,
        w1_0.balance,
        w1_0.created_at,
        w1_0.updated_at,
        w1_0.version 
    from
        wallet w1_0 
    where
        w1_0.user_id=? 
        and w1_0.asset=? for update
Hibernate: 
    select
        w1_0.asset,
        w1_0.user_id,
        w1_0.balance,
        w1_0.created_at,
        w1_0.updated_at,
        w1_0.version 
    from
        wallet w1_0 
    where
        w1_0.user_id=? 
        and w1_0.asset=? for update
2026-02-07T11:02:18.016+05:30 DEBUG 12972 --- [pool-3-thread-2] org.hibernate.SQL                        : 
    select
        w1_0.asset,
        w1_0.user_id,
        w1_0.balance,
        w1_0.created_at,
        w1_0.updated_at,
        w1_0.version 
    from
        wallet w1_0 
    where
        w1_0.user_id=? 
        and w1_0.asset=? for update
Hibernate: 
    select
        w1_0.asset,
        w1_0.user_id,
        w1_0.balance,
        w1_0.created_at,
        w1_0.updated_at,
        w1_0.version 
    from
        wallet w1_0 
    where
        w1_0.user_id=? 
        and w1_0.asset=? for update
2026-02-07T11:02:18.016+05:30 DEBUG 12972 --- [pool-3-thread-4] org.hibernate.SQL                        : 
    select
        w1_0.asset,
        w1_0.user_id,
        w1_0.balance,
        w1_0.created_at,
        w1_0.updated_at,
        w1_0.version 
    from
        wallet w1_0 
    where
        w1_0.user_id=? 
        and w1_0.asset=? for update
Hibernate: 
    select
        w1_0.asset,
        w1_0.user_id,
        w1_0.balance,
        w1_0.created_at,
        w1_0.updated_at,
        w1_0.version 
    from
        wallet w1_0 
    where
        w1_0.user_id=? 
        and w1_0.asset=? for update
2026-02-07T11:02:18.016+05:30 DEBUG 12972 --- [pool-3-thread-5] org.hibernate.SQL                        : 
    select
        w1_0.asset,
        w1_0.user_id,
        w1_0.balance,
        w1_0.created_at,
        w1_0.updated_at,
        w1_0.version 
    from
        wallet w1_0 
    where
        w1_0.user_id=? 
        and w1_0.asset=? for update
Hibernate: 
    select
        w1_0.asset,
        w1_0.user_id,
        w1_0.balance,
        w1_0.created_at,
        w1_0.updated_at,
        w1_0.version 
    from
        wallet w1_0 
    where
        w1_0.user_id=? 
        and w1_0.asset=? for update
2026-02-07T11:02:18.041+05:30 DEBUG 12972 --- [pool-3-thread-4] org.hibernate.SQL                        : 
    select
        a1_0.code,
        a1_0.limited_supply 
    from
        asset a1_0 
    where
        a1_0.code=?
Hibernate: 
    select
        a1_0.code,
        a1_0.limited_supply 
    from
        asset a1_0 
    where
        a1_0.code=?
2026-02-07T11:02:18.061+05:30 DEBUG 12972 --- [pool-3-thread-4] org.hibernate.SQL                        : 
    update
        wallet 
    set
        balance=?,
        updated_at=?,
        version=? 
    where
        asset=? 
        and user_id=? 
        and version=?
Hibernate: 
    update
        wallet 
    set
        balance=?,
        updated_at=?,
        version=? 
    where
        asset=? 
        and user_id=? 
        and version=?
2026-02-07T11:02:18.072+05:30 DEBUG 12972 --- [pool-3-thread-4] org.hibernate.SQL                        : 
    select
        w1_0.asset,
        w1_0.user_id,
        w1_0.balance,
        w1_0.created_at,
        w1_0.updated_at,
        w1_0.version 
    from
        wallet w1_0 
    where
        w1_0.user_id=? 
        and w1_0.asset=? for update
Hibernate: 
    select
        w1_0.asset,
        w1_0.user_id,
        w1_0.balance,
        w1_0.created_at,
        w1_0.updated_at,
        w1_0.version 
    from
        wallet w1_0 
    where
        w1_0.user_id=? 
        and w1_0.asset=? for update
2026-02-07T11:02:18.080+05:30 DEBUG 12972 --- [pool-3-thread-4] org.hibernate.SQL                        : 
    insert 
    into
        ledger_entry
        (amount, asset, created_at, credit_user, debit_user, idempotency_key, reference, id) 
    values
        (?, ?, ?, ?, ?, ?, ?, default)
Hibernate: 
    insert 
    into
        ledger_entry
        (amount, asset, created_at, credit_user, debit_user, idempotency_key, reference, id) 
    values
        (?, ?, ?, ?, ?, ?, ?, default)
2026-02-07T11:02:18.106+05:30 DEBUG 12972 --- [pool-3-thread-4] org.hibernate.SQL                        : 
    insert 
    into
        idempotency_key
        (created_at, idempotency_key, operation, id) 
    values
        (?, ?, ?, default)
Hibernate: 
    insert 
    into
        idempotency_key
        (created_at, idempotency_key, operation, id) 
    values
        (?, ?, ?, default)
2026-02-07T11:02:18.111+05:30 DEBUG 12972 --- [pool-3-thread-4] org.hibernate.SQL                        : 
    update
        wallet 
    set
        balance=?,
        updated_at=?,
        version=? 
    where
        asset=? 
        and user_id=? 
        and version=?
Hibernate: 
    update
        wallet 
    set
        balance=?,
        updated_at=?,
        version=? 
    where
        asset=? 
        and user_id=? 
        and version=?
2026-02-07T11:02:18.117+05:30 DEBUG 12972 --- [pool-3-thread-2] org.hibernate.SQL                        : 
    select
        a1_0.code,
        a1_0.limited_supply 
    from
        asset a1_0 
    where
        a1_0.code=?
Hibernate: 
    select
        a1_0.code,
        a1_0.limited_supply 
    from
        asset a1_0 
    where
        a1_0.code=?
2026-02-07T11:02:18.123+05:30 DEBUG 12972 --- [pool-3-thread-2] org.hibernate.SQL                        : 
    update
        wallet 
    set
        balance=?,
        updated_at=?,
        version=? 
    where
        asset=? 
        and user_id=? 
        and version=?
Hibernate: 
    update
        wallet 
    set
        balance=?,
        updated_at=?,
        version=? 
    where
        asset=? 
        and user_id=? 
        and version=?
2026-02-07T11:02:18.127+05:30 DEBUG 12972 --- [pool-3-thread-2] org.hibernate.SQL                        : 
    select
        w1_0.asset,
        w1_0.user_id,
        w1_0.balance,
        w1_0.created_at,
        w1_0.updated_at,
        w1_0.version 
    from
        wallet w1_0 
    where
        w1_0.user_id=? 
        and w1_0.asset=? for update
Hibernate: 
    select
        w1_0.asset,
        w1_0.user_id,
        w1_0.balance,
        w1_0.created_at,
        w1_0.updated_at,
        w1_0.version 
    from
        wallet w1_0 
    where
        w1_0.user_id=? 
        and w1_0.asset=? for update
2026-02-07T11:02:18.132+05:30 DEBUG 12972 --- [pool-3-thread-2] org.hibernate.SQL                        : 
    insert 
    into
        ledger_entry
        (amount, asset, created_at, credit_user, debit_user, idempotency_key, reference, id) 
    values
        (?, ?, ?, ?, ?, ?, ?, default)
Hibernate: 
    insert 
    into
        ledger_entry
        (amount, asset, created_at, credit_user, debit_user, idempotency_key, reference, id) 
    values
        (?, ?, ?, ?, ?, ?, ?, default)
2026-02-07T11:02:18.136+05:30 DEBUG 12972 --- [pool-3-thread-2] org.hibernate.SQL                        : 
    insert 
    into
        idempotency_key
        (created_at, idempotency_key, operation, id) 
    values
        (?, ?, ?, default)
Hibernate: 
    insert 
    into
        idempotency_key
        (created_at, idempotency_key, operation, id) 
    values
        (?, ?, ?, default)
2026-02-07T11:02:18.138+05:30 DEBUG 12972 --- [pool-3-thread-2] org.hibernate.SQL                        : 
    update
        wallet 
    set
        balance=?,
        updated_at=?,
        version=? 
    where
        asset=? 
        and user_id=? 
        and version=?
Hibernate: 
    update
        wallet 
    set
        balance=?,
        updated_at=?,
        version=? 
    where
        asset=? 
        and user_id=? 
        and version=?
2026-02-07T11:02:18.143+05:30 DEBUG 12972 --- [pool-3-thread-5] org.hibernate.SQL                        : 
    select
        a1_0.code,
        a1_0.limited_supply 
    from
        asset a1_0 
    where
        a1_0.code=?
Hibernate: 
    select
        a1_0.code,
        a1_0.limited_supply 
    from
        asset a1_0 
    where
        a1_0.code=?
2026-02-07T11:02:18.147+05:30 DEBUG 12972 --- [pool-3-thread-5] org.hibernate.SQL                        : 
    update
        wallet 
    set
        balance=?,
        updated_at=?,
        version=? 
    where
        asset=? 
        and user_id=? 
        and version=?
Hibernate: 
    update
        wallet 
    set
        balance=?,
        updated_at=?,
        version=? 
    where
        asset=? 
        and user_id=? 
        and version=?
2026-02-07T11:02:18.149+05:30 DEBUG 12972 --- [pool-3-thread-5] org.hibernate.SQL                        : 
    select
        w1_0.asset,
        w1_0.user_id,
        w1_0.balance,
        w1_0.created_at,
        w1_0.updated_at,
        w1_0.version 
    from
        wallet w1_0 
    where
        w1_0.user_id=? 
        and w1_0.asset=? for update
Hibernate: 
    select
        w1_0.asset,
        w1_0.user_id,
        w1_0.balance,
        w1_0.created_at,
        w1_0.updated_at,
        w1_0.version 
    from
        wallet w1_0 
    where
        w1_0.user_id=? 
        and w1_0.asset=? for update
2026-02-07T11:02:18.152+05:30 DEBUG 12972 --- [pool-3-thread-5] org.hibernate.SQL                        : 
    insert 
    into
        ledger_entry
        (amount, asset, created_at, credit_user, debit_user, idempotency_key, reference, id) 
    values
        (?, ?, ?, ?, ?, ?, ?, default)
Hibernate: 
    insert 
    into
        ledger_entry
        (amount, asset, created_at, credit_user, debit_user, idempotency_key, reference, id) 
    values
        (?, ?, ?, ?, ?, ?, ?, default)
2026-02-07T11:02:18.155+05:30 DEBUG 12972 --- [pool-3-thread-5] org.hibernate.SQL                        : 
    insert 
    into
        idempotency_key
        (created_at, idempotency_key, operation, id) 
    values
        (?, ?, ?, default)
Hibernate: 
    insert 
    into
        idempotency_key
        (created_at, idempotency_key, operation, id) 
    values
        (?, ?, ?, default)
2026-02-07T11:02:18.159+05:30 DEBUG 12972 --- [pool-3-thread-5] org.hibernate.SQL                        : 
    update
        wallet 
    set
        balance=?,
        updated_at=?,
        version=? 
    where
        asset=? 
        and user_id=? 
        and version=?
Hibernate: 
    update
        wallet 
    set
        balance=?,
        updated_at=?,
        version=? 
    where
        asset=? 
        and user_id=? 
        and version=?
2026-02-07T11:02:18.163+05:30 DEBUG 12972 --- [pool-3-thread-3] org.hibernate.SQL                        : 
    select
        a1_0.code,
        a1_0.limited_supply 
    from
        asset a1_0 
    where
        a1_0.code=?
Hibernate: 
    select
        a1_0.code,
        a1_0.limited_supply 
    from
        asset a1_0 
    where
        a1_0.code=?
2026-02-07T11:02:18.167+05:30 DEBUG 12972 --- [pool-3-thread-3] org.hibernate.SQL                        : 
    update
        wallet 
    set
        balance=?,
        updated_at=?,
        version=? 
    where
        asset=? 
        and user_id=? 
        and version=?
Hibernate: 
    update
        wallet 
    set
        balance=?,
        updated_at=?,
        version=? 
    where
        asset=? 
        and user_id=? 
        and version=?
2026-02-07T11:02:18.168+05:30 DEBUG 12972 --- [pool-3-thread-3] org.hibernate.SQL                        : 
    select
        w1_0.asset,
        w1_0.user_id,
        w1_0.balance,
        w1_0.created_at,
        w1_0.updated_at,
        w1_0.version 
    from
        wallet w1_0 
    where
        w1_0.user_id=? 
        and w1_0.asset=? for update
Hibernate: 
    select
        w1_0.asset,
        w1_0.user_id,
        w1_0.balance,
        w1_0.created_at,
        w1_0.updated_at,
        w1_0.version 
    from
        wallet w1_0 
    where
        w1_0.user_id=? 
        and w1_0.asset=? for update
2026-02-07T11:02:18.172+05:30 DEBUG 12972 --- [pool-3-thread-3] org.hibernate.SQL                        : 
    insert 
    into
        ledger_entry
        (amount, asset, created_at, credit_user, debit_user, idempotency_key, reference, id) 
    values
        (?, ?, ?, ?, ?, ?, ?, default)
Hibernate: 
    insert 
    into
        ledger_entry
        (amount, asset, created_at, credit_user, debit_user, idempotency_key, reference, id) 
    values
        (?, ?, ?, ?, ?, ?, ?, default)
2026-02-07T11:02:18.175+05:30 DEBUG 12972 --- [pool-3-thread-3] org.hibernate.SQL                        : 
    insert 
    into
        idempotency_key
        (created_at, idempotency_key, operation, id) 
    values
        (?, ?, ?, default)
Hibernate: 
    insert 
    into
        idempotency_key
        (created_at, idempotency_key, operation, id) 
    values
        (?, ?, ?, default)
2026-02-07T11:02:18.180+05:30 DEBUG 12972 --- [pool-3-thread-3] org.hibernate.SQL                        : 
    update
        wallet 
    set
        balance=?,
        updated_at=?,
        version=? 
    where
        asset=? 
        and user_id=? 
        and version=?
Hibernate: 
    update
        wallet 
    set
        balance=?,
        updated_at=?,
        version=? 
    where
        asset=? 
        and user_id=? 
        and version=?
2026-02-07T11:02:18.185+05:30 DEBUG 12972 --- [pool-3-thread-1] org.hibernate.SQL                        : 
    select
        a1_0.code,
        a1_0.limited_supply 
    from
        asset a1_0 
    where
        a1_0.code=?
Hibernate: 
    select
        a1_0.code,
        a1_0.limited_supply 
    from
        asset a1_0 
    where
        a1_0.code=?
2026-02-07T11:02:18.189+05:30 DEBUG 12972 --- [pool-3-thread-1] org.hibernate.SQL                        : 
    update
        wallet 
    set
        balance=?,
        updated_at=?,
        version=? 
    where
        asset=? 
        and user_id=? 
        and version=?
Hibernate: 
    update
        wallet 
    set
        balance=?,
        updated_at=?,
        version=? 
    where
        asset=? 
        and user_id=? 
        and version=?
2026-02-07T11:02:18.192+05:30 DEBUG 12972 --- [pool-3-thread-1] org.hibernate.SQL                        : 
    select
        w1_0.asset,
        w1_0.user_id,
        w1_0.balance,
        w1_0.created_at,
        w1_0.updated_at,
        w1_0.version 
    from
        wallet w1_0 
    where
        w1_0.user_id=? 
        and w1_0.asset=? for update
Hibernate: 
    select
        w1_0.asset,
        w1_0.user_id,
        w1_0.balance,
        w1_0.created_at,
        w1_0.updated_at,
        w1_0.version 
    from
        wallet w1_0 
    where
        w1_0.user_id=? 
        and w1_0.asset=? for update
2026-02-07T11:02:18.195+05:30 DEBUG 12972 --- [pool-3-thread-1] org.hibernate.SQL                        : 
    insert 
    into
        ledger_entry
        (amount, asset, created_at, credit_user, debit_user, idempotency_key, reference, id) 
    values
        (?, ?, ?, ?, ?, ?, ?, default)
Hibernate: 
    insert 
    into
        ledger_entry
        (amount, asset, created_at, credit_user, debit_user, idempotency_key, reference, id) 
    values
        (?, ?, ?, ?, ?, ?, ?, default)
2026-02-07T11:02:18.200+05:30 DEBUG 12972 --- [pool-3-thread-1] org.hibernate.SQL                        : 
    insert 
    into
        idempotency_key
        (created_at, idempotency_key, operation, id) 
    values
        (?, ?, ?, default)
Hibernate: 
    insert 
    into
        idempotency_key
        (created_at, idempotency_key, operation, id) 
    values
        (?, ?, ?, default)
2026-02-07T11:02:18.203+05:30 DEBUG 12972 --- [pool-3-thread-1] org.hibernate.SQL                        : 
    update
        wallet 
    set
        balance=?,
        updated_at=?,
        version=? 
    where
        asset=? 
        and user_id=? 
        and version=?
Hibernate: 
    update
        wallet 
    set
        balance=?,
        updated_at=?,
        version=? 
    where
        asset=? 
        and user_id=? 
        and version=?
2026-02-07T11:02:18.251+05:30 DEBUG 12972 --- [           main] org.hibernate.SQL                        : 
    select
        w1_0.asset,
        w1_0.user_id,
        w1_0.balance,
        w1_0.created_at,
        w1_0.updated_at,
        w1_0.version 
    from
        wallet w1_0 
    where
        w1_0.user_id=? 
        and w1_0.asset=?
Hibernate: 
    select
        w1_0.asset,
        w1_0.user_id,
        w1_0.balance,
        w1_0.created_at,
        w1_0.updated_at,
        w1_0.version 
    from
        wallet w1_0 
    where
        w1_0.user_id=? 
        and w1_0.asset=?
2026-02-07T11:02:18.257+05:30 DEBUG 12972 --- [           main] org.hibernate.SQL                        : 
    select
        w1_0.asset,
        w1_0.user_id,
        w1_0.balance,
        w1_0.created_at,
        w1_0.updated_at,
        w1_0.version 
    from
        wallet w1_0 
    where
        w1_0.user_id=? 
        and w1_0.asset=?
Hibernate: 
    select
        w1_0.asset,
        w1_0.user_id,
        w1_0.balance,
        w1_0.created_at,
        w1_0.updated_at,
        w1_0.version 
    from
        wallet w1_0 
    where
        w1_0.user_id=? 
        and w1_0.asset=?
]]></system-out>
  </testcase>
  <testcase name="testConcurrentTopUps" classname="WalletService Integration Tests" time="0.236">
    <system-out><![CDATA[2026-02-07T11:02:18.273+05:30 DEBUG 12972 --- [           main] org.hibernate.SQL                        : 
    select
        ik1_0.id,
        ik1_0.created_at,
        ik1_0.idempotency_key,
        ik1_0.operation 
    from
        idempotency_key ik1_0
Hibernate: 
    select
        ik1_0.id,
        ik1_0.created_at,
        ik1_0.idempotency_key,
        ik1_0.operation 
    from
        idempotency_key ik1_0
2026-02-07T11:02:18.287+05:30 DEBUG 12972 --- [           main] org.hibernate.SQL                        : 
    delete 
    from
        idempotency_key 
    where
        id=?
Hibernate: 
    delete 
    from
        idempotency_key 
    where
        id=?
2026-02-07T11:02:18.289+05:30 DEBUG 12972 --- [           main] org.hibernate.SQL                        : 
    delete 
    from
        idempotency_key 
    where
        id=?
Hibernate: 
    delete 
    from
        idempotency_key 
    where
        id=?
2026-02-07T11:02:18.291+05:30 DEBUG 12972 --- [           main] org.hibernate.SQL                        : 
    delete 
    from
        idempotency_key 
    where
        id=?
Hibernate: 
    delete 
    from
        idempotency_key 
    where
        id=?
2026-02-07T11:02:18.291+05:30 DEBUG 12972 --- [           main] org.hibernate.SQL                        : 
    delete 
    from
        idempotency_key 
    where
        id=?
Hibernate: 
    delete 
    from
        idempotency_key 
    where
        id=?
2026-02-07T11:02:18.292+05:30 DEBUG 12972 --- [           main] org.hibernate.SQL                        : 
    delete 
    from
        idempotency_key 
    where
        id=?
Hibernate: 
    delete 
    from
        idempotency_key 
    where
        id=?
2026-02-07T11:02:18.296+05:30 DEBUG 12972 --- [           main] org.hibernate.SQL                        : 
    select
        le1_0.id,
        le1_0.amount,
        le1_0.asset,
        le1_0.created_at,
        le1_0.credit_user,
        le1_0.debit_user,
        le1_0.idempotency_key,
        le1_0.reference 
    from
        ledger_entry le1_0
Hibernate: 
    select
        le1_0.id,
        le1_0.amount,
        le1_0.asset,
        le1_0.created_at,
        le1_0.credit_user,
        le1_0.debit_user,
        le1_0.idempotency_key,
        le1_0.reference 
    from
        ledger_entry le1_0
2026-02-07T11:02:18.300+05:30 DEBUG 12972 --- [           main] org.hibernate.SQL                        : 
    delete 
    from
        ledger_entry 
    where
        id=?
Hibernate: 
    delete 
    from
        ledger_entry 
    where
        id=?
2026-02-07T11:02:18.301+05:30 DEBUG 12972 --- [           main] org.hibernate.SQL                        : 
    delete 
    from
        ledger_entry 
    where
        id=?
Hibernate: 
    delete 
    from
        ledger_entry 
    where
        id=?
2026-02-07T11:02:18.302+05:30 DEBUG 12972 --- [           main] org.hibernate.SQL                        : 
    delete 
    from
        ledger_entry 
    where
        id=?
Hibernate: 
    delete 
    from
        ledger_entry 
    where
        id=?
2026-02-07T11:02:18.303+05:30 DEBUG 12972 --- [           main] org.hibernate.SQL                        : 
    delete 
    from
        ledger_entry 
    where
        id=?
Hibernate: 
    delete 
    from
        ledger_entry 
    where
        id=?
2026-02-07T11:02:18.304+05:30 DEBUG 12972 --- [           main] org.hibernate.SQL                        : 
    delete 
    from
        ledger_entry 
    where
        id=?
Hibernate: 
    delete 
    from
        ledger_entry 
    where
        id=?
2026-02-07T11:02:18.306+05:30 DEBUG 12972 --- [           main] org.hibernate.SQL                        : 
    select
        w1_0.asset,
        w1_0.user_id,
        w1_0.balance,
        w1_0.created_at,
        w1_0.updated_at,
        w1_0.version 
    from
        wallet w1_0
Hibernate: 
    select
        w1_0.asset,
        w1_0.user_id,
        w1_0.balance,
        w1_0.created_at,
        w1_0.updated_at,
        w1_0.version 
    from
        wallet w1_0
2026-02-07T11:02:18.310+05:30 DEBUG 12972 --- [           main] org.hibernate.SQL                        : 
    delete 
    from
        wallet 
    where
        asset=? 
        and user_id=? 
        and version=?
Hibernate: 
    delete 
    from
        wallet 
    where
        asset=? 
        and user_id=? 
        and version=?
2026-02-07T11:02:18.311+05:30 DEBUG 12972 --- [           main] org.hibernate.SQL                        : 
    delete 
    from
        wallet 
    where
        asset=? 
        and user_id=? 
        and version=?
Hibernate: 
    delete 
    from
        wallet 
    where
        asset=? 
        and user_id=? 
        and version=?
2026-02-07T11:02:18.315+05:30 DEBUG 12972 --- [           main] org.hibernate.SQL                        : 
    select
        a1_0.code,
        a1_0.limited_supply 
    from
        asset a1_0
Hibernate: 
    select
        a1_0.code,
        a1_0.limited_supply 
    from
        asset a1_0
2026-02-07T11:02:18.319+05:30 DEBUG 12972 --- [           main] org.hibernate.SQL                        : 
    delete 
    from
        asset 
    where
        code=?
Hibernate: 
    delete 
    from
        asset 
    where
        code=?
2026-02-07T11:02:18.321+05:30 DEBUG 12972 --- [           main] org.hibernate.SQL                        : 
    delete 
    from
        asset 
    where
        code=?
Hibernate: 
    delete 
    from
        asset 
    where
        code=?
2026-02-07T11:02:18.323+05:30 DEBUG 12972 --- [           main] org.hibernate.SQL                        : 
    select
        a1_0.code,
        a1_0.limited_supply 
    from
        asset a1_0 
    where
        a1_0.code=?
Hibernate: 
    select
        a1_0.code,
        a1_0.limited_supply 
    from
        asset a1_0 
    where
        a1_0.code=?
2026-02-07T11:02:18.325+05:30 DEBUG 12972 --- [           main] org.hibernate.SQL                        : 
    insert 
    into
        asset
        (limited_supply, code) 
    values
        (?, ?)
Hibernate: 
    insert 
    into
        asset
        (limited_supply, code) 
    values
        (?, ?)
2026-02-07T11:02:18.328+05:30 DEBUG 12972 --- [           main] org.hibernate.SQL                        : 
    select
        a1_0.code,
        a1_0.limited_supply 
    from
        asset a1_0 
    where
        a1_0.code=?
Hibernate: 
    select
        a1_0.code,
        a1_0.limited_supply 
    from
        asset a1_0 
    where
        a1_0.code=?
2026-02-07T11:02:18.330+05:30 DEBUG 12972 --- [           main] org.hibernate.SQL                        : 
    insert 
    into
        asset
        (limited_supply, code) 
    values
        (?, ?)
Hibernate: 
    insert 
    into
        asset
        (limited_supply, code) 
    values
        (?, ?)
2026-02-07T11:02:18.333+05:30 DEBUG 12972 --- [           main] org.hibernate.SQL                        : 
    insert 
    into
        wallet
        (balance, created_at, updated_at, version, asset, user_id) 
    values
        (?, ?, ?, ?, ?, ?)
Hibernate: 
    insert 
    into
        wallet
        (balance, created_at, updated_at, version, asset, user_id) 
    values
        (?, ?, ?, ?, ?, ?)
2026-02-07T11:02:18.338+05:30 DEBUG 12972 --- [           main] org.hibernate.SQL                        : 
    insert 
    into
        wallet
        (balance, created_at, updated_at, version, asset, user_id) 
    values
        (?, ?, ?, ?, ?, ?)
Hibernate: 
    insert 
    into
        wallet
        (balance, created_at, updated_at, version, asset, user_id) 
    values
        (?, ?, ?, ?, ?, ?)
2026-02-07T11:02:18.349+05:30 DEBUG 12972 --- [pool-4-thread-7] org.hibernate.SQL                        : 
    select
        ik1_0.id 
    from
        idempotency_key ik1_0 
    where
        ik1_0.idempotency_key=? 
        and ik1_0.operation=? 
    fetch
        first ? rows only
Hibernate: 
    select
        ik1_0.id 
    from
        idempotency_key ik1_0 
    where
        ik1_0.idempotency_key=? 
        and ik1_0.operation=? 
    fetch
        first ? rows only
2026-02-07T11:02:18.349+05:30 DEBUG 12972 --- [pool-4-thread-5] org.hibernate.SQL                        : 
    select
        ik1_0.id 
    from
        idempotency_key ik1_0 
    where
        ik1_0.idempotency_key=? 
        and ik1_0.operation=? 
    fetch
        first ? rows only
Hibernate: 
    select
        ik1_0.id 
    from
        idempotency_key ik1_0 
    where
        ik1_0.idempotency_key=? 
        and ik1_0.operation=? 
    fetch
        first ? rows only
2026-02-07T11:02:18.349+05:30 DEBUG 12972 --- [pool-4-thread-3] org.hibernate.SQL                        : 
    select
        ik1_0.id 
    from
        idempotency_key ik1_0 
    where
        ik1_0.idempotency_key=? 
        and ik1_0.operation=? 
    fetch
        first ? rows only
Hibernate: 
    select
        ik1_0.id 
    from
        idempotency_key ik1_0 
    where
        ik1_0.idempotency_key=? 
        and ik1_0.operation=? 
    fetch
        first ? rows only
2026-02-07T11:02:18.349+05:30 DEBUG 12972 --- [pool-4-thread-1] org.hibernate.SQL                        : 
    select
        ik1_0.id 
    from
        idempotency_key ik1_0 
    where
        ik1_0.idempotency_key=? 
        and ik1_0.operation=? 
    fetch
        first ? rows only
Hibernate: 
    select
        ik1_0.id 
    from
        idempotency_key ik1_0 
    where
        ik1_0.idempotency_key=? 
        and ik1_0.operation=? 
    fetch
        first ? rows only
2026-02-07T11:02:18.349+05:30 DEBUG 12972 --- [pool-4-thread-6] org.hibernate.SQL                        : 
    select
        ik1_0.id 
    from
        idempotency_key ik1_0 
    where
        ik1_0.idempotency_key=? 
        and ik1_0.operation=? 
    fetch
        first ? rows only
Hibernate: 
    select
        ik1_0.id 
    from
        idempotency_key ik1_0 
    where
        ik1_0.idempotency_key=? 
        and ik1_0.operation=? 
    fetch
        first ? rows only
2026-02-07T11:02:18.350+05:30 DEBUG 12972 --- [pool-4-thread-4] org.hibernate.SQL                        : 
    select
        ik1_0.id 
    from
        idempotency_key ik1_0 
    where
        ik1_0.idempotency_key=? 
        and ik1_0.operation=? 
    fetch
        first ? rows only
Hibernate: 
    select
        ik1_0.id 
    from
        idempotency_key ik1_0 
    where
        ik1_0.idempotency_key=? 
        and ik1_0.operation=? 
    fetch
        first ? rows only
2026-02-07T11:02:18.350+05:30 DEBUG 12972 --- [pool-4-thread-7] org.hibernate.SQL                        : 
    select
        a1_0.code,
        a1_0.limited_supply 
    from
        asset a1_0 
    where
        a1_0.code=?
Hibernate: 
    select
        a1_0.code,
        a1_0.limited_supply 
    from
        asset a1_0 
    where
        a1_0.code=?
2026-02-07T11:02:18.352+05:30 DEBUG 12972 --- [pool-4-thread-1] org.hibernate.SQL                        : 
    select
        a1_0.code,
        a1_0.limited_supply 
    from
        asset a1_0 
    where
        a1_0.code=?
Hibernate: 
    select
        a1_0.code,
        a1_0.limited_supply 
    from
        asset a1_0 
    where
        a1_0.code=?
2026-02-07T11:02:18.352+05:30 DEBUG 12972 --- [ool-4-thread-10] org.hibernate.SQL                        : 
    select
        ik1_0.id 
    from
        idempotency_key ik1_0 
    where
        ik1_0.idempotency_key=? 
        and ik1_0.operation=? 
    fetch
        first ? rows only
Hibernate: 
    select
        ik1_0.id 
    from
        idempotency_key ik1_0 
    where
        ik1_0.idempotency_key=? 
        and ik1_0.operation=? 
    fetch
        first ? rows only
2026-02-07T11:02:18.352+05:30 DEBUG 12972 --- [pool-4-thread-9] org.hibernate.SQL                        : 
    select
        ik1_0.id 
    from
        idempotency_key ik1_0 
    where
        ik1_0.idempotency_key=? 
        and ik1_0.operation=? 
    fetch
        first ? rows only
Hibernate: 
    select
        ik1_0.id 
    from
        idempotency_key ik1_0 
    where
        ik1_0.idempotency_key=? 
        and ik1_0.operation=? 
    fetch
        first ? rows only
2026-02-07T11:02:18.352+05:30 DEBUG 12972 --- [pool-4-thread-3] org.hibernate.SQL                        : 
    select
        a1_0.code,
        a1_0.limited_supply 
    from
        asset a1_0 
    where
        a1_0.code=?
Hibernate: 
    select
        a1_0.code,
        a1_0.limited_supply 
    from
        asset a1_0 
    where
        a1_0.code=?
2026-02-07T11:02:18.353+05:30 DEBUG 12972 --- [pool-4-thread-5] org.hibernate.SQL                        : 
    select
        a1_0.code,
        a1_0.limited_supply 
    from
        asset a1_0 
    where
        a1_0.code=?
Hibernate: 
    select
        a1_0.code,
        a1_0.limited_supply 
    from
        asset a1_0 
    where
        a1_0.code=?
2026-02-07T11:02:18.353+05:30 DEBUG 12972 --- [pool-4-thread-7] org.hibernate.SQL                        : 
    select
        w1_0.asset,
        w1_0.user_id,
        w1_0.balance,
        w1_0.created_at,
        w1_0.updated_at,
        w1_0.version 
    from
        wallet w1_0 
    where
        w1_0.user_id=? 
        and w1_0.asset=? for update
Hibernate: 
    select
        w1_0.asset,
        w1_0.user_id,
        w1_0.balance,
        w1_0.created_at,
        w1_0.updated_at,
        w1_0.version 
    from
        wallet w1_0 
    where
        w1_0.user_id=? 
        and w1_0.asset=? for update
2026-02-07T11:02:18.353+05:30 DEBUG 12972 --- [pool-4-thread-1] org.hibernate.SQL                        : 
    select
        w1_0.asset,
        w1_0.user_id,
        w1_0.balance,
        w1_0.created_at,
        w1_0.updated_at,
        w1_0.version 
    from
        wallet w1_0 
    where
        w1_0.user_id=? 
        and w1_0.asset=? for update
Hibernate: 
    select
        w1_0.asset,
        w1_0.user_id,
        w1_0.balance,
        w1_0.created_at,
        w1_0.updated_at,
        w1_0.version 
    from
        wallet w1_0 
    where
        w1_0.user_id=? 
        and w1_0.asset=? for update
2026-02-07T11:02:18.354+05:30 DEBUG 12972 --- [pool-4-thread-3] org.hibernate.SQL                        : 
    select
        w1_0.asset,
        w1_0.user_id,
        w1_0.balance,
        w1_0.created_at,
        w1_0.updated_at,
        w1_0.version 
    from
        wallet w1_0 
    where
        w1_0.user_id=? 
        and w1_0.asset=? for update
Hibernate: 
    select
        w1_0.asset,
        w1_0.user_id,
        w1_0.balance,
        w1_0.created_at,
        w1_0.updated_at,
        w1_0.version 
    from
        wallet w1_0 
    where
        w1_0.user_id=? 
        and w1_0.asset=? for update
2026-02-07T11:02:18.354+05:30 DEBUG 12972 --- [ool-4-thread-10] org.hibernate.SQL                        : 
    select
        a1_0.code,
        a1_0.limited_supply 
    from
        asset a1_0 
    where
        a1_0.code=?
Hibernate: 
    select
        a1_0.code,
        a1_0.limited_supply 
    from
        asset a1_0 
    where
        a1_0.code=?
2026-02-07T11:02:18.354+05:30 DEBUG 12972 --- [pool-4-thread-4] org.hibernate.SQL                        : 
    select
        a1_0.code,
        a1_0.limited_supply 
    from
        asset a1_0 
    where
        a1_0.code=?
Hibernate: 
    select
        a1_0.code,
        a1_0.limited_supply 
    from
        asset a1_0 
    where
        a1_0.code=?
2026-02-07T11:02:18.354+05:30 DEBUG 12972 --- [pool-4-thread-5] org.hibernate.SQL                        : 
    select
        w1_0.asset,
        w1_0.user_id,
        w1_0.balance,
        w1_0.created_at,
        w1_0.updated_at,
        w1_0.version 
    from
        wallet w1_0 
    where
        w1_0.user_id=? 
        and w1_0.asset=? for update
Hibernate: 
    select
        w1_0.asset,
        w1_0.user_id,
        w1_0.balance,
        w1_0.created_at,
        w1_0.updated_at,
        w1_0.version 
    from
        wallet w1_0 
    where
        w1_0.user_id=? 
        and w1_0.asset=? for update
2026-02-07T11:02:18.354+05:30 DEBUG 12972 --- [pool-4-thread-8] org.hibernate.SQL                        : 
    select
        ik1_0.id 
    from
        idempotency_key ik1_0 
    where
        ik1_0.idempotency_key=? 
        and ik1_0.operation=? 
    fetch
        first ? rows only
Hibernate: 
    select
        ik1_0.id 
    from
        idempotency_key ik1_0 
    where
        ik1_0.idempotency_key=? 
        and ik1_0.operation=? 
    fetch
        first ? rows only
2026-02-07T11:02:18.352+05:30 DEBUG 12972 --- [pool-4-thread-2] org.hibernate.SQL                        : 
    select
        ik1_0.id 
    from
        idempotency_key ik1_0 
    where
        ik1_0.idempotency_key=? 
        and ik1_0.operation=? 
    fetch
        first ? rows only
Hibernate: 
    select
        ik1_0.id 
    from
        idempotency_key ik1_0 
    where
        ik1_0.idempotency_key=? 
        and ik1_0.operation=? 
    fetch
        first ? rows only
2026-02-07T11:02:18.352+05:30 DEBUG 12972 --- [pool-4-thread-6] org.hibernate.SQL                        : 
    select
        a1_0.code,
        a1_0.limited_supply 
    from
        asset a1_0 
    where
        a1_0.code=?
Hibernate: 
    select
        a1_0.code,
        a1_0.limited_supply 
    from
        asset a1_0 
    where
        a1_0.code=?
2026-02-07T11:02:18.356+05:30 DEBUG 12972 --- [pool-4-thread-7] org.hibernate.SQL                        : 
    update
        wallet 
    set
        balance=?,
        updated_at=?,
        version=? 
    where
        asset=? 
        and user_id=? 
        and version=?
Hibernate: 
    update
        wallet 
    set
        balance=?,
        updated_at=?,
        version=? 
    where
        asset=? 
        and user_id=? 
        and version=?
2026-02-07T11:02:18.356+05:30 DEBUG 12972 --- [pool-4-thread-6] org.hibernate.SQL                        : 
    select
        w1_0.asset,
        w1_0.user_id,
        w1_0.balance,
        w1_0.created_at,
        w1_0.updated_at,
        w1_0.version 
    from
        wallet w1_0 
    where
        w1_0.user_id=? 
        and w1_0.asset=? for update
Hibernate: 
    select
        w1_0.asset,
        w1_0.user_id,
        w1_0.balance,
        w1_0.created_at,
        w1_0.updated_at,
        w1_0.version 
    from
        wallet w1_0 
    where
        w1_0.user_id=? 
        and w1_0.asset=? for update
2026-02-07T11:02:18.356+05:30 DEBUG 12972 --- [pool-4-thread-4] org.hibernate.SQL                        : 
    select
        w1_0.asset,
        w1_0.user_id,
        w1_0.balance,
        w1_0.created_at,
        w1_0.updated_at,
        w1_0.version 
    from
        wallet w1_0 
    where
        w1_0.user_id=? 
        and w1_0.asset=? for update
Hibernate: 
    select
        w1_0.asset,
        w1_0.user_id,
        w1_0.balance,
        w1_0.created_at,
        w1_0.updated_at,
        w1_0.version 
    from
        wallet w1_0 
    where
        w1_0.user_id=? 
        and w1_0.asset=? for update
2026-02-07T11:02:18.356+05:30 DEBUG 12972 --- [ool-4-thread-10] org.hibernate.SQL                        : 
    select
        w1_0.asset,
        w1_0.user_id,
        w1_0.balance,
        w1_0.created_at,
        w1_0.updated_at,
        w1_0.version 
    from
        wallet w1_0 
    where
        w1_0.user_id=? 
        and w1_0.asset=? for update
Hibernate: 
    select
        w1_0.asset,
        w1_0.user_id,
        w1_0.balance,
        w1_0.created_at,
        w1_0.updated_at,
        w1_0.version 
    from
        wallet w1_0 
    where
        w1_0.user_id=? 
        and w1_0.asset=? for update
2026-02-07T11:02:18.358+05:30 DEBUG 12972 --- [pool-4-thread-7] org.hibernate.SQL                        : 
    select
        w1_0.asset,
        w1_0.user_id,
        w1_0.balance,
        w1_0.created_at,
        w1_0.updated_at,
        w1_0.version 
    from
        wallet w1_0 
    where
        w1_0.user_id=? 
        and w1_0.asset=? for update
Hibernate: 
    select
        w1_0.asset,
        w1_0.user_id,
        w1_0.balance,
        w1_0.created_at,
        w1_0.updated_at,
        w1_0.version 
    from
        wallet w1_0 
    where
        w1_0.user_id=? 
        and w1_0.asset=? for update
2026-02-07T11:02:18.359+05:30 DEBUG 12972 --- [pool-4-thread-9] org.hibernate.SQL                        : 
    select
        a1_0.code,
        a1_0.limited_supply 
    from
        asset a1_0 
    where
        a1_0.code=?
Hibernate: 
    select
        a1_0.code,
        a1_0.limited_supply 
    from
        asset a1_0 
    where
        a1_0.code=?
2026-02-07T11:02:18.360+05:30 DEBUG 12972 --- [pool-4-thread-8] org.hibernate.SQL                        : 
    select
        a1_0.code,
        a1_0.limited_supply 
    from
        asset a1_0 
    where
        a1_0.code=?
Hibernate: 
    select
        a1_0.code,
        a1_0.limited_supply 
    from
        asset a1_0 
    where
        a1_0.code=?
2026-02-07T11:02:18.359+05:30 DEBUG 12972 --- [pool-4-thread-2] org.hibernate.SQL                        : 
    select
        a1_0.code,
        a1_0.limited_supply 
    from
        asset a1_0 
    where
        a1_0.code=?
Hibernate: 
    select
        a1_0.code,
        a1_0.limited_supply 
    from
        asset a1_0 
    where
        a1_0.code=?
2026-02-07T11:02:18.362+05:30 DEBUG 12972 --- [pool-4-thread-7] org.hibernate.SQL                        : 
    insert 
    into
        ledger_entry
        (amount, asset, created_at, credit_user, debit_user, idempotency_key, reference, id) 
    values
        (?, ?, ?, ?, ?, ?, ?, default)
Hibernate: 
    insert 
    into
        ledger_entry
        (amount, asset, created_at, credit_user, debit_user, idempotency_key, reference, id) 
    values
        (?, ?, ?, ?, ?, ?, ?, default)
2026-02-07T11:02:18.363+05:30 DEBUG 12972 --- [pool-4-thread-2] org.hibernate.SQL                        : 
    select
        w1_0.asset,
        w1_0.user_id,
        w1_0.balance,
        w1_0.created_at,
        w1_0.updated_at,
        w1_0.version 
    from
        wallet w1_0 
    where
        w1_0.user_id=? 
        and w1_0.asset=? for update
Hibernate: 
    select
        w1_0.asset,
        w1_0.user_id,
        w1_0.balance,
        w1_0.created_at,
        w1_0.updated_at,
        w1_0.version 
    from
        wallet w1_0 
    where
        w1_0.user_id=? 
        and w1_0.asset=? for update
2026-02-07T11:02:18.363+05:30 DEBUG 12972 --- [pool-4-thread-9] org.hibernate.SQL                        : 
    select
        w1_0.asset,
        w1_0.user_id,
        w1_0.balance,
        w1_0.created_at,
        w1_0.updated_at,
        w1_0.version 
    from
        wallet w1_0 
    where
        w1_0.user_id=? 
        and w1_0.asset=? for update
Hibernate: 
    select
        w1_0.asset,
        w1_0.user_id,
        w1_0.balance,
        w1_0.created_at,
        w1_0.updated_at,
        w1_0.version 
    from
        wallet w1_0 
    where
        w1_0.user_id=? 
        and w1_0.asset=? for update
2026-02-07T11:02:18.363+05:30 DEBUG 12972 --- [pool-4-thread-8] org.hibernate.SQL                        : 
    select
        w1_0.asset,
        w1_0.user_id,
        w1_0.balance,
        w1_0.created_at,
        w1_0.updated_at,
        w1_0.version 
    from
        wallet w1_0 
    where
        w1_0.user_id=? 
        and w1_0.asset=? for update
Hibernate: 
    select
        w1_0.asset,
        w1_0.user_id,
        w1_0.balance,
        w1_0.created_at,
        w1_0.updated_at,
        w1_0.version 
    from
        wallet w1_0 
    where
        w1_0.user_id=? 
        and w1_0.asset=? for update
2026-02-07T11:02:18.365+05:30 DEBUG 12972 --- [pool-4-thread-7] org.hibernate.SQL                        : 
    insert 
    into
        idempotency_key
        (created_at, idempotency_key, operation, id) 
    values
        (?, ?, ?, default)
Hibernate: 
    insert 
    into
        idempotency_key
        (created_at, idempotency_key, operation, id) 
    values
        (?, ?, ?, default)
2026-02-07T11:02:18.368+05:30 DEBUG 12972 --- [pool-4-thread-7] org.hibernate.SQL                        : 
    update
        wallet 
    set
        balance=?,
        updated_at=?,
        version=? 
    where
        asset=? 
        and user_id=? 
        and version=?
Hibernate: 
    update
        wallet 
    set
        balance=?,
        updated_at=?,
        version=? 
    where
        asset=? 
        and user_id=? 
        and version=?
2026-02-07T11:02:18.372+05:30 DEBUG 12972 --- [pool-4-thread-1] org.hibernate.SQL                        : 
    update
        wallet 
    set
        balance=?,
        updated_at=?,
        version=? 
    where
        asset=? 
        and user_id=? 
        and version=?
Hibernate: 
    update
        wallet 
    set
        balance=?,
        updated_at=?,
        version=? 
    where
        asset=? 
        and user_id=? 
        and version=?
2026-02-07T11:02:18.373+05:30 DEBUG 12972 --- [pool-4-thread-1] org.hibernate.SQL                        : 
    select
        w1_0.asset,
        w1_0.user_id,
        w1_0.balance,
        w1_0.created_at,
        w1_0.updated_at,
        w1_0.version 
    from
        wallet w1_0 
    where
        w1_0.user_id=? 
        and w1_0.asset=? for update
Hibernate: 
    select
        w1_0.asset,
        w1_0.user_id,
        w1_0.balance,
        w1_0.created_at,
        w1_0.updated_at,
        w1_0.version 
    from
        wallet w1_0 
    where
        w1_0.user_id=? 
        and w1_0.asset=? for update
2026-02-07T11:02:18.375+05:30 DEBUG 12972 --- [pool-4-thread-1] org.hibernate.SQL                        : 
    insert 
    into
        ledger_entry
        (amount, asset, created_at, credit_user, debit_user, idempotency_key, reference, id) 
    values
        (?, ?, ?, ?, ?, ?, ?, default)
Hibernate: 
    insert 
    into
        ledger_entry
        (amount, asset, created_at, credit_user, debit_user, idempotency_key, reference, id) 
    values
        (?, ?, ?, ?, ?, ?, ?, default)
2026-02-07T11:02:18.377+05:30 DEBUG 12972 --- [pool-4-thread-1] org.hibernate.SQL                        : 
    insert 
    into
        idempotency_key
        (created_at, idempotency_key, operation, id) 
    values
        (?, ?, ?, default)
Hibernate: 
    insert 
    into
        idempotency_key
        (created_at, idempotency_key, operation, id) 
    values
        (?, ?, ?, default)
2026-02-07T11:02:18.378+05:30 DEBUG 12972 --- [pool-4-thread-1] org.hibernate.SQL                        : 
    update
        wallet 
    set
        balance=?,
        updated_at=?,
        version=? 
    where
        asset=? 
        and user_id=? 
        and version=?
Hibernate: 
    update
        wallet 
    set
        balance=?,
        updated_at=?,
        version=? 
    where
        asset=? 
        and user_id=? 
        and version=?
2026-02-07T11:02:18.382+05:30 DEBUG 12972 --- [pool-4-thread-5] org.hibernate.SQL                        : 
    update
        wallet 
    set
        balance=?,
        updated_at=?,
        version=? 
    where
        asset=? 
        and user_id=? 
        and version=?
Hibernate: 
    update
        wallet 
    set
        balance=?,
        updated_at=?,
        version=? 
    where
        asset=? 
        and user_id=? 
        and version=?
2026-02-07T11:02:18.383+05:30 DEBUG 12972 --- [pool-4-thread-5] org.hibernate.SQL                        : 
    select
        w1_0.asset,
        w1_0.user_id,
        w1_0.balance,
        w1_0.created_at,
        w1_0.updated_at,
        w1_0.version 
    from
        wallet w1_0 
    where
        w1_0.user_id=? 
        and w1_0.asset=? for update
Hibernate: 
    select
        w1_0.asset,
        w1_0.user_id,
        w1_0.balance,
        w1_0.created_at,
        w1_0.updated_at,
        w1_0.version 
    from
        wallet w1_0 
    where
        w1_0.user_id=? 
        and w1_0.asset=? for update
2026-02-07T11:02:18.384+05:30 DEBUG 12972 --- [pool-4-thread-5] org.hibernate.SQL                        : 
    insert 
    into
        ledger_entry
        (amount, asset, created_at, credit_user, debit_user, idempotency_key, reference, id) 
    values
        (?, ?, ?, ?, ?, ?, ?, default)
Hibernate: 
    insert 
    into
        ledger_entry
        (amount, asset, created_at, credit_user, debit_user, idempotency_key, reference, id) 
    values
        (?, ?, ?, ?, ?, ?, ?, default)
2026-02-07T11:02:18.386+05:30 DEBUG 12972 --- [pool-4-thread-5] org.hibernate.SQL                        : 
    insert 
    into
        idempotency_key
        (created_at, idempotency_key, operation, id) 
    values
        (?, ?, ?, default)
Hibernate: 
    insert 
    into
        idempotency_key
        (created_at, idempotency_key, operation, id) 
    values
        (?, ?, ?, default)
2026-02-07T11:02:18.387+05:30 DEBUG 12972 --- [pool-4-thread-5] org.hibernate.SQL                        : 
    update
        wallet 
    set
        balance=?,
        updated_at=?,
        version=? 
    where
        asset=? 
        and user_id=? 
        and version=?
Hibernate: 
    update
        wallet 
    set
        balance=?,
        updated_at=?,
        version=? 
    where
        asset=? 
        and user_id=? 
        and version=?
2026-02-07T11:02:18.389+05:30 DEBUG 12972 --- [pool-4-thread-3] org.hibernate.SQL                        : 
    update
        wallet 
    set
        balance=?,
        updated_at=?,
        version=? 
    where
        asset=? 
        and user_id=? 
        and version=?
Hibernate: 
    update
        wallet 
    set
        balance=?,
        updated_at=?,
        version=? 
    where
        asset=? 
        and user_id=? 
        and version=?
2026-02-07T11:02:18.390+05:30 DEBUG 12972 --- [pool-4-thread-3] org.hibernate.SQL                        : 
    select
        w1_0.asset,
        w1_0.user_id,
        w1_0.balance,
        w1_0.created_at,
        w1_0.updated_at,
        w1_0.version 
    from
        wallet w1_0 
    where
        w1_0.user_id=? 
        and w1_0.asset=? for update
Hibernate: 
    select
        w1_0.asset,
        w1_0.user_id,
        w1_0.balance,
        w1_0.created_at,
        w1_0.updated_at,
        w1_0.version 
    from
        wallet w1_0 
    where
        w1_0.user_id=? 
        and w1_0.asset=? for update
2026-02-07T11:02:18.393+05:30 DEBUG 12972 --- [pool-4-thread-3] org.hibernate.SQL                        : 
    insert 
    into
        ledger_entry
        (amount, asset, created_at, credit_user, debit_user, idempotency_key, reference, id) 
    values
        (?, ?, ?, ?, ?, ?, ?, default)
Hibernate: 
    insert 
    into
        ledger_entry
        (amount, asset, created_at, credit_user, debit_user, idempotency_key, reference, id) 
    values
        (?, ?, ?, ?, ?, ?, ?, default)
2026-02-07T11:02:18.396+05:30 DEBUG 12972 --- [pool-4-thread-3] org.hibernate.SQL                        : 
    insert 
    into
        idempotency_key
        (created_at, idempotency_key, operation, id) 
    values
        (?, ?, ?, default)
Hibernate: 
    insert 
    into
        idempotency_key
        (created_at, idempotency_key, operation, id) 
    values
        (?, ?, ?, default)
2026-02-07T11:02:18.398+05:30 DEBUG 12972 --- [pool-4-thread-3] org.hibernate.SQL                        : 
    update
        wallet 
    set
        balance=?,
        updated_at=?,
        version=? 
    where
        asset=? 
        and user_id=? 
        and version=?
Hibernate: 
    update
        wallet 
    set
        balance=?,
        updated_at=?,
        version=? 
    where
        asset=? 
        and user_id=? 
        and version=?
2026-02-07T11:02:18.402+05:30 DEBUG 12972 --- [pool-4-thread-6] org.hibernate.SQL                        : 
    update
        wallet 
    set
        balance=?,
        updated_at=?,
        version=? 
    where
        asset=? 
        and user_id=? 
        and version=?
Hibernate: 
    update
        wallet 
    set
        balance=?,
        updated_at=?,
        version=? 
    where
        asset=? 
        and user_id=? 
        and version=?
2026-02-07T11:02:18.403+05:30 DEBUG 12972 --- [pool-4-thread-6] org.hibernate.SQL                        : 
    select
        w1_0.asset,
        w1_0.user_id,
        w1_0.balance,
        w1_0.created_at,
        w1_0.updated_at,
        w1_0.version 
    from
        wallet w1_0 
    where
        w1_0.user_id=? 
        and w1_0.asset=? for update
Hibernate: 
    select
        w1_0.asset,
        w1_0.user_id,
        w1_0.balance,
        w1_0.created_at,
        w1_0.updated_at,
        w1_0.version 
    from
        wallet w1_0 
    where
        w1_0.user_id=? 
        and w1_0.asset=? for update
2026-02-07T11:02:18.404+05:30 DEBUG 12972 --- [pool-4-thread-6] org.hibernate.SQL                        : 
    insert 
    into
        ledger_entry
        (amount, asset, created_at, credit_user, debit_user, idempotency_key, reference, id) 
    values
        (?, ?, ?, ?, ?, ?, ?, default)
Hibernate: 
    insert 
    into
        ledger_entry
        (amount, asset, created_at, credit_user, debit_user, idempotency_key, reference, id) 
    values
        (?, ?, ?, ?, ?, ?, ?, default)
2026-02-07T11:02:18.406+05:30 DEBUG 12972 --- [pool-4-thread-6] org.hibernate.SQL                        : 
    insert 
    into
        idempotency_key
        (created_at, idempotency_key, operation, id) 
    values
        (?, ?, ?, default)
Hibernate: 
    insert 
    into
        idempotency_key
        (created_at, idempotency_key, operation, id) 
    values
        (?, ?, ?, default)
2026-02-07T11:02:18.408+05:30 DEBUG 12972 --- [pool-4-thread-6] org.hibernate.SQL                        : 
    update
        wallet 
    set
        balance=?,
        updated_at=?,
        version=? 
    where
        asset=? 
        and user_id=? 
        and version=?
Hibernate: 
    update
        wallet 
    set
        balance=?,
        updated_at=?,
        version=? 
    where
        asset=? 
        and user_id=? 
        and version=?
2026-02-07T11:02:18.411+05:30 DEBUG 12972 --- [pool-4-thread-4] org.hibernate.SQL                        : 
    update
        wallet 
    set
        balance=?,
        updated_at=?,
        version=? 
    where
        asset=? 
        and user_id=? 
        and version=?
Hibernate: 
    update
        wallet 
    set
        balance=?,
        updated_at=?,
        version=? 
    where
        asset=? 
        and user_id=? 
        and version=?
2026-02-07T11:02:18.412+05:30 DEBUG 12972 --- [pool-4-thread-4] org.hibernate.SQL                        : 
    select
        w1_0.asset,
        w1_0.user_id,
        w1_0.balance,
        w1_0.created_at,
        w1_0.updated_at,
        w1_0.version 
    from
        wallet w1_0 
    where
        w1_0.user_id=? 
        and w1_0.asset=? for update
Hibernate: 
    select
        w1_0.asset,
        w1_0.user_id,
        w1_0.balance,
        w1_0.created_at,
        w1_0.updated_at,
        w1_0.version 
    from
        wallet w1_0 
    where
        w1_0.user_id=? 
        and w1_0.asset=? for update
2026-02-07T11:02:18.413+05:30 DEBUG 12972 --- [pool-4-thread-4] org.hibernate.SQL                        : 
    insert 
    into
        ledger_entry
        (amount, asset, created_at, credit_user, debit_user, idempotency_key, reference, id) 
    values
        (?, ?, ?, ?, ?, ?, ?, default)
Hibernate: 
    insert 
    into
        ledger_entry
        (amount, asset, created_at, credit_user, debit_user, idempotency_key, reference, id) 
    values
        (?, ?, ?, ?, ?, ?, ?, default)
2026-02-07T11:02:18.415+05:30 DEBUG 12972 --- [pool-4-thread-4] org.hibernate.SQL                        : 
    insert 
    into
        idempotency_key
        (created_at, idempotency_key, operation, id) 
    values
        (?, ?, ?, default)
Hibernate: 
    insert 
    into
        idempotency_key
        (created_at, idempotency_key, operation, id) 
    values
        (?, ?, ?, default)
2026-02-07T11:02:18.418+05:30 DEBUG 12972 --- [pool-4-thread-4] org.hibernate.SQL                        : 
    update
        wallet 
    set
        balance=?,
        updated_at=?,
        version=? 
    where
        asset=? 
        and user_id=? 
        and version=?
Hibernate: 
    update
        wallet 
    set
        balance=?,
        updated_at=?,
        version=? 
    where
        asset=? 
        and user_id=? 
        and version=?
2026-02-07T11:02:18.421+05:30 DEBUG 12972 --- [ool-4-thread-10] org.hibernate.SQL                        : 
    update
        wallet 
    set
        balance=?,
        updated_at=?,
        version=? 
    where
        asset=? 
        and user_id=? 
        and version=?
Hibernate: 
    update
        wallet 
    set
        balance=?,
        updated_at=?,
        version=? 
    where
        asset=? 
        and user_id=? 
        and version=?
2026-02-07T11:02:18.422+05:30 DEBUG 12972 --- [ool-4-thread-10] org.hibernate.SQL                        : 
    select
        w1_0.asset,
        w1_0.user_id,
        w1_0.balance,
        w1_0.created_at,
        w1_0.updated_at,
        w1_0.version 
    from
        wallet w1_0 
    where
        w1_0.user_id=? 
        and w1_0.asset=? for update
Hibernate: 
    select
        w1_0.asset,
        w1_0.user_id,
        w1_0.balance,
        w1_0.created_at,
        w1_0.updated_at,
        w1_0.version 
    from
        wallet w1_0 
    where
        w1_0.user_id=? 
        and w1_0.asset=? for update
2026-02-07T11:02:18.425+05:30 DEBUG 12972 --- [ool-4-thread-10] org.hibernate.SQL                        : 
    insert 
    into
        ledger_entry
        (amount, asset, created_at, credit_user, debit_user, idempotency_key, reference, id) 
    values
        (?, ?, ?, ?, ?, ?, ?, default)
Hibernate: 
    insert 
    into
        ledger_entry
        (amount, asset, created_at, credit_user, debit_user, idempotency_key, reference, id) 
    values
        (?, ?, ?, ?, ?, ?, ?, default)
2026-02-07T11:02:18.427+05:30 DEBUG 12972 --- [ool-4-thread-10] org.hibernate.SQL                        : 
    insert 
    into
        idempotency_key
        (created_at, idempotency_key, operation, id) 
    values
        (?, ?, ?, default)
Hibernate: 
    insert 
    into
        idempotency_key
        (created_at, idempotency_key, operation, id) 
    values
        (?, ?, ?, default)
2026-02-07T11:02:18.431+05:30 DEBUG 12972 --- [ool-4-thread-10] org.hibernate.SQL                        : 
    update
        wallet 
    set
        balance=?,
        updated_at=?,
        version=? 
    where
        asset=? 
        and user_id=? 
        and version=?
Hibernate: 
    update
        wallet 
    set
        balance=?,
        updated_at=?,
        version=? 
    where
        asset=? 
        and user_id=? 
        and version=?
2026-02-07T11:02:18.434+05:30 DEBUG 12972 --- [pool-4-thread-2] org.hibernate.SQL                        : 
    update
        wallet 
    set
        balance=?,
        updated_at=?,
        version=? 
    where
        asset=? 
        and user_id=? 
        and version=?
Hibernate: 
    update
        wallet 
    set
        balance=?,
        updated_at=?,
        version=? 
    where
        asset=? 
        and user_id=? 
        and version=?
2026-02-07T11:02:18.437+05:30 DEBUG 12972 --- [pool-4-thread-2] org.hibernate.SQL                        : 
    select
        w1_0.asset,
        w1_0.user_id,
        w1_0.balance,
        w1_0.created_at,
        w1_0.updated_at,
        w1_0.version 
    from
        wallet w1_0 
    where
        w1_0.user_id=? 
        and w1_0.asset=? for update
Hibernate: 
    select
        w1_0.asset,
        w1_0.user_id,
        w1_0.balance,
        w1_0.created_at,
        w1_0.updated_at,
        w1_0.version 
    from
        wallet w1_0 
    where
        w1_0.user_id=? 
        and w1_0.asset=? for update
2026-02-07T11:02:18.439+05:30 DEBUG 12972 --- [pool-4-thread-2] org.hibernate.SQL                        : 
    insert 
    into
        ledger_entry
        (amount, asset, created_at, credit_user, debit_user, idempotency_key, reference, id) 
    values
        (?, ?, ?, ?, ?, ?, ?, default)
Hibernate: 
    insert 
    into
        ledger_entry
        (amount, asset, created_at, credit_user, debit_user, idempotency_key, reference, id) 
    values
        (?, ?, ?, ?, ?, ?, ?, default)
2026-02-07T11:02:18.441+05:30 DEBUG 12972 --- [pool-4-thread-2] org.hibernate.SQL                        : 
    insert 
    into
        idempotency_key
        (created_at, idempotency_key, operation, id) 
    values
        (?, ?, ?, default)
Hibernate: 
    insert 
    into
        idempotency_key
        (created_at, idempotency_key, operation, id) 
    values
        (?, ?, ?, default)
2026-02-07T11:02:18.444+05:30 DEBUG 12972 --- [pool-4-thread-2] org.hibernate.SQL                        : 
    update
        wallet 
    set
        balance=?,
        updated_at=?,
        version=? 
    where
        asset=? 
        and user_id=? 
        and version=?
Hibernate: 
    update
        wallet 
    set
        balance=?,
        updated_at=?,
        version=? 
    where
        asset=? 
        and user_id=? 
        and version=?
2026-02-07T11:02:18.447+05:30 DEBUG 12972 --- [pool-4-thread-9] org.hibernate.SQL                        : 
    update
        wallet 
    set
        balance=?,
        updated_at=?,
        version=? 
    where
        asset=? 
        and user_id=? 
        and version=?
Hibernate: 
    update
        wallet 
    set
        balance=?,
        updated_at=?,
        version=? 
    where
        asset=? 
        and user_id=? 
        and version=?
2026-02-07T11:02:18.448+05:30 DEBUG 12972 --- [pool-4-thread-9] org.hibernate.SQL                        : 
    select
        w1_0.asset,
        w1_0.user_id,
        w1_0.balance,
        w1_0.created_at,
        w1_0.updated_at,
        w1_0.version 
    from
        wallet w1_0 
    where
        w1_0.user_id=? 
        and w1_0.asset=? for update
Hibernate: 
    select
        w1_0.asset,
        w1_0.user_id,
        w1_0.balance,
        w1_0.created_at,
        w1_0.updated_at,
        w1_0.version 
    from
        wallet w1_0 
    where
        w1_0.user_id=? 
        and w1_0.asset=? for update
2026-02-07T11:02:18.450+05:30 DEBUG 12972 --- [pool-4-thread-9] org.hibernate.SQL                        : 
    insert 
    into
        ledger_entry
        (amount, asset, created_at, credit_user, debit_user, idempotency_key, reference, id) 
    values
        (?, ?, ?, ?, ?, ?, ?, default)
Hibernate: 
    insert 
    into
        ledger_entry
        (amount, asset, created_at, credit_user, debit_user, idempotency_key, reference, id) 
    values
        (?, ?, ?, ?, ?, ?, ?, default)
2026-02-07T11:02:18.452+05:30 DEBUG 12972 --- [pool-4-thread-9] org.hibernate.SQL                        : 
    insert 
    into
        idempotency_key
        (created_at, idempotency_key, operation, id) 
    values
        (?, ?, ?, default)
Hibernate: 
    insert 
    into
        idempotency_key
        (created_at, idempotency_key, operation, id) 
    values
        (?, ?, ?, default)
2026-02-07T11:02:18.454+05:30 DEBUG 12972 --- [pool-4-thread-9] org.hibernate.SQL                        : 
    update
        wallet 
    set
        balance=?,
        updated_at=?,
        version=? 
    where
        asset=? 
        and user_id=? 
        and version=?
Hibernate: 
    update
        wallet 
    set
        balance=?,
        updated_at=?,
        version=? 
    where
        asset=? 
        and user_id=? 
        and version=?
2026-02-07T11:02:18.459+05:30 DEBUG 12972 --- [pool-4-thread-8] org.hibernate.SQL                        : 
    update
        wallet 
    set
        balance=?,
        updated_at=?,
        version=? 
    where
        asset=? 
        and user_id=? 
        and version=?
Hibernate: 
    update
        wallet 
    set
        balance=?,
        updated_at=?,
        version=? 
    where
        asset=? 
        and user_id=? 
        and version=?
2026-02-07T11:02:18.461+05:30 DEBUG 12972 --- [pool-4-thread-8] org.hibernate.SQL                        : 
    select
        w1_0.asset,
        w1_0.user_id,
        w1_0.balance,
        w1_0.created_at,
        w1_0.updated_at,
        w1_0.version 
    from
        wallet w1_0 
    where
        w1_0.user_id=? 
        and w1_0.asset=? for update
Hibernate: 
    select
        w1_0.asset,
        w1_0.user_id,
        w1_0.balance,
        w1_0.created_at,
        w1_0.updated_at,
        w1_0.version 
    from
        wallet w1_0 
    where
        w1_0.user_id=? 
        and w1_0.asset=? for update
2026-02-07T11:02:18.463+05:30 DEBUG 12972 --- [pool-4-thread-8] org.hibernate.SQL                        : 
    insert 
    into
        ledger_entry
        (amount, asset, created_at, credit_user, debit_user, idempotency_key, reference, id) 
    values
        (?, ?, ?, ?, ?, ?, ?, default)
Hibernate: 
    insert 
    into
        ledger_entry
        (amount, asset, created_at, credit_user, debit_user, idempotency_key, reference, id) 
    values
        (?, ?, ?, ?, ?, ?, ?, default)
2026-02-07T11:02:18.465+05:30 DEBUG 12972 --- [pool-4-thread-8] org.hibernate.SQL                        : 
    insert 
    into
        idempotency_key
        (created_at, idempotency_key, operation, id) 
    values
        (?, ?, ?, default)
Hibernate: 
    insert 
    into
        idempotency_key
        (created_at, idempotency_key, operation, id) 
    values
[...]
        (balance, created_at, updated_at, version, asset, user_id) 
    values
        (?, ?, ?, ?, ?, ?)
Hibernate: 
    insert 
    into
        wallet
        (balance, created_at, updated_at, version, asset, user_id) 
    values
        (?, ?, ?, ?, ?, ?)
2026-02-07T11:02:18.733+05:30 DEBUG 12972 --- [           main] org.hibernate.SQL                        : 
    select
        ik1_0.id 
    from
        idempotency_key ik1_0 
    where
        ik1_0.idempotency_key=? 
        and ik1_0.operation=? 
    fetch
        first ? rows only
Hibernate: 
    select
        ik1_0.id 
    from
        idempotency_key ik1_0 
    where
        ik1_0.idempotency_key=? 
        and ik1_0.operation=? 
    fetch
        first ? rows only
2026-02-07T11:02:18.734+05:30 DEBUG 12972 --- [           main] org.hibernate.SQL                        : 
    select
        a1_0.code,
        a1_0.limited_supply 
    from
        asset a1_0 
    where
        a1_0.code=?
Hibernate: 
    select
        a1_0.code,
        a1_0.limited_supply 
    from
        asset a1_0 
    where
        a1_0.code=?
2026-02-07T11:02:18.735+05:30 DEBUG 12972 --- [           main] org.hibernate.SQL                        : 
    select
        w1_0.asset,
        w1_0.user_id,
        w1_0.balance,
        w1_0.created_at,
        w1_0.updated_at,
        w1_0.version 
    from
        wallet w1_0 
    where
        w1_0.user_id=? 
        and w1_0.asset=? for update
Hibernate: 
    select
        w1_0.asset,
        w1_0.user_id,
        w1_0.balance,
        w1_0.created_at,
        w1_0.updated_at,
        w1_0.version 
    from
        wallet w1_0 
    where
        w1_0.user_id=? 
        and w1_0.asset=? for update
2026-02-07T11:02:18.738+05:30 DEBUG 12972 --- [           main] org.hibernate.SQL                        : 
    update
        wallet 
    set
        balance=?,
        updated_at=?,
        version=? 
    where
        asset=? 
        and user_id=? 
        and version=?
Hibernate: 
    update
        wallet 
    set
        balance=?,
        updated_at=?,
        version=? 
    where
        asset=? 
        and user_id=? 
        and version=?
2026-02-07T11:02:18.738+05:30 DEBUG 12972 --- [           main] org.hibernate.SQL                        : 
    select
        w1_0.asset,
        w1_0.user_id,
        w1_0.balance,
        w1_0.created_at,
        w1_0.updated_at,
        w1_0.version 
    from
        wallet w1_0 
    where
        w1_0.user_id=? 
        and w1_0.asset=? for update
Hibernate: 
    select
        w1_0.asset,
        w1_0.user_id,
        w1_0.balance,
        w1_0.created_at,
        w1_0.updated_at,
        w1_0.version 
    from
        wallet w1_0 
    where
        w1_0.user_id=? 
        and w1_0.asset=? for update
2026-02-07T11:02:18.740+05:30 DEBUG 12972 --- [           main] org.hibernate.SQL                        : 
    insert 
    into
        ledger_entry
        (amount, asset, created_at, credit_user, debit_user, idempotency_key, reference, id) 
    values
        (?, ?, ?, ?, ?, ?, ?, default)
Hibernate: 
    insert 
    into
        ledger_entry
        (amount, asset, created_at, credit_user, debit_user, idempotency_key, reference, id) 
    values
        (?, ?, ?, ?, ?, ?, ?, default)
2026-02-07T11:02:18.741+05:30 DEBUG 12972 --- [           main] org.hibernate.SQL                        : 
    insert 
    into
        idempotency_key
        (created_at, idempotency_key, operation, id) 
    values
        (?, ?, ?, default)
Hibernate: 
    insert 
    into
        idempotency_key
        (created_at, idempotency_key, operation, id) 
    values
        (?, ?, ?, default)
2026-02-07T11:02:18.743+05:30 DEBUG 12972 --- [           main] org.hibernate.SQL                        : 
    update
        wallet 
    set
        balance=?,
        updated_at=?,
        version=? 
    where
        asset=? 
        and user_id=? 
        and version=?
Hibernate: 
    update
        wallet 
    set
        balance=?,
        updated_at=?,
        version=? 
    where
        asset=? 
        and user_id=? 
        and version=?
2026-02-07T11:02:18.746+05:30 DEBUG 12972 --- [           main] org.hibernate.SQL                        : 
    select
        ik1_0.id 
    from
        idempotency_key ik1_0 
    where
        ik1_0.idempotency_key=? 
        and ik1_0.operation=? 
    fetch
        first ? rows only
Hibernate: 
    select
        ik1_0.id 
    from
        idempotency_key ik1_0 
    where
        ik1_0.idempotency_key=? 
        and ik1_0.operation=? 
    fetch
        first ? rows only
2026-02-07T11:02:18.747+05:30 DEBUG 12972 --- [           main] org.hibernate.SQL                        : 
    select
        a1_0.code,
        a1_0.limited_supply 
    from
        asset a1_0 
    where
        a1_0.code=?
Hibernate: 
    select
        a1_0.code,
        a1_0.limited_supply 
    from
        asset a1_0 
    where
        a1_0.code=?
2026-02-07T11:02:18.748+05:30 DEBUG 12972 --- [           main] org.hibernate.SQL                        : 
    select
        w1_0.asset,
        w1_0.user_id,
        w1_0.balance,
        w1_0.created_at,
        w1_0.updated_at,
        w1_0.version 
    from
        wallet w1_0 
    where
        w1_0.user_id=? 
        and w1_0.asset=? for update
Hibernate: 
    select
        w1_0.asset,
        w1_0.user_id,
        w1_0.balance,
        w1_0.created_at,
        w1_0.updated_at,
        w1_0.version 
    from
        wallet w1_0 
    where
        w1_0.user_id=? 
        and w1_0.asset=? for update
2026-02-07T11:02:18.751+05:30 DEBUG 12972 --- [           main] org.hibernate.SQL                        : 
    update
        wallet 
    set
        balance=?,
        updated_at=?,
        version=? 
    where
        asset=? 
        and user_id=? 
        and version=?
Hibernate: 
    update
        wallet 
    set
        balance=?,
        updated_at=?,
        version=? 
    where
        asset=? 
        and user_id=? 
        and version=?
2026-02-07T11:02:18.752+05:30 DEBUG 12972 --- [           main] org.hibernate.SQL                        : 
    select
        w1_0.asset,
        w1_0.user_id,
        w1_0.balance,
        w1_0.created_at,
        w1_0.updated_at,
        w1_0.version 
    from
        wallet w1_0 
    where
        w1_0.user_id=? 
        and w1_0.asset=? for update
Hibernate: 
    select
        w1_0.asset,
        w1_0.user_id,
        w1_0.balance,
        w1_0.created_at,
        w1_0.updated_at,
        w1_0.version 
    from
        wallet w1_0 
    where
        w1_0.user_id=? 
        and w1_0.asset=? for update
2026-02-07T11:02:18.753+05:30 DEBUG 12972 --- [           main] org.hibernate.SQL                        : 
    insert 
    into
        ledger_entry
        (amount, asset, created_at, credit_user, debit_user, idempotency_key, reference, id) 
    values
        (?, ?, ?, ?, ?, ?, ?, default)
Hibernate: 
    insert 
    into
        ledger_entry
        (amount, asset, created_at, credit_user, debit_user, idempotency_key, reference, id) 
    values
        (?, ?, ?, ?, ?, ?, ?, default)
2026-02-07T11:02:18.754+05:30 DEBUG 12972 --- [           main] org.hibernate.SQL                        : 
    insert 
    into
        idempotency_key
        (created_at, idempotency_key, operation, id) 
    values
        (?, ?, ?, default)
Hibernate: 
    insert 
    into
        idempotency_key
        (created_at, idempotency_key, operation, id) 
    values
        (?, ?, ?, default)
2026-02-07T11:02:18.756+05:30 DEBUG 12972 --- [           main] org.hibernate.SQL                        : 
    update
        wallet 
    set
        balance=?,
        updated_at=?,
        version=? 
    where
        asset=? 
        and user_id=? 
        and version=?
Hibernate: 
    update
        wallet 
    set
        balance=?,
        updated_at=?,
        version=? 
    where
        asset=? 
        and user_id=? 
        and version=?
2026-02-07T11:02:18.758+05:30 DEBUG 12972 --- [           main] org.hibernate.SQL                        : 
    select
        ik1_0.id 
    from
        idempotency_key ik1_0 
    where
        ik1_0.idempotency_key=? 
        and ik1_0.operation=? 
    fetch
        first ? rows only
Hibernate: 
    select
        ik1_0.id 
    from
        idempotency_key ik1_0 
    where
        ik1_0.idempotency_key=? 
        and ik1_0.operation=? 
    fetch
        first ? rows only
2026-02-07T11:02:18.758+05:30 DEBUG 12972 --- [           main] org.hibernate.SQL                        : 
    select
        w1_0.asset,
        w1_0.user_id,
        w1_0.balance,
        w1_0.created_at,
        w1_0.updated_at,
        w1_0.version 
    from
        wallet w1_0 
    where
        w1_0.user_id=? 
        and w1_0.asset=? for update
Hibernate: 
    select
        w1_0.asset,
        w1_0.user_id,
        w1_0.balance,
        w1_0.created_at,
        w1_0.updated_at,
        w1_0.version 
    from
        wallet w1_0 
    where
        w1_0.user_id=? 
        and w1_0.asset=? for update
2026-02-07T11:02:18.759+05:30 DEBUG 12972 --- [           main] org.hibernate.SQL                        : 
    select
        a1_0.code,
        a1_0.limited_supply 
    from
        asset a1_0 
    where
        a1_0.code=?
Hibernate: 
    select
        a1_0.code,
        a1_0.limited_supply 
    from
        asset a1_0 
    where
        a1_0.code=?
2026-02-07T11:02:18.760+05:30 DEBUG 12972 --- [           main] org.hibernate.SQL                        : 
    update
        wallet 
    set
        balance=?,
        updated_at=?,
        version=? 
    where
        asset=? 
        and user_id=? 
        and version=?
Hibernate: 
    update
        wallet 
    set
        balance=?,
        updated_at=?,
        version=? 
    where
        asset=? 
        and user_id=? 
        and version=?
2026-02-07T11:02:18.761+05:30 DEBUG 12972 --- [           main] org.hibernate.SQL                        : 
    select
        w1_0.asset,
        w1_0.user_id,
        w1_0.balance,
        w1_0.created_at,
        w1_0.updated_at,
        w1_0.version 
    from
        wallet w1_0 
    where
        w1_0.user_id=? 
        and w1_0.asset=? for update
Hibernate: 
    select
        w1_0.asset,
        w1_0.user_id,
        w1_0.balance,
        w1_0.created_at,
        w1_0.updated_at,
        w1_0.version 
    from
        wallet w1_0 
    where
        w1_0.user_id=? 
        and w1_0.asset=? for update
2026-02-07T11:02:18.762+05:30 DEBUG 12972 --- [           main] org.hibernate.SQL                        : 
    insert 
    into
        ledger_entry
        (amount, asset, created_at, credit_user, debit_user, idempotency_key, reference, id) 
    values
        (?, ?, ?, ?, ?, ?, ?, default)
Hibernate: 
    insert 
    into
        ledger_entry
        (amount, asset, created_at, credit_user, debit_user, idempotency_key, reference, id) 
    values
        (?, ?, ?, ?, ?, ?, ?, default)
2026-02-07T11:02:18.763+05:30 DEBUG 12972 --- [           main] org.hibernate.SQL                        : 
    insert 
    into
        idempotency_key
        (created_at, idempotency_key, operation, id) 
    values
        (?, ?, ?, default)
Hibernate: 
    insert 
    into
        idempotency_key
        (created_at, idempotency_key, operation, id) 
    values
        (?, ?, ?, default)
2026-02-07T11:02:18.764+05:30 DEBUG 12972 --- [           main] org.hibernate.SQL                        : 
    update
        wallet 
    set
        balance=?,
        updated_at=?,
        version=? 
    where
        asset=? 
        and user_id=? 
        and version=?
Hibernate: 
    update
        wallet 
    set
        balance=?,
        updated_at=?,
        version=? 
    where
        asset=? 
        and user_id=? 
        and version=?
2026-02-07T11:02:18.765+05:30 DEBUG 12972 --- [           main] org.hibernate.SQL                        : 
    select
        count(*) 
    from
        ledger_entry le1_0
Hibernate: 
    select
        count(*) 
    from
        ledger_entry le1_0
]]></system-out>
  </testcase>
  <testcase name="testSpendMoreThanBalance" classname="WalletService Integration Tests" time="0.037">
    <system-out><![CDATA[2026-02-07T11:02:18.775+05:30 DEBUG 12972 --- [           main] org.hibernate.SQL                        : 
    select
        ik1_0.id,
        ik1_0.created_at,
        ik1_0.idempotency_key,
        ik1_0.operation 
    from
        idempotency_key ik1_0
Hibernate: 
    select
        ik1_0.id,
        ik1_0.created_at,
        ik1_0.idempotency_key,
        ik1_0.operation 
    from
        idempotency_key ik1_0
2026-02-07T11:02:18.778+05:30 DEBUG 12972 --- [           main] org.hibernate.SQL                        : 
    delete 
    from
        idempotency_key 
    where
        id=?
Hibernate: 
    delete 
    from
        idempotency_key 
    where
        id=?
2026-02-07T11:02:18.779+05:30 DEBUG 12972 --- [           main] org.hibernate.SQL                        : 
    delete 
    from
        idempotency_key 
    where
        id=?
Hibernate: 
    delete 
    from
        idempotency_key 
    where
        id=?
2026-02-07T11:02:18.779+05:30 DEBUG 12972 --- [           main] org.hibernate.SQL                        : 
    delete 
    from
        idempotency_key 
    where
        id=?
Hibernate: 
    delete 
    from
        idempotency_key 
    where
        id=?
2026-02-07T11:02:18.780+05:30 DEBUG 12972 --- [           main] org.hibernate.SQL                        : 
    select
        le1_0.id,
        le1_0.amount,
        le1_0.asset,
        le1_0.created_at,
        le1_0.credit_user,
        le1_0.debit_user,
        le1_0.idempotency_key,
        le1_0.reference 
    from
        ledger_entry le1_0
Hibernate: 
    select
        le1_0.id,
        le1_0.amount,
        le1_0.asset,
        le1_0.created_at,
        le1_0.credit_user,
        le1_0.debit_user,
        le1_0.idempotency_key,
        le1_0.reference 
    from
        ledger_entry le1_0
2026-02-07T11:02:18.782+05:30 DEBUG 12972 --- [           main] org.hibernate.SQL                        : 
    delete 
    from
        ledger_entry 
    where
        id=?
Hibernate: 
    delete 
    from
        ledger_entry 
    where
        id=?
2026-02-07T11:02:18.783+05:30 DEBUG 12972 --- [           main] org.hibernate.SQL                        : 
    delete 
    from
        ledger_entry 
    where
        id=?
Hibernate: 
    delete 
    from
        ledger_entry 
    where
        id=?
2026-02-07T11:02:18.784+05:30 DEBUG 12972 --- [           main] org.hibernate.SQL                        : 
    delete 
    from
        ledger_entry 
    where
        id=?
Hibernate: 
    delete 
    from
        ledger_entry 
    where
        id=?
2026-02-07T11:02:18.786+05:30 DEBUG 12972 --- [           main] org.hibernate.SQL                        : 
    select
        w1_0.asset,
        w1_0.user_id,
        w1_0.balance,
        w1_0.created_at,
        w1_0.updated_at,
        w1_0.version 
    from
        wallet w1_0
Hibernate: 
    select
        w1_0.asset,
        w1_0.user_id,
        w1_0.balance,
        w1_0.created_at,
        w1_0.updated_at,
        w1_0.version 
    from
        wallet w1_0
2026-02-07T11:02:18.788+05:30 DEBUG 12972 --- [           main] org.hibernate.SQL                        : 
    delete 
    from
        wallet 
    where
        asset=? 
        and user_id=? 
        and version=?
Hibernate: 
    delete 
    from
        wallet 
    where
        asset=? 
        and user_id=? 
        and version=?
2026-02-07T11:02:18.789+05:30 DEBUG 12972 --- [           main] org.hibernate.SQL                        : 
    delete 
    from
        wallet 
    where
        asset=? 
        and user_id=? 
        and version=?
Hibernate: 
    delete 
    from
        wallet 
    where
        asset=? 
        and user_id=? 
        and version=?
2026-02-07T11:02:18.790+05:30 DEBUG 12972 --- [           main] org.hibernate.SQL                        : 
    select
        a1_0.code,
        a1_0.limited_supply 
    from
        asset a1_0
Hibernate: 
    select
        a1_0.code,
        a1_0.limited_supply 
    from
        asset a1_0
2026-02-07T11:02:18.792+05:30 DEBUG 12972 --- [           main] org.hibernate.SQL                        : 
    delete 
    from
        asset 
    where
        code=?
Hibernate: 
    delete 
    from
        asset 
    where
        code=?
2026-02-07T11:02:18.793+05:30 DEBUG 12972 --- [           main] org.hibernate.SQL                        : 
    delete 
    from
        asset 
    where
        code=?
Hibernate: 
    delete 
    from
        asset 
    where
        code=?
2026-02-07T11:02:18.794+05:30 DEBUG 12972 --- [           main] org.hibernate.SQL                        : 
    select
        a1_0.code,
        a1_0.limited_supply 
    from
        asset a1_0 
    where
        a1_0.code=?
Hibernate: 
    select
        a1_0.code,
        a1_0.limited_supply 
    from
        asset a1_0 
    where
        a1_0.code=?
2026-02-07T11:02:18.795+05:30 DEBUG 12972 --- [           main] org.hibernate.SQL                        : 
    insert 
    into
        asset
        (limited_supply, code) 
    values
        (?, ?)
Hibernate: 
    insert 
    into
        asset
        (limited_supply, code) 
    values
        (?, ?)
2026-02-07T11:02:18.796+05:30 DEBUG 12972 --- [           main] org.hibernate.SQL                        : 
    select
        a1_0.code,
        a1_0.limited_supply 
    from
        asset a1_0 
    where
        a1_0.code=?
Hibernate: 
    select
        a1_0.code,
        a1_0.limited_supply 
    from
        asset a1_0 
    where
        a1_0.code=?
2026-02-07T11:02:18.797+05:30 DEBUG 12972 --- [           main] org.hibernate.SQL                        : 
    insert 
    into
        asset
        (limited_supply, code) 
    values
        (?, ?)
Hibernate: 
    insert 
    into
        asset
        (limited_supply, code) 
    values
        (?, ?)
2026-02-07T11:02:18.799+05:30 DEBUG 12972 --- [           main] org.hibernate.SQL                        : 
    insert 
    into
        wallet
        (balance, created_at, updated_at, version, asset, user_id) 
    values
        (?, ?, ?, ?, ?, ?)
Hibernate: 
    insert 
    into
        wallet
        (balance, created_at, updated_at, version, asset, user_id) 
    values
        (?, ?, ?, ?, ?, ?)
2026-02-07T11:02:18.800+05:30 DEBUG 12972 --- [           main] org.hibernate.SQL                        : 
    insert 
    into
        wallet
        (balance, created_at, updated_at, version, asset, user_id) 
    values
        (?, ?, ?, ?, ?, ?)
Hibernate: 
    insert 
    into
        wallet
        (balance, created_at, updated_at, version, asset, user_id) 
    values
        (?, ?, ?, ?, ?, ?)
2026-02-07T11:02:18.803+05:30 DEBUG 12972 --- [           main] org.hibernate.SQL                        : 
    select
        ik1_0.id 
    from
        idempotency_key ik1_0 
    where
        ik1_0.idempotency_key=? 
        and ik1_0.operation=? 
    fetch
        first ? rows only
Hibernate: 
    select
        ik1_0.id 
    from
        idempotency_key ik1_0 
    where
        ik1_0.idempotency_key=? 
        and ik1_0.operation=? 
    fetch
        first ? rows only
2026-02-07T11:02:18.804+05:30 DEBUG 12972 --- [           main] org.hibernate.SQL                        : 
    select
        w1_0.asset,
        w1_0.user_id,
        w1_0.balance,
        w1_0.created_at,
        w1_0.updated_at,
        w1_0.version 
    from
        wallet w1_0 
    where
        w1_0.user_id=? 
        and w1_0.asset=? for update
Hibernate: 
    select
        w1_0.asset,
        w1_0.user_id,
        w1_0.balance,
        w1_0.created_at,
        w1_0.updated_at,
        w1_0.version 
    from
        wallet w1_0 
    where
        w1_0.user_id=? 
        and w1_0.asset=? for update
]]></system-out>
  </testcase>
</testsuite>