<?xml version="1.0" encoding="UTF-8"?>
<testsuite xmlns:xsi="http://www.w3.org/2001/XMLSchema-instance" xsi:noNamespaceSchemaLocation="https://maven.apache.org/surefire/maven-surefire-plugin/xsd/surefire-test-report.xsd" version="3.0.2" name="com.game.wallet.service.WalletServiceIntegrationTest" time="11.71" tests="6" errors="0" skipped="0" failures="0">
  <properties>
[...]
</properties>
  <testcase name="testConcurrentSpends" classname="WalletService Integration Tests" time="1.77">
    <system-out><![CDATA[2026-02-07T10:13:43.193+05:30  INFO 3324 --- [           main] t.c.s.AnnotationConfigContextLoaderUtils : Could not detect default configuration classes for test class [com.game.wallet.service.WalletServiceIntegrationTest]: WalletServiceIntegrationTest does not declare any static, non-private, non-final, nested classes annotated with @Configuration.
2026-02-07T10:13:43.358+05:30  INFO 3324 --- [           main] .b.t.c.SpringBootTestContextBootstrapper : Found @SpringBootConfiguration com.game.wallet.WalletApplication for test class com.game.wallet.service.WalletServiceIntegrationTest

  .   ____          _            __ _ _
 /\\ / ___'_ __ _ _(_)_ __  __ _ \ \ \ \
( ( )\___ | '_ | '_| | '_ \/ _` | \ \ \ \
 \\/  ___)| |_)| | | | | || (_| |  ) ) ) )
  '  |____| .__|_| |_|_| |_\__, | / / / /
 =========|_|==============|___/=/_/_/_/

 :: Spring Boot ::               (v3.5.10)

2026-02-07T10:13:43.419+05:30  INFO 3324 --- [           main] c.g.w.s.WalletServiceIntegrationTest     : Starting WalletServiceIntegrationTest using Java 25.0.2 with PID 3324 (started by deven in S:\GameWallet\wallet-service)
2026-02-07T10:13:43.420+05:30 DEBUG 3324 --- [           main] c.g.w.s.WalletServiceIntegrationTest     : Running with Spring Boot v3.5.10, Spring v6.2.15
2026-02-07T10:13:43.420+05:30  INFO 3324 --- [           main] c.g.w.s.WalletServiceIntegrationTest     : The following 1 profile is active: "test"
2026-02-07T10:13:44.461+05:30  INFO 3324 --- [           main] .s.d.r.c.RepositoryConfigurationDelegate : Bootstrapping Spring Data JPA repositories in DEFAULT mode.
2026-02-07T10:13:44.536+05:30  INFO 3324 --- [           main] .s.d.r.c.RepositoryConfigurationDelegate : Finished Spring Data repository scanning in 56 ms. Found 4 JPA repository interfaces.
2026-02-07T10:13:44.887+05:30  INFO 3324 --- [           main] o.hibernate.jpa.internal.util.LogHelper  : HHH000204: Processing PersistenceUnitInfo [name: default]
2026-02-07T10:13:45.009+05:30  INFO 3324 --- [           main] org.hibernate.Version                    : HHH000412: Hibernate ORM core version 6.6.41.Final
2026-02-07T10:13:45.084+05:30  INFO 3324 --- [           main] o.h.c.internal.RegionFactoryInitiator    : HHH000026: Second-level cache disabled
2026-02-07T10:13:45.338+05:30  INFO 3324 --- [           main] o.s.o.j.p.SpringPersistenceUnitInfo      : No LoadTimeWeaver setup: ignoring JPA class transformer
2026-02-07T10:13:45.390+05:30  INFO 3324 --- [           main] com.zaxxer.hikari.HikariDataSource       : HikariPool-1 - Starting...
2026-02-07T10:13:45.669+05:30  INFO 3324 --- [           main] com.zaxxer.hikari.pool.HikariPool        : HikariPool-1 - Added connection conn0: url=jdbc:h2:mem:testdb user=SA
2026-02-07T10:13:45.673+05:30  INFO 3324 --- [           main] com.zaxxer.hikari.HikariDataSource       : HikariPool-1 - Start completed.
2026-02-07T10:13:45.713+05:30  WARN 3324 --- [           main] org.hibernate.orm.deprecation            : HHH90000025: H2Dialect does not need to be specified explicitly using 'hibernate.dialect' (remove the property setting and it will be selected by default)
2026-02-07T10:13:45.744+05:30  INFO 3324 --- [           main] org.hibernate.orm.connections.pooling    : HHH10001005: Database info:
	Database JDBC URL [Connecting through datasource 'HikariDataSource (HikariPool-1)']
	Database driver: undefined/unknown
	Database version: 2.3.232
	Autocommit mode: undefined/unknown
	Isolation level: undefined/unknown
	Minimum pool size: undefined/unknown
	Maximum pool size: undefined/unknown
2026-02-07T10:13:46.739+05:30  INFO 3324 --- [           main] o.h.e.t.j.p.i.JtaPlatformInitiator       : HHH000489: No JTA platform available (set 'hibernate.transaction.jta.platform' to enable JTA platform integration)
2026-02-07T10:13:46.755+05:30 DEBUG 3324 --- [           main] org.hibernate.SQL                        : 
    drop table if exists asset cascade 
Hibernate: 
    drop table if exists asset cascade 
2026-02-07T10:13:46.759+05:30 DEBUG 3324 --- [           main] org.hibernate.SQL                        : 
    drop table if exists idempotency_key cascade 
Hibernate: 
    drop table if exists idempotency_key cascade 
2026-02-07T10:13:46.759+05:30 DEBUG 3324 --- [           main] org.hibernate.SQL                        : 
    drop table if exists ledger_entry cascade 
Hibernate: 
    drop table if exists ledger_entry cascade 
2026-02-07T10:13:46.760+05:30 DEBUG 3324 --- [           main] org.hibernate.SQL                        : 
    drop table if exists wallet cascade 
Hibernate: 
    drop table if exists wallet cascade 
2026-02-07T10:13:46.769+05:30 DEBUG 3324 --- [           main] org.hibernate.SQL                        : 
    create table asset (
        limited_supply boolean not null,
        code varchar(20) not null,
        primary key (code)
    )
Hibernate: 
    create table asset (
        limited_supply boolean not null,
        code varchar(20) not null,
        primary key (code)
    )
2026-02-07T10:13:46.780+05:30 DEBUG 3324 --- [           main] org.hibernate.SQL                        : 
    create table idempotency_key (
        created_at timestamp(6) not null,
        id bigint generated by default as identity,
        operation varchar(50) not null,
        idempotency_key varchar(255) not null,
        primary key (id),
        constraint uk_idempotency_key_operation unique (idempotency_key, operation)
    )
Hibernate: 
    create table idempotency_key (
        created_at timestamp(6) not null,
        id bigint generated by default as identity,
        operation varchar(50) not null,
        idempotency_key varchar(255) not null,
        primary key (id),
        constraint uk_idempotency_key_operation unique (idempotency_key, operation)
    )
2026-02-07T10:13:46.799+05:30 DEBUG 3324 --- [           main] org.hibernate.SQL                        : 
    create table ledger_entry (
        amount bigint not null,
        created_at timestamp(6) not null,
        id bigint generated by default as identity,
        asset varchar(20) not null,
        credit_user varchar(100) not null,
        debit_user varchar(100) not null,
        reference varchar(500),
        idempotency_key varchar(255) not null,
        primary key (id)
    )
Hibernate: 
    create table ledger_entry (
        amount bigint not null,
        created_at timestamp(6) not null,
        id bigint generated by default as identity,
        asset varchar(20) not null,
        credit_user varchar(100) not null,
        debit_user varchar(100) not null,
        reference varchar(500),
        idempotency_key varchar(255) not null,
        primary key (id)
    )
2026-02-07T10:13:46.801+05:30 DEBUG 3324 --- [           main] org.hibernate.SQL                        : 
    create table wallet (
        balance bigint not null,
        created_at timestamp(6) not null,
        updated_at timestamp(6) not null,
        version bigint not null,
        asset varchar(20) not null,
        user_id varchar(100) not null,
        primary key (asset, user_id)
    )
Hibernate: 
    create table wallet (
        balance bigint not null,
        created_at timestamp(6) not null,
        updated_at timestamp(6) not null,
        version bigint not null,
        asset varchar(20) not null,
        user_id varchar(100) not null,
        primary key (asset, user_id)
    )
2026-02-07T10:13:46.802+05:30 DEBUG 3324 --- [           main] org.hibernate.SQL                        : 
    create index idx_ledger_idempotency 
       on ledger_entry (idempotency_key)
Hibernate: 
    create index idx_ledger_idempotency 
       on ledger_entry (idempotency_key)
2026-02-07T10:13:46.802+05:30 DEBUG 3324 --- [           main] org.hibernate.SQL                        : 
    create index idx_ledger_debit_user 
       on ledger_entry (debit_user)
Hibernate: 
    create index idx_ledger_debit_user 
       on ledger_entry (debit_user)
2026-02-07T10:13:46.803+05:30 DEBUG 3324 --- [           main] org.hibernate.SQL                        : 
    create index idx_ledger_credit_user 
       on ledger_entry (credit_user)
Hibernate: 
    create index idx_ledger_credit_user 
       on ledger_entry (credit_user)
2026-02-07T10:13:46.806+05:30  INFO 3324 --- [           main] j.LocalContainerEntityManagerFactoryBean : Initialized JPA EntityManagerFactory for persistence unit 'default'
2026-02-07T10:13:47.272+05:30  INFO 3324 --- [           main] o.s.d.j.r.query.QueryEnhancerFactory     : Hibernate is in classpath; If applicable, HQL parser will be used.
2026-02-07T10:13:48.186+05:30  WARN 3324 --- [           main] JpaBaseConfiguration$JpaWebConfiguration : spring.jpa.open-in-view is enabled by default. Therefore, database queries may be performed during view rendering. Explicitly configure spring.jpa.open-in-view to disable this warning
2026-02-07T10:13:49.057+05:30  INFO 3324 --- [           main] o.s.b.a.e.web.EndpointLinksResolver      : Exposing 1 endpoint beneath base path '/actuator'
2026-02-07T10:13:49.365+05:30  INFO 3324 --- [           main] c.g.w.s.WalletServiceIntegrationTest     : Started WalletServiceIntegrationTest in 5.999 seconds (process running for 12.632)
2026-02-07T10:13:50.344+05:30 DEBUG 3324 --- [           main] org.hibernate.SQL                        : 
    select
        ik1_0.id,
        ik1_0.created_at,
        ik1_0.idempotency_key,
        ik1_0.operation 
    from
        idempotency_key ik1_0
Hibernate: 
    select
        ik1_0.id,
        ik1_0.created_at,
        ik1_0.idempotency_key,
        ik1_0.operation 
    from
        idempotency_key ik1_0
2026-02-07T10:13:50.671+05:30 DEBUG 3324 --- [           main] org.hibernate.SQL                        : 
    select
        le1_0.id,
        le1_0.amount,
        le1_0.asset,
        le1_0.created_at,
        le1_0.credit_user,
        le1_0.debit_user,
        le1_0.idempotency_key,
        le1_0.reference 
    from
        ledger_entry le1_0
Hibernate: 
    select
        le1_0.id,
        le1_0.amount,
        le1_0.asset,
        le1_0.created_at,
        le1_0.credit_user,
        le1_0.debit_user,
        le1_0.idempotency_key,
        le1_0.reference 
    from
        ledger_entry le1_0
2026-02-07T10:13:50.678+05:30 DEBUG 3324 --- [           main] org.hibernate.SQL                        : 
    select
        w1_0.asset,
        w1_0.user_id,
        w1_0.balance,
        w1_0.created_at,
        w1_0.updated_at,
        w1_0.version 
    from
        wallet w1_0
Hibernate: 
    select
        w1_0.asset,
        w1_0.user_id,
        w1_0.balance,
        w1_0.created_at,
        w1_0.updated_at,
        w1_0.version 
    from
        wallet w1_0
2026-02-07T10:13:50.701+05:30 DEBUG 3324 --- [           main] org.hibernate.SQL                        : 
    select
        a1_0.code,
        a1_0.limited_supply 
    from
        asset a1_0
Hibernate: 
    select
        a1_0.code,
        a1_0.limited_supply 
    from
        asset a1_0
2026-02-07T10:13:50.740+05:30 DEBUG 3324 --- [           main] org.hibernate.SQL                        : 
    select
        a1_0.code,
        a1_0.limited_supply 
    from
        asset a1_0 
    where
        a1_0.code=?
Hibernate: 
    select
        a1_0.code,
        a1_0.limited_supply 
    from
        asset a1_0 
    where
        a1_0.code=?
2026-02-07T10:13:50.829+05:30 DEBUG 3324 --- [           main] org.hibernate.SQL                        : 
    insert 
    into
        asset
        (limited_supply, code) 
    values
        (?, ?)
Hibernate: 
    insert 
    into
        asset
        (limited_supply, code) 
    values
        (?, ?)
2026-02-07T10:13:50.843+05:30 DEBUG 3324 --- [           main] org.hibernate.SQL                        : 
    select
        a1_0.code,
        a1_0.limited_supply 
    from
        asset a1_0 
    where
        a1_0.code=?
Hibernate: 
    select
        a1_0.code,
        a1_0.limited_supply 
    from
        asset a1_0 
    where
        a1_0.code=?
2026-02-07T10:13:50.845+05:30 DEBUG 3324 --- [           main] org.hibernate.SQL                        : 
    insert 
    into
        asset
        (limited_supply, code) 
    values
        (?, ?)
Hibernate: 
    insert 
    into
        asset
        (limited_supply, code) 
    values
        (?, ?)
2026-02-07T10:13:50.863+05:30 DEBUG 3324 --- [           main] org.hibernate.SQL                        : 
    insert 
    into
        wallet
        (balance, created_at, updated_at, version, asset, user_id) 
    values
        (?, ?, ?, ?, ?, ?)
Hibernate: 
    insert 
    into
        wallet
        (balance, created_at, updated_at, version, asset, user_id) 
    values
        (?, ?, ?, ?, ?, ?)
2026-02-07T10:13:50.877+05:30 DEBUG 3324 --- [           main] org.hibernate.SQL                        : 
    insert 
    into
        wallet
        (balance, created_at, updated_at, version, asset, user_id) 
    values
        (?, ?, ?, ?, ?, ?)
Hibernate: 
    insert 
    into
        wallet
        (balance, created_at, updated_at, version, asset, user_id) 
    values
        (?, ?, ?, ?, ?, ?)
2026-02-07T10:13:50.948+05:30 DEBUG 3324 --- [pool-3-thread-3] org.hibernate.SQL                        : 
    select
        ik1_0.id 
    from
        idempotency_key ik1_0 
    where
        ik1_0.idempotency_key=? 
        and ik1_0.operation=? 
    fetch
        first ? rows only
Hibernate: 
    select
        ik1_0.id 
    from
        idempotency_key ik1_0 
    where
        ik1_0.idempotency_key=? 
        and ik1_0.operation=? 
    fetch
        first ? rows only
2026-02-07T10:13:50.948+05:30 DEBUG 3324 --- [pool-3-thread-1] org.hibernate.SQL                        : 
    select
        ik1_0.id 
    from
        idempotency_key ik1_0 
    where
        ik1_0.idempotency_key=? 
        and ik1_0.operation=? 
    fetch
        first ? rows only
Hibernate: 
    select
        ik1_0.id 
    from
        idempotency_key ik1_0 
    where
        ik1_0.idempotency_key=? 
        and ik1_0.operation=? 
    fetch
        first ? rows only
2026-02-07T10:13:50.948+05:30 DEBUG 3324 --- [pool-3-thread-5] org.hibernate.SQL                        : 
    select
        ik1_0.id 
    from
        idempotency_key ik1_0 
    where
        ik1_0.idempotency_key=? 
        and ik1_0.operation=? 
    fetch
        first ? rows only
Hibernate: 
    select
        ik1_0.id 
    from
        idempotency_key ik1_0 
    where
        ik1_0.idempotency_key=? 
        and ik1_0.operation=? 
    fetch
        first ? rows only
2026-02-07T10:13:50.948+05:30 DEBUG 3324 --- [pool-3-thread-4] org.hibernate.SQL                        : 
    select
        ik1_0.id 
    from
        idempotency_key ik1_0 
    where
        ik1_0.idempotency_key=? 
        and ik1_0.operation=? 
    fetch
        first ? rows only
Hibernate: 
    select
        ik1_0.id 
    from
        idempotency_key ik1_0 
    where
        ik1_0.idempotency_key=? 
        and ik1_0.operation=? 
    fetch
        first ? rows only
2026-02-07T10:13:50.948+05:30 DEBUG 3324 --- [pool-3-thread-2] org.hibernate.SQL                        : 
    select
        ik1_0.id 
    from
        idempotency_key ik1_0 
    where
        ik1_0.idempotency_key=? 
        and ik1_0.operation=? 
    fetch
        first ? rows only
Hibernate: 
    select
        ik1_0.id 
    from
        idempotency_key ik1_0 
    where
        ik1_0.idempotency_key=? 
        and ik1_0.operation=? 
    fetch
        first ? rows only
2026-02-07T10:13:50.990+05:30 DEBUG 3324 --- [pool-3-thread-4] org.hibernate.SQL                        : 
    select
        w1_0.asset,
        w1_0.user_id,
        w1_0.balance,
        w1_0.created_at,
        w1_0.updated_at,
        w1_0.version 
    from
        wallet w1_0 
    where
        w1_0.user_id=? 
        and w1_0.asset=? for update
Hibernate: 
    select
        w1_0.asset,
        w1_0.user_id,
        w1_0.balance,
        w1_0.created_at,
        w1_0.updated_at,
        w1_0.version 
    from
        wallet w1_0 
    where
        w1_0.user_id=? 
        and w1_0.asset=? for update
2026-02-07T10:13:50.991+05:30 DEBUG 3324 --- [pool-3-thread-5] org.hibernate.SQL                        : 
    select
        w1_0.asset,
        w1_0.user_id,
        w1_0.balance,
        w1_0.created_at,
        w1_0.updated_at,
        w1_0.version 
    from
        wallet w1_0 
    where
        w1_0.user_id=? 
        and w1_0.asset=? for update
Hibernate: 
    select
        w1_0.asset,
        w1_0.user_id,
        w1_0.balance,
        w1_0.created_at,
        w1_0.updated_at,
        w1_0.version 
    from
        wallet w1_0 
    where
        w1_0.user_id=? 
        and w1_0.asset=? for update
2026-02-07T10:13:50.991+05:30 DEBUG 3324 --- [pool-3-thread-3] org.hibernate.SQL                        : 
    select
        w1_0.asset,
        w1_0.user_id,
        w1_0.balance,
        w1_0.created_at,
        w1_0.updated_at,
        w1_0.version 
    from
        wallet w1_0 
    where
        w1_0.user_id=? 
        and w1_0.asset=? for update
Hibernate: 
    select
        w1_0.asset,
        w1_0.user_id,
        w1_0.balance,
        w1_0.created_at,
        w1_0.updated_at,
        w1_0.version 
    from
        wallet w1_0 
    where
        w1_0.user_id=? 
        and w1_0.asset=? for update
2026-02-07T10:13:50.990+05:30 DEBUG 3324 --- [pool-3-thread-1] org.hibernate.SQL                        : 
    select
        w1_0.asset,
        w1_0.user_id,
        w1_0.balance,
        w1_0.created_at,
        w1_0.updated_at,
        w1_0.version 
    from
        wallet w1_0 
    where
        w1_0.user_id=? 
        and w1_0.asset=? for update
2026-02-07T10:13:50.991+05:30 DEBUG 3324 --- [pool-3-thread-2] org.hibernate.SQL                        : 
    select
        w1_0.asset,
        w1_0.user_id,
        w1_0.balance,
        w1_0.created_at,
        w1_0.updated_at,
        w1_0.version 
    from
        wallet w1_0 
    where
        w1_0.user_id=? 
        and w1_0.asset=? for update
Hibernate: 
    select
        w1_0.asset,
        w1_0.user_id,
        w1_0.balance,
        w1_0.created_at,
        w1_0.updated_at,
        w1_0.version 
    from
        wallet w1_0 
    where
        w1_0.user_id=? 
        and w1_0.asset=? for update
Hibernate: 
    select
        w1_0.asset,
        w1_0.user_id,
        w1_0.balance,
        w1_0.created_at,
        w1_0.updated_at,
        w1_0.version 
    from
        wallet w1_0 
    where
        w1_0.user_id=? 
        and w1_0.asset=? for update
2026-02-07T10:13:51.028+05:30 DEBUG 3324 --- [pool-3-thread-5] org.hibernate.SQL                        : 
    select
        a1_0.code,
        a1_0.limited_supply 
    from
        asset a1_0 
    where
        a1_0.code=?
Hibernate: 
    select
        a1_0.code,
        a1_0.limited_supply 
    from
        asset a1_0 
    where
        a1_0.code=?
2026-02-07T10:13:51.052+05:30 DEBUG 3324 --- [pool-3-thread-5] org.hibernate.SQL                        : 
    update
        wallet 
    set
        balance=?,
        updated_at=?,
        version=? 
    where
        asset=? 
        and user_id=? 
        and version=?
Hibernate: 
    update
        wallet 
    set
        balance=?,
        updated_at=?,
        version=? 
    where
        asset=? 
        and user_id=? 
        and version=?
2026-02-07T10:13:51.071+05:30 DEBUG 3324 --- [pool-3-thread-5] org.hibernate.SQL                        : 
    select
        w1_0.asset,
        w1_0.user_id,
        w1_0.balance,
        w1_0.created_at,
        w1_0.updated_at,
        w1_0.version 
    from
        wallet w1_0 
    where
        w1_0.user_id=? 
        and w1_0.asset=? for update
Hibernate: 
    select
        w1_0.asset,
        w1_0.user_id,
        w1_0.balance,
        w1_0.created_at,
        w1_0.updated_at,
        w1_0.version 
    from
        wallet w1_0 
    where
        w1_0.user_id=? 
        and w1_0.asset=? for update
2026-02-07T10:13:51.078+05:30 DEBUG 3324 --- [pool-3-thread-5] org.hibernate.SQL                        : 
    insert 
    into
        ledger_entry
        (amount, asset, created_at, credit_user, debit_user, idempotency_key, reference, id) 
    values
        (?, ?, ?, ?, ?, ?, ?, default)
Hibernate: 
    insert 
    into
        ledger_entry
        (amount, asset, created_at, credit_user, debit_user, idempotency_key, reference, id) 
    values
        (?, ?, ?, ?, ?, ?, ?, default)
2026-02-07T10:13:51.111+05:30 DEBUG 3324 --- [pool-3-thread-5] org.hibernate.SQL                        : 
    insert 
    into
        idempotency_key
        (created_at, idempotency_key, operation, id) 
    values
        (?, ?, ?, default)
Hibernate: 
    insert 
    into
        idempotency_key
        (created_at, idempotency_key, operation, id) 
    values
        (?, ?, ?, default)
2026-02-07T10:13:51.116+05:30 DEBUG 3324 --- [pool-3-thread-5] org.hibernate.SQL                        : 
    update
        wallet 
    set
        balance=?,
        updated_at=?,
        version=? 
    where
        asset=? 
        and user_id=? 
        and version=?
Hibernate: 
    update
        wallet 
    set
        balance=?,
        updated_at=?,
        version=? 
    where
        asset=? 
        and user_id=? 
        and version=?
2026-02-07T10:13:51.123+05:30 DEBUG 3324 --- [pool-3-thread-2] org.hibernate.SQL                        : 
    select
        a1_0.code,
        a1_0.limited_supply 
    from
        asset a1_0 
    where
        a1_0.code=?
Hibernate: 
    select
        a1_0.code,
        a1_0.limited_supply 
    from
        asset a1_0 
    where
        a1_0.code=?
2026-02-07T10:13:51.130+05:30 DEBUG 3324 --- [pool-3-thread-2] org.hibernate.SQL                        : 
    update
        wallet 
    set
        balance=?,
        updated_at=?,
        version=? 
    where
        asset=? 
        and user_id=? 
        and version=?
Hibernate: 
    update
        wallet 
    set
        balance=?,
        updated_at=?,
        version=? 
    where
        asset=? 
        and user_id=? 
        and version=?
2026-02-07T10:13:51.134+05:30 DEBUG 3324 --- [pool-3-thread-2] org.hibernate.SQL                        : 
    select
        w1_0.asset,
        w1_0.user_id,
        w1_0.balance,
        w1_0.created_at,
        w1_0.updated_at,
        w1_0.version 
    from
        wallet w1_0 
    where
        w1_0.user_id=? 
        and w1_0.asset=? for update
Hibernate: 
    select
        w1_0.asset,
        w1_0.user_id,
        w1_0.balance,
        w1_0.created_at,
        w1_0.updated_at,
        w1_0.version 
    from
        wallet w1_0 
    where
        w1_0.user_id=? 
        and w1_0.asset=? for update
2026-02-07T10:13:51.138+05:30 DEBUG 3324 --- [pool-3-thread-2] org.hibernate.SQL                        : 
    insert 
    into
        ledger_entry
        (amount, asset, created_at, credit_user, debit_user, idempotency_key, reference, id) 
    values
        (?, ?, ?, ?, ?, ?, ?, default)
Hibernate: 
    insert 
    into
        ledger_entry
        (amount, asset, created_at, credit_user, debit_user, idempotency_key, reference, id) 
    values
        (?, ?, ?, ?, ?, ?, ?, default)
2026-02-07T10:13:51.144+05:30 DEBUG 3324 --- [pool-3-thread-2] org.hibernate.SQL                        : 
    insert 
    into
        idempotency_key
        (created_at, idempotency_key, operation, id) 
    values
        (?, ?, ?, default)
Hibernate: 
    insert 
    into
        idempotency_key
        (created_at, idempotency_key, operation, id) 
    values
        (?, ?, ?, default)
2026-02-07T10:13:51.148+05:30 DEBUG 3324 --- [pool-3-thread-2] org.hibernate.SQL                        : 
    update
        wallet 
    set
        balance=?,
        updated_at=?,
        version=? 
    where
        asset=? 
        and user_id=? 
        and version=?
Hibernate: 
    update
        wallet 
    set
        balance=?,
        updated_at=?,
        version=? 
    where
        asset=? 
        and user_id=? 
        and version=?
2026-02-07T10:13:51.156+05:30 DEBUG 3324 --- [pool-3-thread-4] org.hibernate.SQL                        : 
    select
        a1_0.code,
        a1_0.limited_supply 
    from
        asset a1_0 
    where
        a1_0.code=?
Hibernate: 
    select
        a1_0.code,
        a1_0.limited_supply 
    from
        asset a1_0 
    where
        a1_0.code=?
2026-02-07T10:13:51.164+05:30 DEBUG 3324 --- [pool-3-thread-4] org.hibernate.SQL                        : 
    update
        wallet 
    set
        balance=?,
        updated_at=?,
        version=? 
    where
        asset=? 
        and user_id=? 
        and version=?
Hibernate: 
    update
        wallet 
    set
        balance=?,
        updated_at=?,
        version=? 
    where
        asset=? 
        and user_id=? 
        and version=?
2026-02-07T10:13:51.168+05:30 DEBUG 3324 --- [pool-3-thread-4] org.hibernate.SQL                        : 
    select
        w1_0.asset,
        w1_0.user_id,
        w1_0.balance,
        w1_0.created_at,
        w1_0.updated_at,
        w1_0.version 
    from
        wallet w1_0 
    where
        w1_0.user_id=? 
        and w1_0.asset=? for update
Hibernate: 
    select
        w1_0.asset,
        w1_0.user_id,
        w1_0.balance,
        w1_0.created_at,
        w1_0.updated_at,
        w1_0.version 
    from
        wallet w1_0 
    where
        w1_0.user_id=? 
        and w1_0.asset=? for update
2026-02-07T10:13:51.173+05:30 DEBUG 3324 --- [pool-3-thread-4] org.hibernate.SQL                        : 
    insert 
    into
        ledger_entry
        (amount, asset, created_at, credit_user, debit_user, idempotency_key, reference, id) 
    values
        (?, ?, ?, ?, ?, ?, ?, default)
Hibernate: 
    insert 
    into
        ledger_entry
        (amount, asset, created_at, credit_user, debit_user, idempotency_key, reference, id) 
    values
        (?, ?, ?, ?, ?, ?, ?, default)
2026-02-07T10:13:51.176+05:30 DEBUG 3324 --- [pool-3-thread-4] org.hibernate.SQL                        : 
    insert 
    into
        idempotency_key
        (created_at, idempotency_key, operation, id) 
    values
        (?, ?, ?, default)
Hibernate: 
    insert 
    into
        idempotency_key
        (created_at, idempotency_key, operation, id) 
    values
        (?, ?, ?, default)
2026-02-07T10:13:51.185+05:30 DEBUG 3324 --- [pool-3-thread-4] org.hibernate.SQL                        : 
    update
        wallet 
    set
        balance=?,
        updated_at=?,
        version=? 
    where
        asset=? 
        and user_id=? 
        and version=?
Hibernate: 
    update
        wallet 
    set
        balance=?,
        updated_at=?,
        version=? 
    where
        asset=? 
        and user_id=? 
        and version=?
2026-02-07T10:13:51.190+05:30 DEBUG 3324 --- [pool-3-thread-1] org.hibernate.SQL                        : 
    select
        a1_0.code,
        a1_0.limited_supply 
    from
        asset a1_0 
    where
        a1_0.code=?
Hibernate: 
    select
        a1_0.code,
        a1_0.limited_supply 
    from
        asset a1_0 
    where
        a1_0.code=?
2026-02-07T10:13:51.199+05:30 DEBUG 3324 --- [pool-3-thread-1] org.hibernate.SQL                        : 
    update
        wallet 
    set
        balance=?,
        updated_at=?,
        version=? 
    where
        asset=? 
        and user_id=? 
        and version=?
Hibernate: 
    update
        wallet 
    set
        balance=?,
        updated_at=?,
        version=? 
    where
        asset=? 
        and user_id=? 
        and version=?
2026-02-07T10:13:51.202+05:30 DEBUG 3324 --- [pool-3-thread-1] org.hibernate.SQL                        : 
    select
        w1_0.asset,
        w1_0.user_id,
        w1_0.balance,
        w1_0.created_at,
        w1_0.updated_at,
        w1_0.version 
    from
        wallet w1_0 
    where
        w1_0.user_id=? 
        and w1_0.asset=? for update
Hibernate: 
    select
        w1_0.asset,
        w1_0.user_id,
        w1_0.balance,
        w1_0.created_at,
        w1_0.updated_at,
        w1_0.version 
    from
        wallet w1_0 
    where
        w1_0.user_id=? 
        and w1_0.asset=? for update
2026-02-07T10:13:51.209+05:30 DEBUG 3324 --- [pool-3-thread-1] org.hibernate.SQL                        : 
    insert 
    into
        ledger_entry
        (amount, asset, created_at, credit_user, debit_user, idempotency_key, reference, id) 
    values
        (?, ?, ?, ?, ?, ?, ?, default)
Hibernate: 
    insert 
    into
        ledger_entry
        (amount, asset, created_at, credit_user, debit_user, idempotency_key, reference, id) 
    values
        (?, ?, ?, ?, ?, ?, ?, default)
2026-02-07T10:13:51.220+05:30 DEBUG 3324 --- [pool-3-thread-1] org.hibernate.SQL                        : 
    insert 
    into
        idempotency_key
        (created_at, idempotency_key, operation, id) 
    values
        (?, ?, ?, default)
Hibernate: 
    insert 
    into
        idempotency_key
        (created_at, idempotency_key, operation, id) 
    values
        (?, ?, ?, default)
2026-02-07T10:13:51.227+05:30 DEBUG 3324 --- [pool-3-thread-1] org.hibernate.SQL                        : 
    update
        wallet 
    set
        balance=?,
        updated_at=?,
        version=? 
    where
        asset=? 
        and user_id=? 
        and version=?
Hibernate: 
    update
        wallet 
    set
        balance=?,
        updated_at=?,
        version=? 
    where
        asset=? 
        and user_id=? 
        and version=?
2026-02-07T10:13:51.236+05:30 DEBUG 3324 --- [pool-3-thread-3] org.hibernate.SQL                        : 
    select
        a1_0.code,
        a1_0.limited_supply 
    from
        asset a1_0 
    where
        a1_0.code=?
Hibernate: 
    select
        a1_0.code,
        a1_0.limited_supply 
    from
        asset a1_0 
    where
        a1_0.code=?
2026-02-07T10:13:51.250+05:30 DEBUG 3324 --- [pool-3-thread-3] org.hibernate.SQL                        : 
    update
        wallet 
    set
        balance=?,
        updated_at=?,
        version=? 
    where
        asset=? 
        and user_id=? 
        and version=?
Hibernate: 
    update
        wallet 
    set
        balance=?,
        updated_at=?,
        version=? 
    where
        asset=? 
        and user_id=? 
        and version=?
2026-02-07T10:13:51.259+05:30 DEBUG 3324 --- [pool-3-thread-3] org.hibernate.SQL                        : 
    select
        w1_0.asset,
        w1_0.user_id,
        w1_0.balance,
        w1_0.created_at,
        w1_0.updated_at,
        w1_0.version 
    from
        wallet w1_0 
    where
        w1_0.user_id=? 
        and w1_0.asset=? for update
Hibernate: 
    select
        w1_0.asset,
        w1_0.user_id,
        w1_0.balance,
        w1_0.created_at,
        w1_0.updated_at,
        w1_0.version 
    from
        wallet w1_0 
    where
        w1_0.user_id=? 
        and w1_0.asset=? for update
2026-02-07T10:13:51.271+05:30 DEBUG 3324 --- [pool-3-thread-3] org.hibernate.SQL                        : 
    insert 
    into
        ledger_entry
        (amount, asset, created_at, credit_user, debit_user, idempotency_key, reference, id) 
    values
        (?, ?, ?, ?, ?, ?, ?, default)
Hibernate: 
    insert 
    into
        ledger_entry
        (amount, asset, created_at, credit_user, debit_user, idempotency_key, reference, id) 
    values
        (?, ?, ?, ?, ?, ?, ?, default)
2026-02-07T10:13:51.278+05:30 DEBUG 3324 --- [pool-3-thread-3] org.hibernate.SQL                        : 
    insert 
    into
        idempotency_key
        (created_at, idempotency_key, operation, id) 
    values
        (?, ?, ?, default)
Hibernate: 
    insert 
    into
        idempotency_key
        (created_at, idempotency_key, operation, id) 
    values
        (?, ?, ?, default)
2026-02-07T10:13:51.284+05:30 DEBUG 3324 --- [pool-3-thread-3] org.hibernate.SQL                        : 
    update
        wallet 
    set
        balance=?,
        updated_at=?,
        version=? 
    where
        asset=? 
        and user_id=? 
        and version=?
Hibernate: 
    update
        wallet 
    set
        balance=?,
        updated_at=?,
        version=? 
    where
        asset=? 
        and user_id=? 
        and version=?
2026-02-07T10:13:51.492+05:30 DEBUG 3324 --- [           main] org.hibernate.SQL                        : 
    select
        w1_0.asset,
        w1_0.user_id,
        w1_0.balance,
        w1_0.created_at,
        w1_0.updated_at,
        w1_0.version 
    from
        wallet w1_0 
    where
        w1_0.user_id=? 
        and w1_0.asset=?
Hibernate: 
    select
        w1_0.asset,
        w1_0.user_id,
        w1_0.balance,
        w1_0.created_at,
        w1_0.updated_at,
        w1_0.version 
    from
        wallet w1_0 
    where
        w1_0.user_id=? 
        and w1_0.asset=?
2026-02-07T10:13:51.502+05:30 DEBUG 3324 --- [           main] org.hibernate.SQL                        : 
    select
        w1_0.asset,
        w1_0.user_id,
        w1_0.balance,
        w1_0.created_at,
        w1_0.updated_at,
        w1_0.version 
    from
        wallet w1_0 
    where
        w1_0.user_id=? 
        and w1_0.asset=?
Hibernate: 
    select
        w1_0.asset,
        w1_0.user_id,
        w1_0.balance,
        w1_0.created_at,
        w1_0.updated_at,
        w1_0.version 
    from
        wallet w1_0 
    where
        w1_0.user_id=? 
        and w1_0.asset=?
]]></system-out>
  </testcase>
  <testcase name="testConcurrentTopUps" classname="WalletService Integration Tests" time="1.143">
    <system-out><![CDATA[2026-02-07T10:13:51.587+05:30 DEBUG 3324 --- [           main] org.hibernate.SQL                        : 
    select
        ik1_0.id,
        ik1_0.created_at,
        ik1_0.idempotency_key,
        ik1_0.operation 
    from
        idempotency_key ik1_0
Hibernate: 
    select
        ik1_0.id,
        ik1_0.created_at,
        ik1_0.idempotency_key,
        ik1_0.operation 
    from
        idempotency_key ik1_0
2026-02-07T10:13:51.620+05:30 DEBUG 3324 --- [           main] org.hibernate.SQL                        : 
    delete 
    from
        idempotency_key 
    where
        id=?
Hibernate: 
    delete 
    from
        idempotency_key 
    where
        id=?
2026-02-07T10:13:51.625+05:30 DEBUG 3324 --- [           main] org.hibernate.SQL                        : 
    delete 
    from
        idempotency_key 
    where
        id=?
Hibernate: 
    delete 
    from
        idempotency_key 
    where
        id=?
2026-02-07T10:13:51.628+05:30 DEBUG 3324 --- [           main] org.hibernate.SQL                        : 
    delete 
    from
        idempotency_key 
    where
        id=?
Hibernate: 
    delete 
    from
        idempotency_key 
    where
        id=?
2026-02-07T10:13:51.630+05:30 DEBUG 3324 --- [           main] org.hibernate.SQL                        : 
    delete 
    from
        idempotency_key 
    where
        id=?
Hibernate: 
    delete 
    from
        idempotency_key 
    where
        id=?
2026-02-07T10:13:51.633+05:30 DEBUG 3324 --- [           main] org.hibernate.SQL                        : 
    delete 
    from
        idempotency_key 
    where
        id=?
Hibernate: 
    delete 
    from
        idempotency_key 
    where
        id=?
2026-02-07T10:13:51.639+05:30 DEBUG 3324 --- [           main] org.hibernate.SQL                        : 
    select
        le1_0.id,
        le1_0.amount,
        le1_0.asset,
        le1_0.created_at,
        le1_0.credit_user,
        le1_0.debit_user,
        le1_0.idempotency_key,
        le1_0.reference 
    from
        ledger_entry le1_0
Hibernate: 
    select
        le1_0.id,
        le1_0.amount,
        le1_0.asset,
        le1_0.created_at,
        le1_0.credit_user,
        le1_0.debit_user,
        le1_0.idempotency_key,
        le1_0.reference 
    from
        ledger_entry le1_0
2026-02-07T10:13:51.653+05:30 DEBUG 3324 --- [           main] org.hibernate.SQL                        : 
    delete 
    from
        ledger_entry 
    where
        id=?
Hibernate: 
    delete 
    from
        ledger_entry 
    where
        id=?
2026-02-07T10:13:51.657+05:30 DEBUG 3324 --- [           main] org.hibernate.SQL                        : 
    delete 
    from
        ledger_entry 
    where
        id=?
Hibernate: 
    delete 
    from
        ledger_entry 
    where
        id=?
2026-02-07T10:13:51.660+05:30 DEBUG 3324 --- [           main] org.hibernate.SQL                        : 
    delete 
    from
        ledger_entry 
    where
        id=?
Hibernate: 
    delete 
    from
        ledger_entry 
    where
        id=?
2026-02-07T10:13:51.665+05:30 DEBUG 3324 --- [           main] org.hibernate.SQL                        : 
    delete 
    from
        ledger_entry 
    where
        id=?
Hibernate: 
    delete 
    from
        ledger_entry 
    where
        id=?
2026-02-07T10:13:51.667+05:30 DEBUG 3324 --- [           main] org.hibernate.SQL                        : 
    delete 
    from
        ledger_entry 
    where
        id=?
Hibernate: 
    delete 
    from
        ledger_entry 
    where
        id=?
2026-02-07T10:13:51.686+05:30 DEBUG 3324 --- [           main] org.hibernate.SQL                        : 
    select
        w1_0.asset,
        w1_0.user_id,
        w1_0.balance,
        w1_0.created_at,
        w1_0.updated_at,
        w1_0.version 
    from
        wallet w1_0
Hibernate: 
    select
        w1_0.asset,
        w1_0.user_id,
        w1_0.balance,
        w1_0.created_at,
        w1_0.updated_at,
        w1_0.version 
    from
        wallet w1_0
2026-02-07T10:13:51.709+05:30 DEBUG 3324 --- [           main] org.hibernate.SQL                        : 
    delete 
    from
        wallet 
    where
        asset=? 
        and user_id=? 
        and version=?
Hibernate: 
    delete 
    from
        wallet 
    where
        asset=? 
        and user_id=? 
        and version=?
2026-02-07T10:13:51.720+05:30 DEBUG 3324 --- [           main] org.hibernate.SQL                        : 
    delete 
    from
        wallet 
    where
        asset=? 
        and user_id=? 
        and version=?
Hibernate: 
    delete 
    from
        wallet 
    where
        asset=? 
        and user_id=? 
        and version=?
2026-02-07T10:13:51.753+05:30 DEBUG 3324 --- [           main] org.hibernate.SQL                        : 
    select
        a1_0.code,
        a1_0.limited_supply 
    from
        asset a1_0
Hibernate: 
    select
        a1_0.code,
        a1_0.limited_supply 
    from
        asset a1_0
2026-02-07T10:13:51.781+05:30 DEBUG 3324 --- [           main] org.hibernate.SQL                        : 
    delete 
    from
        asset 
    where
        code=?
Hibernate: 
    delete 
    from
        asset 
    where
        code=?
2026-02-07T10:13:51.785+05:30 DEBUG 3324 --- [           main] org.hibernate.SQL                        : 
    delete 
    from
        asset 
    where
        code=?
Hibernate: 
    delete 
    from
        asset 
    where
        code=?
2026-02-07T10:13:51.828+05:30 DEBUG 3324 --- [           main] org.hibernate.SQL                        : 
    select
        a1_0.code,
        a1_0.limited_supply 
    from
        asset a1_0 
    where
        a1_0.code=?
Hibernate: 
    select
        a1_0.code,
        a1_0.limited_supply 
    from
        asset a1_0 
    where
        a1_0.code=?
2026-02-07T10:13:51.855+05:30 DEBUG 3324 --- [           main] org.hibernate.SQL                        : 
    insert 
    into
        asset
        (limited_supply, code) 
    values
        (?, ?)
Hibernate: 
    insert 
    into
        asset
        (limited_supply, code) 
    values
        (?, ?)
2026-02-07T10:13:51.865+05:30 DEBUG 3324 --- [           main] org.hibernate.SQL                        : 
    select
        a1_0.code,
        a1_0.limited_supply 
    from
        asset a1_0 
    where
        a1_0.code=?
Hibernate: 
    select
        a1_0.code,
        a1_0.limited_supply 
    from
        asset a1_0 
    where
        a1_0.code=?
2026-02-07T10:13:51.875+05:30 DEBUG 3324 --- [           main] org.hibernate.SQL                        : 
    insert 
    into
        asset
        (limited_supply, code) 
    values
        (?, ?)
Hibernate: 
    insert 
    into
        asset
        (limited_supply, code) 
    values
        (?, ?)
2026-02-07T10:13:51.892+05:30 DEBUG 3324 --- [           main] org.hibernate.SQL                        : 
    insert 
    into
        wallet
        (balance, created_at, updated_at, version, asset, user_id) 
    values
        (?, ?, ?, ?, ?, ?)
Hibernate: 
    insert 
    into
        wallet
        (balance, created_at, updated_at, version, asset, user_id) 
    values
        (?, ?, ?, ?, ?, ?)
2026-02-07T10:13:51.908+05:30 DEBUG 3324 --- [           main] org.hibernate.SQL                        : 
    insert 
    into
        wallet
        (balance, created_at, updated_at, version, asset, user_id) 
    values
        (?, ?, ?, ?, ?, ?)
Hibernate: 
    insert 
    into
        wallet
        (balance, created_at, updated_at, version, asset, user_id) 
    values
        (?, ?, ?, ?, ?, ?)
2026-02-07T10:13:51.985+05:30 DEBUG 3324 --- [pool-4-thread-3] org.hibernate.SQL                        : 
    select
        ik1_0.id 
    from
        idempotency_key ik1_0 
    where
        ik1_0.idempotency_key=? 
        and ik1_0.operation=? 
    fetch
        first ? rows only
Hibernate: 
    select
        ik1_0.id 
    from
        idempotency_key ik1_0 
    where
        ik1_0.idempotency_key=? 
        and ik1_0.operation=? 
    fetch
        first ? rows only
2026-02-07T10:13:51.986+05:30 DEBUG 3324 --- [pool-4-thread-8] org.hibernate.SQL                        : 
    select
        ik1_0.id 
    from
        idempotency_key ik1_0 
    where
        ik1_0.idempotency_key=? 
        and ik1_0.operation=? 
    fetch
        first ? rows only
Hibernate: 
    select
        ik1_0.id 
    from
        idempotency_key ik1_0 
    where
        ik1_0.idempotency_key=? 
        and ik1_0.operation=? 
    fetch
        first ? rows only
2026-02-07T10:13:51.986+05:30 DEBUG 3324 --- [pool-4-thread-2] org.hibernate.SQL                        : 
    select
        ik1_0.id 
    from
        idempotency_key ik1_0 
    where
        ik1_0.idempotency_key=? 
        and ik1_0.operation=? 
    fetch
        first ? rows only
Hibernate: 
    select
        ik1_0.id 
    from
        idempotency_key ik1_0 
    where
        ik1_0.idempotency_key=? 
        and ik1_0.operation=? 
    fetch
        first ? rows only
2026-02-07T10:13:51.958+05:30 DEBUG 3324 --- [pool-4-thread-4] org.hibernate.SQL                        : 
    select
        ik1_0.id 
    from
        idempotency_key ik1_0 
    where
        ik1_0.idempotency_key=? 
        and ik1_0.operation=? 
    fetch
        first ? rows only
Hibernate: 
    select
        ik1_0.id 
    from
        idempotency_key ik1_0 
    where
        ik1_0.idempotency_key=? 
        and ik1_0.operation=? 
    fetch
        first ? rows only
2026-02-07T10:13:51.988+05:30 DEBUG 3324 --- [pool-4-thread-2] org.hibernate.SQL                        : 
    select
        a1_0.code,
        a1_0.limited_supply 
    from
        asset a1_0 
    where
        a1_0.code=?
Hibernate: 
    select
        a1_0.code,
        a1_0.limited_supply 
    from
        asset a1_0 
    where
        a1_0.code=?
2026-02-07T10:13:51.992+05:30 DEBUG 3324 --- [pool-4-thread-6] org.hibernate.SQL                        : 
    select
        ik1_0.id 
    from
        idempotency_key ik1_0 
    where
        ik1_0.idempotency_key=? 
        and ik1_0.operation=? 
    fetch
        first ? rows only
Hibernate: 
    select
        ik1_0.id 
    from
        idempotency_key ik1_0 
    where
        ik1_0.idempotency_key=? 
        and ik1_0.operation=? 
    fetch
        first ? rows only
2026-02-07T10:13:51.989+05:30 DEBUG 3324 --- [pool-4-thread-4] org.hibernate.SQL                        : 
    select
        a1_0.code,
        a1_0.limited_supply 
    from
        asset a1_0 
    where
        a1_0.code=?
Hibernate: 
    select
        a1_0.code,
        a1_0.limited_supply 
    from
        asset a1_0 
    where
        a1_0.code=?
2026-02-07T10:13:52.003+05:30 DEBUG 3324 --- [pool-4-thread-3] org.hibernate.SQL                        : 
    select
        a1_0.code,
        a1_0.limited_supply 
    from
        asset a1_0 
    where
        a1_0.code=?
Hibernate: 
    select
        a1_0.code,
        a1_0.limited_supply 
    from
        asset a1_0 
    where
        a1_0.code=?
2026-02-07T10:13:52.004+05:30 DEBUG 3324 --- [pool-4-thread-5] org.hibernate.SQL                        : 
    select
        ik1_0.id 
    from
        idempotency_key ik1_0 
    where
        ik1_0.idempotency_key=? 
        and ik1_0.operation=? 
    fetch
        first ? rows only
Hibernate: 
    select
        ik1_0.id 
    from
        idempotency_key ik1_0 
    where
        ik1_0.idempotency_key=? 
        and ik1_0.operation=? 
    fetch
        first ? rows only
2026-02-07T10:13:51.995+05:30 DEBUG 3324 --- [ool-4-thread-10] org.hibernate.SQL                        : 
    select
        ik1_0.id 
    from
        idempotency_key ik1_0 
    where
        ik1_0.idempotency_key=? 
        and ik1_0.operation=? 
    fetch
        first ? rows only
Hibernate: 
    select
        ik1_0.id 
    from
        idempotency_key ik1_0 
    where
        ik1_0.idempotency_key=? 
        and ik1_0.operation=? 
    fetch
        first ? rows only
2026-02-07T10:13:52.007+05:30 DEBUG 3324 --- [pool-4-thread-9] org.hibernate.SQL                        : 
    select
        ik1_0.id 
    from
        idempotency_key ik1_0 
    where
        ik1_0.idempotency_key=? 
        and ik1_0.operation=? 
    fetch
        first ? rows only
2026-02-07T10:13:52.007+05:30 DEBUG 3324 --- [pool-4-thread-1] org.hibernate.SQL                        : 
    select
        ik1_0.id 
    from
        idempotency_key ik1_0 
    where
        ik1_0.idempotency_key=? 
        and ik1_0.operation=? 
    fetch
        first ? rows only
2026-02-07T10:13:52.007+05:30 DEBUG 3324 --- [pool-4-thread-8] org.hibernate.SQL                        : 
    select
        a1_0.code,
        a1_0.limited_supply 
    from
        asset a1_0 
    where
        a1_0.code=?
Hibernate: 
    select
        a1_0.code,
        a1_0.limited_supply 
    from
        asset a1_0 
    where
        a1_0.code=?
Hibernate: 
    select
        ik1_0.id 
    from
        idempotency_key ik1_0 
    where
        ik1_0.idempotency_key=? 
        and ik1_0.operation=? 
    fetch
        first ? rows only
2026-02-07T10:13:52.009+05:30 DEBUG 3324 --- [pool-4-thread-4] org.hibernate.SQL                        : 
    select
        w1_0.asset,
        w1_0.user_id,
        w1_0.balance,
        w1_0.created_at,
        w1_0.updated_at,
        w1_0.version 
    from
        wallet w1_0 
    where
        w1_0.user_id=? 
        and w1_0.asset=? for update
Hibernate: 
    select
        w1_0.asset,
        w1_0.user_id,
        w1_0.balance,
        w1_0.created_at,
        w1_0.updated_at,
        w1_0.version 
    from
        wallet w1_0 
    where
        w1_0.user_id=? 
        and w1_0.asset=? for update
2026-02-07T10:13:52.009+05:30 DEBUG 3324 --- [pool-4-thread-2] org.hibernate.SQL                        : 
    select
        w1_0.asset,
        w1_0.user_id,
        w1_0.balance,
        w1_0.created_at,
        w1_0.updated_at,
        w1_0.version 
    from
        wallet w1_0 
    where
        w1_0.user_id=? 
        and w1_0.asset=? for update
Hibernate: 
    select
        w1_0.asset,
        w1_0.user_id,
        w1_0.balance,
        w1_0.created_at,
        w1_0.updated_at,
        w1_0.version 
    from
        wallet w1_0 
    where
        w1_0.user_id=? 
        and w1_0.asset=? for update
2026-02-07T10:13:52.011+05:30 DEBUG 3324 --- [pool-4-thread-5] org.hibernate.SQL                        : 
    select
        a1_0.code,
        a1_0.limited_supply 
    from
        asset a1_0 
    where
        a1_0.code=?
Hibernate: 
    select
        a1_0.code,
        a1_0.limited_supply 
    from
        asset a1_0 
    where
        a1_0.code=?
2026-02-07T10:13:52.013+05:30 DEBUG 3324 --- [pool-4-thread-7] org.hibernate.SQL                        : 
    select
        ik1_0.id 
    from
        idempotency_key ik1_0 
    where
        ik1_0.idempotency_key=? 
        and ik1_0.operation=? 
    fetch
        first ? rows only
Hibernate: 
    select
        ik1_0.id 
    from
        idempotency_key ik1_0 
    where
        ik1_0.idempotency_key=? 
        and ik1_0.operation=? 
    fetch
        first ? rows only
Hibernate: 
    select
        ik1_0.id 
    from
        idempotency_key ik1_0 
    where
        ik1_0.idempotency_key=? 
        and ik1_0.operation=? 
    fetch
        first ? rows only
2026-02-07T10:13:52.014+05:30 DEBUG 3324 --- [pool-4-thread-6] org.hibernate.SQL                        : 
    select
        a1_0.code,
        a1_0.limited_supply 
    from
        asset a1_0 
    where
        a1_0.code=?
Hibernate: 
    select
        a1_0.code,
        a1_0.limited_supply 
    from
        asset a1_0 
    where
        a1_0.code=?
2026-02-07T10:13:52.016+05:30 DEBUG 3324 --- [pool-4-thread-8] org.hibernate.SQL                        : 
    select
        w1_0.asset,
        w1_0.user_id,
        w1_0.balance,
        w1_0.created_at,
        w1_0.updated_at,
        w1_0.version 
    from
        wallet w1_0 
    where
        w1_0.user_id=? 
        and w1_0.asset=? for update
Hibernate: 
    select
        w1_0.asset,
        w1_0.user_id,
        w1_0.balance,
        w1_0.created_at,
        w1_0.updated_at,
        w1_0.version 
    from
        wallet w1_0 
    where
        w1_0.user_id=? 
        and w1_0.asset=? for update
2026-02-07T10:13:52.019+05:30 DEBUG 3324 --- [pool-4-thread-3] org.hibernate.SQL                        : 
    select
        w1_0.asset,
        w1_0.user_id,
        w1_0.balance,
        w1_0.created_at,
        w1_0.updated_at,
        w1_0.version 
    from
        wallet w1_0 
    where
        w1_0.user_id=? 
        and w1_0.asset=? for update
Hibernate: 
    select
        w1_0.asset,
        w1_0.user_id,
        w1_0.balance,
        w1_0.created_at,
        w1_0.updated_at,
        w1_0.version 
    from
        wallet w1_0 
    where
        w1_0.user_id=? 
        and w1_0.asset=? for update
2026-02-07T10:13:52.020+05:30 DEBUG 3324 --- [pool-4-thread-5] org.hibernate.SQL                        : 
    select
        w1_0.asset,
        w1_0.user_id,
        w1_0.balance,
        w1_0.created_at,
        w1_0.updated_at,
        w1_0.version 
    from
        wallet w1_0 
    where
        w1_0.user_id=? 
        and w1_0.asset=? for update
Hibernate: 
    select
        w1_0.asset,
        w1_0.user_id,
        w1_0.balance,
        w1_0.created_at,
        w1_0.updated_at,
        w1_0.version 
    from
        wallet w1_0 
    where
        w1_0.user_id=? 
        and w1_0.asset=? for update
2026-02-07T10:13:52.016+05:30 DEBUG 3324 --- [ool-4-thread-10] org.hibernate.SQL                        : 
    select
        a1_0.code,
        a1_0.limited_supply 
    from
        asset a1_0 
    where
        a1_0.code=?
Hibernate: 
    select
        a1_0.code,
        a1_0.limited_supply 
    from
        asset a1_0 
    where
        a1_0.code=?
2026-02-07T10:13:52.022+05:30 DEBUG 3324 --- [pool-4-thread-6] org.hibernate.SQL                        : 
    select
        w1_0.asset,
        w1_0.user_id,
        w1_0.balance,
        w1_0.created_at,
        w1_0.updated_at,
        w1_0.version 
    from
        wallet w1_0 
    where
        w1_0.user_id=? 
        and w1_0.asset=? for update
Hibernate: 
    select
        w1_0.asset,
        w1_0.user_id,
        w1_0.balance,
        w1_0.created_at,
        w1_0.updated_at,
        w1_0.version 
    from
        wallet w1_0 
    where
        w1_0.user_id=? 
        and w1_0.asset=? for update
2026-02-07T10:13:52.023+05:30 DEBUG 3324 --- [pool-4-thread-4] org.hibernate.SQL                        : 
    update
        wallet 
    set
        balance=?,
        updated_at=?,
        version=? 
    where
        asset=? 
        and user_id=? 
        and version=?
Hibernate: 
    update
        wallet 
    set
        balance=?,
        updated_at=?,
        version=? 
    where
        asset=? 
        and user_id=? 
        and version=?
2026-02-07T10:13:52.026+05:30 DEBUG 3324 --- [ool-4-thread-10] org.hibernate.SQL                        : 
    select
        w1_0.asset,
        w1_0.user_id,
        w1_0.balance,
        w1_0.created_at,
        w1_0.updated_at,
        w1_0.version 
    from
        wallet w1_0 
    where
        w1_0.user_id=? 
        and w1_0.asset=? for update
2026-02-07T10:13:52.025+05:30 DEBUG 3324 --- [pool-4-thread-4] org.hibernate.SQL                        : 
    select
        w1_0.asset,
        w1_0.user_id,
        w1_0.balance,
        w1_0.created_at,
        w1_0.updated_at,
        w1_0.version 
    from
        wallet w1_0 
    where
        w1_0.user_id=? 
        and w1_0.asset=? for update
Hibernate: 
    select
        w1_0.asset,
        w1_0.user_id,
        w1_0.balance,
        w1_0.created_at,
        w1_0.updated_at,
        w1_0.version 
    from
        wallet w1_0 
    where
        w1_0.user_id=? 
        and w1_0.asset=? for update
Hibernate: 
    select
        w1_0.asset,
        w1_0.user_id,
        w1_0.balance,
        w1_0.created_at,
        w1_0.updated_at,
        w1_0.version 
    from
        wallet w1_0 
    where
        w1_0.user_id=? 
        and w1_0.asset=? for update
2026-02-07T10:13:52.030+05:30 DEBUG 3324 --- [pool-4-thread-4] org.hibernate.SQL                        : 
    insert 
    into
        ledger_entry
        (amount, asset, created_at, credit_user, debit_user, idempotency_key, reference, id) 
    values
        (?, ?, ?, ?, ?, ?, ?, default)
Hibernate: 
    insert 
    into
        ledger_entry
        (amount, asset, created_at, credit_user, debit_user, idempotency_key, reference, id) 
    values
        (?, ?, ?, ?, ?, ?, ?, default)
2026-02-07T10:13:52.034+05:30 DEBUG 3324 --- [pool-4-thread-4] org.hibernate.SQL                        : 
    insert 
    into
        idempotency_key
        (created_at, idempotency_key, operation, id) 
    values
        (?, ?, ?, default)
Hibernate: 
    insert 
    into
        idempotency_key
        (created_at, idempotency_key, operation, id) 
    values
        (?, ?, ?, default)
2026-02-07T10:13:52.037+05:30 DEBUG 3324 --- [pool-4-thread-4] org.hibernate.SQL                        : 
    update
        wallet 
    set
        balance=?,
        updated_at=?,
        version=? 
    where
        asset=? 
        and user_id=? 
        and version=?
Hibernate: 
    update
        wallet 
    set
        balance=?,
        updated_at=?,
        version=? 
    where
        asset=? 
        and user_id=? 
        and version=?
2026-02-07T10:13:52.077+05:30 DEBUG 3324 --- [pool-4-thread-1] org.hibernate.SQL                        : 
    select
        a1_0.code,
        a1_0.limited_supply 
    from
        asset a1_0 
    where
        a1_0.code=?
Hibernate: 
    select
        a1_0.code,
        a1_0.limited_supply 
    from
        asset a1_0 
    where
        a1_0.code=?
2026-02-07T10:13:52.079+05:30 DEBUG 3324 --- [pool-4-thread-2] org.hibernate.SQL                        : 
    update
        wallet 
    set
        balance=?,
        updated_at=?,
        version=? 
    where
        asset=? 
        and user_id=? 
        and version=?
Hibernate: 
    update
        wallet 
    set
        balance=?,
        updated_at=?,
        version=? 
    where
        asset=? 
        and user_id=? 
        and version=?
2026-02-07T10:13:52.079+05:30 DEBUG 3324 --- [pool-4-thread-7] org.hibernate.SQL                        : 
    select
        a1_0.code,
        a1_0.limited_supply 
    from
        asset a1_0 
    where
        a1_0.code=?
Hibernate: 
    select
        a1_0.code,
        a1_0.limited_supply 
    from
        asset a1_0 
    where
        a1_0.code=?
2026-02-07T10:13:52.078+05:30 DEBUG 3324 --- [pool-4-thread-9] org.hibernate.SQL                        : 
    select
        a1_0.code,
        a1_0.limited_supply 
    from
        asset a1_0 
    where
        a1_0.code=?
Hibernate: 
    select
        a1_0.code,
        a1_0.limited_supply 
    from
        asset a1_0 
    where
        a1_0.code=?
2026-02-07T10:13:52.080+05:30 DEBUG 3324 --- [pool-4-thread-2] org.hibernate.SQL                        : 
    select
        w1_0.asset,
        w1_0.user_id,
        w1_0.balance,
        w1_0.created_at,
        w1_0.updated_at,
        w1_0.version 
    from
        wallet w1_0 
    where
        w1_0.user_id=? 
        and w1_0.asset=? for update
Hibernate: 
    select
        w1_0.asset,
        w1_0.user_id,
        w1_0.balance,
        w1_0.created_at,
        w1_0.updated_at,
        w1_0.version 
    from
        wallet w1_0 
    where
        w1_0.user_id=? 
        and w1_0.asset=? for update
2026-02-07T10:13:52.082+05:30 DEBUG 3324 --- [pool-4-thread-1] org.hibernate.SQL                        : 
    select
        w1_0.asset,
        w1_0.user_id,
        w1_0.balance,
        w1_0.created_at,
        w1_0.updated_at,
        w1_0.version 
    from
        wallet w1_0 
    where
        w1_0.user_id=? 
        and w1_0.asset=? for update
Hibernate: 
    select
        w1_0.asset,
        w1_0.user_id,
        w1_0.balance,
        w1_0.created_at,
        w1_0.updated_at,
        w1_0.version 
    from
        wallet w1_0 
    where
        w1_0.user_id=? 
        and w1_0.asset=? for update
2026-02-07T10:13:52.082+05:30 DEBUG 3324 --- [pool-4-thread-9] org.hibernate.SQL                        : 
    select
        w1_0.asset,
        w1_0.user_id,
        w1_0.balance,
        w1_0.created_at,
        w1_0.updated_at,
        w1_0.version 
    from
        wallet w1_0 
    where
        w1_0.user_id=? 
        and w1_0.asset=? for update
Hibernate: 
    select
        w1_0.asset,
        w1_0.user_id,
        w1_0.balance,
        w1_0.created_at,
        w1_0.updated_at,
        w1_0.version 
    from
        wallet w1_0 
    where
        w1_0.user_id=? 
        and w1_0.asset=? for update
2026-02-07T10:13:52.084+05:30 DEBUG 3324 --- [pool-4-thread-7] org.hibernate.SQL                        : 
    select
        w1_0.asset,
        w1_0.user_id,
        w1_0.balance,
        w1_0.created_at,
        w1_0.updated_at,
        w1_0.version 
    from
        wallet w1_0 
    where
        w1_0.user_id=? 
        and w1_0.asset=? for update
Hibernate: 
    select
        w1_0.asset,
        w1_0.user_id,
        w1_0.balance,
        w1_0.created_at,
        w1_0.updated_at,
        w1_0.version 
    from
        wallet w1_0 
    where
        w1_0.user_id=? 
        and w1_0.asset=? for update
2026-02-07T10:13:52.084+05:30 DEBUG 3324 --- [pool-4-thread-2] org.hibernate.SQL                        : 
    insert 
    into
        ledger_entry
        (amount, asset, created_at, credit_user, debit_user, idempotency_key, reference, id) 
    values
        (?, ?, ?, ?, ?, ?, ?, default)
Hibernate: 
    insert 
    into
        ledger_entry
        (amount, asset, created_at, credit_user, debit_user, idempotency_key, reference, id) 
    values
        (?, ?, ?, ?, ?, ?, ?, default)
2026-02-07T10:13:52.087+05:30 DEBUG 3324 --- [pool-4-thread-2] org.hibernate.SQL                        : 
    insert 
    into
        idempotency_key
        (created_at, idempotency_key, operation, id) 
    values
        (?, ?, ?, default)
Hibernate: 
    insert 
    into
        idempotency_key
        (created_at, idempotency_key, operation, id) 
    values
        (?, ?, ?, default)
2026-02-07T10:13:52.093+05:30 DEBUG 3324 --- [pool-4-thread-2] org.hibernate.SQL                        : 
    update
        wallet 
    set
        balance=?,
        updated_at=?,
        version=? 
    where
        asset=? 
        and user_id=? 
        and version=?
Hibernate: 
    update
        wallet 
    set
        balance=?,
        updated_at=?,
        version=? 
    where
        asset=? 
        and user_id=? 
        and version=?
2026-02-07T10:13:52.106+05:30 DEBUG 3324 --- [pool-4-thread-5] org.hibernate.SQL                        : 
    update
        wallet 
    set
        balance=?,
        updated_at=?,
        version=? 
    where
        asset=? 
        and user_id=? 
        and version=?
Hibernate: 
    update
        wallet 
    set
        balance=?,
        updated_at=?,
        version=? 
    where
        asset=? 
        and user_id=? 
        and version=?
2026-02-07T10:13:52.116+05:30 DEBUG 3324 --- [pool-4-thread-5] org.hibernate.SQL                        : 
    select
        w1_0.asset,
        w1_0.user_id,
        w1_0.balance,
        w1_0.created_at,
        w1_0.updated_at,
        w1_0.version 
    from
        wallet w1_0 
    where
        w1_0.user_id=? 
        and w1_0.asset=? for update
Hibernate: 
    select
        w1_0.asset,
        w1_0.user_id,
        w1_0.balance,
        w1_0.created_at,
        w1_0.updated_at,
        w1_0.version 
    from
        wallet w1_0 
    where
        w1_0.user_id=? 
        and w1_0.asset=? for update
2026-02-07T10:13:52.129+05:30 DEBUG 3324 --- [pool-4-thread-5] org.hibernate.SQL                        : 
    insert 
    into
        ledger_entry
        (amount, asset, created_at, credit_user, debit_user, idempotency_key, reference, id) 
    values
        (?, ?, ?, ?, ?, ?, ?, default)
Hibernate: 
    insert 
    into
        ledger_entry
        (amount, asset, created_at, credit_user, debit_user, idempotency_key, reference, id) 
    values
        (?, ?, ?, ?, ?, ?, ?, default)
2026-02-07T10:13:52.139+05:30 DEBUG 3324 --- [pool-4-thread-5] org.hibernate.SQL                        : 
    insert 
    into
        idempotency_key
        (created_at, idempotency_key, operation, id) 
    values
        (?, ?, ?, default)
Hibernate: 
    insert 
    into
        idempotency_key
        (created_at, idempotency_key, operation, id) 
    values
        (?, ?, ?, default)
2026-02-07T10:13:52.143+05:30 DEBUG 3324 --- [pool-4-thread-5] org.hibernate.SQL                        : 
    update
        wallet 
    set
        balance=?,
        updated_at=?,
        version=? 
    where
        asset=? 
        and user_id=? 
        and version=?
Hibernate: 
    update
        wallet 
    set
        balance=?,
        updated_at=?,
        version=? 
    where
        asset=? 
        and user_id=? 
        and version=?
2026-02-07T10:13:52.165+05:30 DEBUG 3324 --- [pool-4-thread-3] org.hibernate.SQL                        : 
    update
        wallet 
    set
        balance=?,
        updated_at=?,
        version=? 
    where
        asset=? 
        and user_id=? 
        and version=?
Hibernate: 
    update
        wallet 
    set
        balance=?,
        updated_at=?,
        version=? 
    where
        asset=? 
        and user_id=? 
        and version=?
2026-02-07T10:13:52.172+05:30 DEBUG 3324 --- [pool-4-thread-3] org.hibernate.SQL                        : 
    select
        w1_0.asset,
        w1_0.user_id,
        w1_0.balance,
        w1_0.created_at,
        w1_0.updated_at,
        w1_0.version 
    from
        wallet w1_0 
    where
        w1_0.user_id=? 
        and w1_0.asset=? for update
Hibernate: 
    select
        w1_0.asset,
        w1_0.user_id,
        w1_0.balance,
        w1_0.created_at,
        w1_0.updated_at,
        w1_0.version 
    from
        wallet w1_0 
    where
        w1_0.user_id=? 
        and w1_0.asset=? for update
2026-02-07T10:13:52.193+05:30 DEBUG 3324 --- [pool-4-thread-3] org.hibernate.SQL                        : 
    insert 
    into
        ledger_entry
        (amount, asset, created_at, credit_user, debit_user, idempotency_key, reference, id) 
    values
        (?, ?, ?, ?, ?, ?, ?, default)
Hibernate: 
    insert 
    into
        ledger_entry
        (amount, asset, created_at, credit_user, debit_user, idempotency_key, reference, id) 
    values
        (?, ?, ?, ?, ?, ?, ?, default)
2026-02-07T10:13:52.202+05:30 DEBUG 3324 --- [pool-4-thread-3] org.hibernate.SQL                        : 
    insert 
    into
        idempotency_key
        (created_at, idempotency_key, operation, id) 
    values
        (?, ?, ?, default)
Hibernate: 
    insert 
    into
        idempotency_key
        (created_at, idempotency_key, operation, id) 
    values
        (?, ?, ?, default)
2026-02-07T10:13:52.206+05:30 DEBUG 3324 --- [pool-4-thread-3] org.hibernate.SQL                        : 
    update
        wallet 
    set
        balance=?,
        updated_at=?,
        version=? 
    where
        asset=? 
        and user_id=? 
        and version=?
Hibernate: 
    update
        wallet 
    set
        balance=?,
        updated_at=?,
        version=? 
    where
        asset=? 
        and user_id=? 
        and version=?
2026-02-07T10:13:52.221+05:30 DEBUG 3324 --- [ool-4-thread-10] org.hibernate.SQL                        : 
    update
        wallet 
    set
        balance=?,
        updated_at=?,
        version=? 
    where
        asset=? 
        and user_id=? 
        and version=?
Hibernate: 
    update
        wallet 
    set
        balance=?,
        updated_at=?,
        version=? 
    where
        asset=? 
        and user_id=? 
        and version=?
2026-02-07T10:13:52.226+05:30 DEBUG 3324 --- [ool-4-thread-10] org.hibernate.SQL                        : 
    select
        w1_0.asset,
        w1_0.user_id,
        w1_0.balance,
        w1_0.created_at,
        w1_0.updated_at,
        w1_0.version 
    from
        wallet w1_0 
    where
        w1_0.user_id=? 
        and w1_0.asset=? for update
Hibernate: 
    select
        w1_0.asset,
        w1_0.user_id,
        w1_0.balance,
        w1_0.created_at,
        w1_0.updated_at,
        w1_0.version 
    from
        wallet w1_0 
    where
        w1_0.user_id=? 
        and w1_0.asset=? for update
2026-02-07T10:13:52.249+05:30 DEBUG 3324 --- [ool-4-thread-10] org.hibernate.SQL                        : 
    insert 
    into
        ledger_entry
        (amount, asset, created_at, credit_user, debit_user, idempotency_key, reference, id) 
    values
        (?, ?, ?, ?, ?, ?, ?, default)
Hibernate: 
    insert 
    into
        ledger_entry
        (amount, asset, created_at, credit_user, debit_user, idempotency_key, reference, id) 
    values
        (?, ?, ?, ?, ?, ?, ?, default)
2026-02-07T10:13:52.255+05:30 DEBUG 3324 --- [ool-4-thread-10] org.hibernate.SQL                        : 
    insert 
    into
        idempotency_key
        (created_at, idempotency_key, operation, id) 
    values
        (?, ?, ?, default)
Hibernate: 
    insert 
    into
        idempotency_key
        (created_at, idempotency_key, operation, id) 
    values
        (?, ?, ?, default)
2026-02-07T10:13:52.261+05:30 DEBUG 3324 --- [ool-4-thread-10] org.hibernate.SQL                        : 
    update
        wallet 
    set
        balance=?,
        updated_at=?,
        version=? 
    where
        asset=? 
        and user_id=? 
        and version=?
Hibernate: 
    update
        wallet 
    set
        balance=?,
        updated_at=?,
        version=? 
    where
        asset=? 
        and user_id=? 
        and version=?
2026-02-07T10:13:52.275+05:30 DEBUG 3324 --- [pool-4-thread-6] org.hibernate.SQL                        : 
    update
        wallet 
    set
        balance=?,
        updated_at=?,
        version=? 
    where
        asset=? 
        and user_id=? 
        and version=?
Hibernate: 
    update
        wallet 
    set
        balance=?,
        updated_at=?,
        version=? 
    where
        asset=? 
        and user_id=? 
        and version=?
2026-02-07T10:13:52.279+05:30 DEBUG 3324 --- [pool-4-thread-6] org.hibernate.SQL                        : 
    select
        w1_0.asset,
        w1_0.user_id,
        w1_0.balance,
        w1_0.created_at,
        w1_0.updated_at,
        w1_0.version 
    from
        wallet w1_0 
    where
        w1_0.user_id=? 
        and w1_0.asset=? for update
Hibernate: 
    select
        w1_0.asset,
        w1_0.user_id,
        w1_0.balance,
        w1_0.created_at,
        w1_0.updated_at,
        w1_0.version 
    from
        wallet w1_0 
    where
        w1_0.user_id=? 
        and w1_0.asset=? for update
2026-02-07T10:13:52.285+05:30 DEBUG 3324 --- [pool-4-thread-6] org.hibernate.SQL                        : 
    insert 
    into
        ledger_entry
        (amount, asset, created_at, credit_user, debit_user, idempotency_key, reference, id) 
    values
        (?, ?, ?, ?, ?, ?, ?, default)
Hibernate: 
    insert 
    into
        ledger_entry
        (amount, asset, created_at, credit_user, debit_user, idempotency_key, reference, id) 
    values
        (?, ?, ?, ?, ?, ?, ?, default)
2026-02-07T10:13:52.290+05:30 DEBUG 3324 --- [pool-4-thread-6] org.hibernate.SQL                        : 
    insert 
    into
        idempotency_key
        (created_at, idempotency_key, operation, id) 
    values
        (?, ?, ?, default)
Hibernate: 
    insert 
    into
        idempotency_key
        (created_at, idempotency_key, operation, id) 
    values
        (?, ?, ?, default)
2026-02-07T10:13:52.297+05:30 DEBUG 3324 --- [pool-4-thread-6] org.hibernate.SQL                        : 
    update
        wallet 
    set
        balance=?,
        updated_at=?,
        version=? 
    where
        asset=? 
        and user_id=? 
        and version=?
Hibernate: 
    update
        wallet 
    set
        balance=?,
        updated_at=?,
        version=? 
    where
        asset=? 
        and user_id=? 
        and version=?
2026-02-07T10:13:52.306+05:30 DEBUG 3324 --- [pool-4-thread-8] org.hibernate.SQL                        : 
    update
        wallet 
    set
        balance=?,
        updated_at=?,
        version=? 
    where
        asset=? 
        and user_id=? 
        and version=?
Hibernate: 
    update
        wallet 
    set
        balance=?,
        updated_at=?,
        version=? 
    where
        asset=? 
        and user_id=? 
        and version=?
2026-02-07T10:13:52.308+05:30 DEBUG 3324 --- [pool-4-thread-8] org.hibernate.SQL                        : 
    select
        w1_0.asset,
        w1_0.user_id,
        w1_0.balance,
        w1_0.created_at,
        w1_0.updated_at,
        w1_0.version 
    from
        wallet w1_0 
    where
        w1_0.user_id=? 
        and w1_0.asset=? for update
Hibernate: 
    select
        w1_0.asset,
        w1_0.user_id,
        w1_0.balance,
        w1_0.created_at,
        w1_0.updated_at,
        w1_0.version 
    from
        wallet w1_0 
    where
        w1_0.user_id=? 
        and w1_0.asset=? for update
2026-02-07T10:13:52.315+05:30 DEBUG 3324 --- [pool-4-thread-8] org.hibernate.SQL                        : 
    insert 
    into
        ledger_entry
        (amount, asset, created_at, credit_user, debit_user, idempotency_key, reference, id) 
    values
        (?, ?, ?, ?, ?, ?, ?, default)
Hibernate: 
    insert 
    into
        ledger_entry
        (amount, asset, created_at, credit_user, debit_user, idempotency_key, reference, id) 
    values
        (?, ?, ?, ?, ?, ?, ?, default)
2026-02-07T10:13:52.321+05:30 DEBUG 3324 --- [pool-4-thread-8] org.hibernate.SQL                        : 
    insert 
    into
        idempotency_key
        (created_at, idempotency_key, operation, id) 
    values
        (?, ?, ?, default)
Hibernate: 
    insert 
    into
        idempotency_key
        (created_at, idempotency_key, operation, id) 
    values
        (?, ?, ?, default)
2026-02-07T10:13:52.327+05:30 DEBUG 3324 --- [pool-4-thread-8] org.hibernate.SQL                        : 
    update
        wallet 
    set
        balance=?,
        updated_at=?,
        version=? 
    where
        asset=? 
        and user_id=? 
        and version=?
Hibernate: 
    update
        wallet 
    set
        balance=?,
        updated_at=?,
        version=? 
    where
        asset=? 
        and user_id=? 
        and version=?
2026-02-07T10:13:52.335+05:30 DEBUG 3324 --- [pool-4-thread-7] org.hibernate.SQL                        : 
    update
        wallet 
    set
        balance=?,
        updated_at=?,
        version=? 
    where
        asset=? 
        and user_id=? 
        and version=?
Hibernate: 
    update
        wallet 
    set
        balance=?,
        updated_at=?,
        version=? 
    where
        asset=? 
        and user_id=? 
        and version=?
2026-02-07T10:13:52.339+05:30 DEBUG 3324 --- [pool-4-thread-7] org.hibernate.SQL                        : 
    select
        w1_0.asset,
        w1_0.user_id,
        w1_0.balance,
        w1_0.created_at,
        w1_0.updated_at,
        w1_0.version 
    from
        wallet w1_0 
    where
        w1_0.user_id=? 
        and w1_0.asset=? for update
Hibernate: 
    select
        w1_0.asset,
        w1_0.user_id,
        w1_0.balance,
        w1_0.created_at,
        w1_0.updated_at,
        w1_0.version 
    from
        wallet w1_0 
    where
        w1_0.user_id=? 
        and w1_0.asset=? for update
2026-02-07T10:13:52.343+05:30 DEBUG 3324 --- [pool-4-thread-7] org.hibernate.SQL                        : 
    insert 
    into
        ledger_entry
        (amount, asset, created_at, credit_user, debit_user, idempotency_key, reference, id) 
    values
        (?, ?, ?, ?, ?, ?, ?, default)
Hibernate: 
    insert 
    into
        ledger_entry
        (amount, asset, created_at, credit_user, debit_user, idempotency_key, reference, id) 
    values
        (?, ?, ?, ?, ?, ?, ?, default)
2026-02-07T10:13:52.347+05:30 DEBUG 3324 --- [pool-4-thread-7] org.hibernate.SQL                        : 
    insert 
    into
        idempotency_key
        (created_at, idempotency_key, operation, id) 
    values
        (?, ?, ?, default)
Hibernate: 
    insert 
    into
        idempotency_key
        (created_at, idempotency_key, operation, id) 
    values
        (?, ?, ?, default)
2026-02-07T10:13:52.350+05:30 DEBUG 3324 --- [pool-4-thread-7] org.hibernate.SQL                        : 
    update
        wallet 
    set
        balance=?,
        updated_at=?,
        version=? 
    where
        asset=? 
        and user_id=? 
        and version=?
Hibernate: 
    update
        wallet 
    set
        balance=?,
        updated_at=?,
        version=? 
    where
        asset=? 
        and user_id=? 
        and version=?
2026-02-07T10:13:52.358+05:30 DEBUG 3324 --- [pool-4-thread-9] org.hibernate.SQL                        : 
    update
        wallet 
    set
        balance=?,
        updated_at=?,
        version=? 
    where
        asset=? 
        and user_id=? 
        and version=?
Hibernate: 
    update
        wallet 
    set
        balance=?,
        updated_at=?,
        version=? 
    where
        asset=? 
        and user_id=? 
        and version=?
2026-02-07T10:13:52.360+05:30 DEBUG 3324 --- [pool-4-thread-9] org.hibernate.SQL                        : 
    select
        w1_0.asset,
        w1_0.user_id,
        w1_0.balance,
        w1_0.created_at,
        w1_0.updated_at,
        w1_0.version 
    from
        wallet w1_0 
    where
        w1_0.user_id=? 
        and w1_0.asset=? for update
Hibernate: 
    select
        w1_0.asset,
        w1_0.user_id,
        w1_0.balance,
        w1_0.created_at,
        w1_0.updated_at,
        w1_0.version 
    from
        wallet w1_0 
    where
        w1_0.user_id=? 
        and w1_0.asset=? for update
2026-02-07T10:13:52.366+05:30 DEBUG 3324 --- [pool-4-thread-9] org.hibernate.SQL                        : 
    insert 
    into
        ledger_entry
        (amount, asset, created_at, credit_user, debit_user, idempotency_key, reference, id) 
    values
        (?, ?, ?, ?, ?, ?, ?, default)
Hibernate: 
    insert 
    into
        ledger_entry
        (amount, asset, created_at, credit_user, debit_user, idempotency_key, reference, id) 
    values
        (?, ?, ?, ?, ?, ?, ?, default)
2026-02-07T10:13:52.370+05:30 DEBUG 3324 --- [pool-4-thread-9] org.hibernate.SQL                        : 
    insert 
    into
        idempotency_key
        (created_at, idempotency_key, operation, id) 
    values
        (?, ?, ?, default)
Hibernate: 
    insert 
    into
        idempotency_key
        (created_at, idempotency_key, operation, id) 
    values
        (?, ?, ?, default)
2026-02-07T10:13:52.373+05:30 DEBUG 3324 --- [pool-4-thread-9] org.hibernate.SQL                        : 
    update
        wallet 
    set
        balance=?,
        updated_at=?,
        version=? 
    where
        asset=? 
        and user_id=? 
        and version=?
Hibernate: 
    update
        wallet 
    set
        balance=?,
        updated_at=?,
        version=? 
    where
        asset=? 
        and user_id=? 
        and version=?
2026-02-07T10:13:52.380+05:30 DEBUG 3324 --- [pool-4-thread-1] org.hibernate.SQL                        : 
    update
        wallet 
    set
        balance=?,
        updated_at=?,
        version=? 
    where
        asset=? 
        and user_id=? 
        and version=?
Hibernate: 
    update
        wallet 
    set
        balance=?,
        updated_at=?,
        version=? 
    where
        asset=? 
        and user_id=? 
        and version=?
2026-02-07T10:13:52.383+05:30 DEBUG 3324 --- [pool-4-thread-1] org.hibernate.SQL                        : 
    select
        w1_0.asset,
        w1_0.user_id,
        w1_0.balance,
        w1_0.created_at,
        w1_0.updated_at,
        w1_0.version 
    from
        wallet w1_0 
    where
        w1_0.user_id=? 
        and w1_0.asset=? for update
Hibernate: 
    select
        w1_0.asset,
        w1_0.user_id,
        w1_0.balance,
        w1_0.created_at,
        w1_0.updated_at,
        w1_0.version 
    from
        wallet w1_0 
    where
        w1_0.user_id=? 
        and w1_0.asset=? for update
2026-02-07T10:13:52.392+05:30 DEBUG 3324 --- [pool-4-thread-1] org.hibernate.SQL                        : 
    insert 
    into
        ledger_entry
        (amount, asset, created_at, credit_user, debit_user, idempotency_key, reference, id) 
    values
        (?, ?, ?, ?, ?, ?, ?, default)
Hibernate: 
    insert 
    into
        ledger_entry
        (amount, asset, created_at, credit_user, debit_user, idempotency_key, reference, id) 
    values
        (?, ?, ?, ?, ?, ?, ?, default)
2026-02-07T10:13:52.396+05:30 DEBUG 3324 --- [pool-4-thread-1] org.hibernate.SQL                        : 
    insert 
    into
        idempotency_key
        (created_at, idempotency_key, operation, id) 
    values
        (?, ?, ?, default)
Hibernate: 
    insert 
    into
        idempotency_key
        (created_at, idempotency_key, operation, id) 
    values
        (?, ?, ?, default)
2026-02-07T10:13:52.402+05:30 DEBUG 3324 --- [pool-4-thread-1] org.hibernate.SQL                        : 
    update
        wallet 
    set
        balance=?,
[...]
    insert 
    into
        wallet
        (balance, created_at, updated_at, version, asset, user_id) 
    values
        (?, ?, ?, ?, ?, ?)
Hibernate: 
    insert 
    into
        wallet
        (balance, created_at, updated_at, version, asset, user_id) 
    values
        (?, ?, ?, ?, ?, ?)
2026-02-07T10:13:54.364+05:30 DEBUG 3324 --- [           main] org.hibernate.SQL                        : 
    select
        ik1_0.id 
    from
        idempotency_key ik1_0 
    where
        ik1_0.idempotency_key=? 
        and ik1_0.operation=? 
    fetch
        first ? rows only
Hibernate: 
    select
        ik1_0.id 
    from
        idempotency_key ik1_0 
    where
        ik1_0.idempotency_key=? 
        and ik1_0.operation=? 
    fetch
        first ? rows only
2026-02-07T10:13:54.371+05:30 DEBUG 3324 --- [           main] org.hibernate.SQL                        : 
    select
        a1_0.code,
        a1_0.limited_supply 
    from
        asset a1_0 
    where
        a1_0.code=?
Hibernate: 
    select
        a1_0.code,
        a1_0.limited_supply 
    from
        asset a1_0 
    where
        a1_0.code=?
2026-02-07T10:13:54.378+05:30 DEBUG 3324 --- [           main] org.hibernate.SQL                        : 
    select
        w1_0.asset,
        w1_0.user_id,
        w1_0.balance,
        w1_0.created_at,
        w1_0.updated_at,
        w1_0.version 
    from
        wallet w1_0 
    where
        w1_0.user_id=? 
        and w1_0.asset=? for update
Hibernate: 
    select
        w1_0.asset,
        w1_0.user_id,
        w1_0.balance,
        w1_0.created_at,
        w1_0.updated_at,
        w1_0.version 
    from
        wallet w1_0 
    where
        w1_0.user_id=? 
        and w1_0.asset=? for update
2026-02-07T10:13:54.387+05:30 DEBUG 3324 --- [           main] org.hibernate.SQL                        : 
    update
        wallet 
    set
        balance=?,
        updated_at=?,
        version=? 
    where
        asset=? 
        and user_id=? 
        and version=?
Hibernate: 
    update
        wallet 
    set
        balance=?,
        updated_at=?,
        version=? 
    where
        asset=? 
        and user_id=? 
        and version=?
2026-02-07T10:13:54.392+05:30 DEBUG 3324 --- [           main] org.hibernate.SQL                        : 
    select
        w1_0.asset,
        w1_0.user_id,
        w1_0.balance,
        w1_0.created_at,
        w1_0.updated_at,
        w1_0.version 
    from
        wallet w1_0 
    where
        w1_0.user_id=? 
        and w1_0.asset=? for update
Hibernate: 
    select
        w1_0.asset,
        w1_0.user_id,
        w1_0.balance,
        w1_0.created_at,
        w1_0.updated_at,
        w1_0.version 
    from
        wallet w1_0 
    where
        w1_0.user_id=? 
        and w1_0.asset=? for update
2026-02-07T10:13:54.401+05:30 DEBUG 3324 --- [           main] org.hibernate.SQL                        : 
    insert 
    into
        ledger_entry
        (amount, asset, created_at, credit_user, debit_user, idempotency_key, reference, id) 
    values
        (?, ?, ?, ?, ?, ?, ?, default)
Hibernate: 
    insert 
    into
        ledger_entry
        (amount, asset, created_at, credit_user, debit_user, idempotency_key, reference, id) 
    values
        (?, ?, ?, ?, ?, ?, ?, default)
2026-02-07T10:13:54.411+05:30 DEBUG 3324 --- [           main] org.hibernate.SQL                        : 
    insert 
    into
        idempotency_key
        (created_at, idempotency_key, operation, id) 
    values
        (?, ?, ?, default)
Hibernate: 
    insert 
    into
        idempotency_key
        (created_at, idempotency_key, operation, id) 
    values
        (?, ?, ?, default)
2026-02-07T10:13:54.423+05:30 DEBUG 3324 --- [           main] org.hibernate.SQL                        : 
    update
        wallet 
    set
        balance=?,
        updated_at=?,
        version=? 
    where
        asset=? 
        and user_id=? 
        and version=?
Hibernate: 
    update
        wallet 
    set
        balance=?,
        updated_at=?,
        version=? 
    where
        asset=? 
        and user_id=? 
        and version=?
2026-02-07T10:13:54.436+05:30 DEBUG 3324 --- [           main] org.hibernate.SQL                        : 
    select
        ik1_0.id 
    from
        idempotency_key ik1_0 
    where
        ik1_0.idempotency_key=? 
        and ik1_0.operation=? 
    fetch
        first ? rows only
Hibernate: 
    select
        ik1_0.id 
    from
        idempotency_key ik1_0 
    where
        ik1_0.idempotency_key=? 
        and ik1_0.operation=? 
    fetch
        first ? rows only
2026-02-07T10:13:54.443+05:30 DEBUG 3324 --- [           main] org.hibernate.SQL                        : 
    select
        a1_0.code,
        a1_0.limited_supply 
    from
        asset a1_0 
    where
        a1_0.code=?
Hibernate: 
    select
        a1_0.code,
        a1_0.limited_supply 
    from
        asset a1_0 
    where
        a1_0.code=?
2026-02-07T10:13:54.449+05:30 DEBUG 3324 --- [           main] org.hibernate.SQL                        : 
    select
        w1_0.asset,
        w1_0.user_id,
        w1_0.balance,
        w1_0.created_at,
        w1_0.updated_at,
        w1_0.version 
    from
        wallet w1_0 
    where
        w1_0.user_id=? 
        and w1_0.asset=? for update
Hibernate: 
    select
        w1_0.asset,
        w1_0.user_id,
        w1_0.balance,
        w1_0.created_at,
        w1_0.updated_at,
        w1_0.version 
    from
        wallet w1_0 
    where
        w1_0.user_id=? 
        and w1_0.asset=? for update
2026-02-07T10:13:54.458+05:30 DEBUG 3324 --- [           main] org.hibernate.SQL                        : 
    update
        wallet 
    set
        balance=?,
        updated_at=?,
        version=? 
    where
        asset=? 
        and user_id=? 
        and version=?
Hibernate: 
    update
        wallet 
    set
        balance=?,
        updated_at=?,
        version=? 
    where
        asset=? 
        and user_id=? 
        and version=?
2026-02-07T10:13:54.463+05:30 DEBUG 3324 --- [           main] org.hibernate.SQL                        : 
    select
        w1_0.asset,
        w1_0.user_id,
        w1_0.balance,
        w1_0.created_at,
        w1_0.updated_at,
        w1_0.version 
    from
        wallet w1_0 
    where
        w1_0.user_id=? 
        and w1_0.asset=? for update
Hibernate: 
    select
        w1_0.asset,
        w1_0.user_id,
        w1_0.balance,
        w1_0.created_at,
        w1_0.updated_at,
        w1_0.version 
    from
        wallet w1_0 
    where
        w1_0.user_id=? 
        and w1_0.asset=? for update
2026-02-07T10:13:54.468+05:30 DEBUG 3324 --- [           main] org.hibernate.SQL                        : 
    insert 
    into
        ledger_entry
        (amount, asset, created_at, credit_user, debit_user, idempotency_key, reference, id) 
    values
        (?, ?, ?, ?, ?, ?, ?, default)
Hibernate: 
    insert 
    into
        ledger_entry
        (amount, asset, created_at, credit_user, debit_user, idempotency_key, reference, id) 
    values
        (?, ?, ?, ?, ?, ?, ?, default)
2026-02-07T10:13:54.478+05:30 DEBUG 3324 --- [           main] org.hibernate.SQL                        : 
    insert 
    into
        idempotency_key
        (created_at, idempotency_key, operation, id) 
    values
        (?, ?, ?, default)
Hibernate: 
    insert 
    into
        idempotency_key
        (created_at, idempotency_key, operation, id) 
    values
        (?, ?, ?, default)
2026-02-07T10:13:54.486+05:30 DEBUG 3324 --- [           main] org.hibernate.SQL                        : 
    update
        wallet 
    set
        balance=?,
        updated_at=?,
        version=? 
    where
        asset=? 
        and user_id=? 
        and version=?
Hibernate: 
    update
        wallet 
    set
        balance=?,
        updated_at=?,
        version=? 
    where
        asset=? 
        and user_id=? 
        and version=?
2026-02-07T10:13:54.503+05:30 DEBUG 3324 --- [           main] org.hibernate.SQL                        : 
    select
        ik1_0.id 
    from
        idempotency_key ik1_0 
    where
        ik1_0.idempotency_key=? 
        and ik1_0.operation=? 
    fetch
        first ? rows only
Hibernate: 
    select
        ik1_0.id 
    from
        idempotency_key ik1_0 
    where
        ik1_0.idempotency_key=? 
        and ik1_0.operation=? 
    fetch
        first ? rows only
2026-02-07T10:13:54.511+05:30 DEBUG 3324 --- [           main] org.hibernate.SQL                        : 
    select
        w1_0.asset,
        w1_0.user_id,
        w1_0.balance,
        w1_0.created_at,
        w1_0.updated_at,
        w1_0.version 
    from
        wallet w1_0 
    where
        w1_0.user_id=? 
        and w1_0.asset=? for update
Hibernate: 
    select
        w1_0.asset,
        w1_0.user_id,
        w1_0.balance,
        w1_0.created_at,
        w1_0.updated_at,
        w1_0.version 
    from
        wallet w1_0 
    where
        w1_0.user_id=? 
        and w1_0.asset=? for update
2026-02-07T10:13:54.519+05:30 DEBUG 3324 --- [           main] org.hibernate.SQL                        : 
    select
        a1_0.code,
        a1_0.limited_supply 
    from
        asset a1_0 
    where
        a1_0.code=?
Hibernate: 
    select
        a1_0.code,
        a1_0.limited_supply 
    from
        asset a1_0 
    where
        a1_0.code=?
2026-02-07T10:13:54.530+05:30 DEBUG 3324 --- [           main] org.hibernate.SQL                        : 
    update
        wallet 
    set
        balance=?,
        updated_at=?,
        version=? 
    where
        asset=? 
        and user_id=? 
        and version=?
Hibernate: 
    update
        wallet 
    set
        balance=?,
        updated_at=?,
        version=? 
    where
        asset=? 
        and user_id=? 
        and version=?
2026-02-07T10:13:54.533+05:30 DEBUG 3324 --- [           main] org.hibernate.SQL                        : 
    select
        w1_0.asset,
        w1_0.user_id,
        w1_0.balance,
        w1_0.created_at,
        w1_0.updated_at,
        w1_0.version 
    from
        wallet w1_0 
    where
        w1_0.user_id=? 
        and w1_0.asset=? for update
Hibernate: 
    select
        w1_0.asset,
        w1_0.user_id,
        w1_0.balance,
        w1_0.created_at,
        w1_0.updated_at,
        w1_0.version 
    from
        wallet w1_0 
    where
        w1_0.user_id=? 
        and w1_0.asset=? for update
2026-02-07T10:13:54.547+05:30 DEBUG 3324 --- [           main] org.hibernate.SQL                        : 
    insert 
    into
        ledger_entry
        (amount, asset, created_at, credit_user, debit_user, idempotency_key, reference, id) 
    values
        (?, ?, ?, ?, ?, ?, ?, default)
Hibernate: 
    insert 
    into
        ledger_entry
        (amount, asset, created_at, credit_user, debit_user, idempotency_key, reference, id) 
    values
        (?, ?, ?, ?, ?, ?, ?, default)
2026-02-07T10:13:54.554+05:30 DEBUG 3324 --- [           main] org.hibernate.SQL                        : 
    insert 
    into
        idempotency_key
        (created_at, idempotency_key, operation, id) 
    values
        (?, ?, ?, default)
Hibernate: 
    insert 
    into
        idempotency_key
        (created_at, idempotency_key, operation, id) 
    values
        (?, ?, ?, default)
2026-02-07T10:13:54.562+05:30 DEBUG 3324 --- [           main] org.hibernate.SQL                        : 
    update
        wallet 
    set
        balance=?,
        updated_at=?,
        version=? 
    where
        asset=? 
        and user_id=? 
        and version=?
Hibernate: 
    update
        wallet 
    set
        balance=?,
        updated_at=?,
        version=? 
    where
        asset=? 
        and user_id=? 
        and version=?
2026-02-07T10:13:54.579+05:30 DEBUG 3324 --- [           main] org.hibernate.SQL                        : 
    select
        count(*) 
    from
        ledger_entry le1_0
Hibernate: 
    select
        count(*) 
    from
        ledger_entry le1_0
]]></system-out>
  </testcase>
  <testcase name="testSpendMoreThanBalance" classname="WalletService Integration Tests" time="0.248">
    <system-out><![CDATA[2026-02-07T10:13:54.637+05:30 DEBUG 3324 --- [           main] org.hibernate.SQL                        : 
    select
        ik1_0.id,
        ik1_0.created_at,
        ik1_0.idempotency_key,
        ik1_0.operation 
    from
        idempotency_key ik1_0
Hibernate: 
    select
        ik1_0.id,
        ik1_0.created_at,
        ik1_0.idempotency_key,
        ik1_0.operation 
    from
        idempotency_key ik1_0
2026-02-07T10:13:54.648+05:30 DEBUG 3324 --- [           main] org.hibernate.SQL                        : 
    delete 
    from
        idempotency_key 
    where
        id=?
Hibernate: 
    delete 
    from
        idempotency_key 
    where
        id=?
2026-02-07T10:13:54.650+05:30 DEBUG 3324 --- [           main] org.hibernate.SQL                        : 
    delete 
    from
        idempotency_key 
    where
        id=?
Hibernate: 
    delete 
    from
        idempotency_key 
    where
        id=?
2026-02-07T10:13:54.654+05:30 DEBUG 3324 --- [           main] org.hibernate.SQL                        : 
    delete 
    from
        idempotency_key 
    where
        id=?
Hibernate: 
    delete 
    from
        idempotency_key 
    where
        id=?
2026-02-07T10:13:54.671+05:30 DEBUG 3324 --- [           main] org.hibernate.SQL                        : 
    select
        le1_0.id,
        le1_0.amount,
        le1_0.asset,
        le1_0.created_at,
        le1_0.credit_user,
        le1_0.debit_user,
        le1_0.idempotency_key,
        le1_0.reference 
    from
        ledger_entry le1_0
Hibernate: 
    select
        le1_0.id,
        le1_0.amount,
        le1_0.asset,
        le1_0.created_at,
        le1_0.credit_user,
        le1_0.debit_user,
        le1_0.idempotency_key,
        le1_0.reference 
    from
        ledger_entry le1_0
2026-02-07T10:13:54.683+05:30 DEBUG 3324 --- [           main] org.hibernate.SQL                        : 
    delete 
    from
        ledger_entry 
    where
        id=?
Hibernate: 
    delete 
    from
        ledger_entry 
    where
        id=?
2026-02-07T10:13:54.686+05:30 DEBUG 3324 --- [           main] org.hibernate.SQL                        : 
    delete 
    from
        ledger_entry 
    where
        id=?
Hibernate: 
    delete 
    from
        ledger_entry 
    where
        id=?
2026-02-07T10:13:54.688+05:30 DEBUG 3324 --- [           main] org.hibernate.SQL                        : 
    delete 
    from
        ledger_entry 
    where
        id=?
Hibernate: 
    delete 
    from
        ledger_entry 
    where
        id=?
2026-02-07T10:13:54.700+05:30 DEBUG 3324 --- [           main] org.hibernate.SQL                        : 
    select
        w1_0.asset,
        w1_0.user_id,
        w1_0.balance,
        w1_0.created_at,
        w1_0.updated_at,
        w1_0.version 
    from
        wallet w1_0
Hibernate: 
    select
        w1_0.asset,
        w1_0.user_id,
        w1_0.balance,
        w1_0.created_at,
        w1_0.updated_at,
        w1_0.version 
    from
        wallet w1_0
2026-02-07T10:13:54.715+05:30 DEBUG 3324 --- [           main] org.hibernate.SQL                        : 
    delete 
    from
        wallet 
    where
        asset=? 
        and user_id=? 
        and version=?
Hibernate: 
    delete 
    from
        wallet 
    where
        asset=? 
        and user_id=? 
        and version=?
2026-02-07T10:13:54.718+05:30 DEBUG 3324 --- [           main] org.hibernate.SQL                        : 
    delete 
    from
        wallet 
    where
        asset=? 
        and user_id=? 
        and version=?
Hibernate: 
    delete 
    from
        wallet 
    where
        asset=? 
        and user_id=? 
        and version=?
2026-02-07T10:13:54.733+05:30 DEBUG 3324 --- [           main] org.hibernate.SQL                        : 
    select
        a1_0.code,
        a1_0.limited_supply 
    from
        asset a1_0
Hibernate: 
    select
        a1_0.code,
        a1_0.limited_supply 
    from
        asset a1_0
2026-02-07T10:13:54.746+05:30 DEBUG 3324 --- [           main] org.hibernate.SQL                        : 
    delete 
    from
        asset 
    where
        code=?
Hibernate: 
    delete 
    from
        asset 
    where
        code=?
2026-02-07T10:13:54.750+05:30 DEBUG 3324 --- [           main] org.hibernate.SQL                        : 
    delete 
    from
        asset 
    where
        code=?
Hibernate: 
    delete 
    from
        asset 
    where
        code=?
2026-02-07T10:13:54.754+05:30 DEBUG 3324 --- [           main] org.hibernate.SQL                        : 
    select
        a1_0.code,
        a1_0.limited_supply 
    from
        asset a1_0 
    where
        a1_0.code=?
Hibernate: 
    select
        a1_0.code,
        a1_0.limited_supply 
    from
        asset a1_0 
    where
        a1_0.code=?
2026-02-07T10:13:54.762+05:30 DEBUG 3324 --- [           main] org.hibernate.SQL                        : 
    insert 
    into
        asset
        (limited_supply, code) 
    values
        (?, ?)
Hibernate: 
    insert 
    into
        asset
        (limited_supply, code) 
    values
        (?, ?)
2026-02-07T10:13:54.766+05:30 DEBUG 3324 --- [           main] org.hibernate.SQL                        : 
    select
        a1_0.code,
        a1_0.limited_supply 
    from
        asset a1_0 
    where
        a1_0.code=?
Hibernate: 
    select
        a1_0.code,
        a1_0.limited_supply 
    from
        asset a1_0 
    where
        a1_0.code=?
2026-02-07T10:13:54.774+05:30 DEBUG 3324 --- [           main] org.hibernate.SQL                        : 
    insert 
    into
        asset
        (limited_supply, code) 
    values
        (?, ?)
Hibernate: 
    insert 
    into
        asset
        (limited_supply, code) 
    values
        (?, ?)
2026-02-07T10:13:54.780+05:30 DEBUG 3324 --- [           main] org.hibernate.SQL                        : 
    insert 
    into
        wallet
        (balance, created_at, updated_at, version, asset, user_id) 
    values
        (?, ?, ?, ?, ?, ?)
Hibernate: 
    insert 
    into
        wallet
        (balance, created_at, updated_at, version, asset, user_id) 
    values
        (?, ?, ?, ?, ?, ?)
2026-02-07T10:13:54.788+05:30 DEBUG 3324 --- [           main] org.hibernate.SQL                        : 
    insert 
    into
        wallet
        (balance, created_at, updated_at, version, asset, user_id) 
    values
        (?, ?, ?, ?, ?, ?)
Hibernate: 
    insert 
    into
        wallet
        (balance, created_at, updated_at, version, asset, user_id) 
    values
        (?, ?, ?, ?, ?, ?)
2026-02-07T10:13:54.804+05:30 DEBUG 3324 --- [           main] org.hibernate.SQL                        : 
    select
        ik1_0.id 
    from
        idempotency_key ik1_0 
    where
        ik1_0.idempotency_key=? 
        and ik1_0.operation=? 
    fetch
        first ? rows only
Hibernate: 
    select
        ik1_0.id 
    from
        idempotency_key ik1_0 
    where
        ik1_0.idempotency_key=? 
        and ik1_0.operation=? 
    fetch
        first ? rows only
2026-02-07T10:13:54.813+05:30 DEBUG 3324 --- [           main] org.hibernate.SQL                        : 
    select
        w1_0.asset,
        w1_0.user_id,
        w1_0.balance,
        w1_0.created_at,
        w1_0.updated_at,
        w1_0.version 
    from
        wallet w1_0 
    where
        w1_0.user_id=? 
        and w1_0.asset=? for update
Hibernate: 
    select
        w1_0.asset,
        w1_0.user_id,
        w1_0.balance,
        w1_0.created_at,
        w1_0.updated_at,
        w1_0.version 
    from
        wallet w1_0 
    where
        w1_0.user_id=? 
        and w1_0.asset=? for update
]]></system-out>
  </testcase>
</testsuite>